2025-05-09 05:57:29.254 +07:00 [DBG] [AppLoader] Starting Application...
2025-05-09 05:57:31.256 +07:00 [DBG] [AppLoader] Configuring Services Application...
2025-05-09 05:57:32.101 +07:00 [DBG] [AppLoader] Configuring Application...
2025-05-09 05:57:32.361 +07:00 [DBG] [AppLoader] Starting Modules Application...
2025-05-09 05:57:32.363 +07:00 [DBG] [AppLoader] Started Application...
2025-05-09 06:00:34.961 +07:00 [DBG] [AppLoader] Starting Application...
2025-05-09 06:00:36.635 +07:00 [DBG] [AppLoader] Configuring Services Application...
2025-05-09 06:00:39.315 +07:00 [DBG] [AppLoader] Configuring Application...
2025-05-09 06:00:40.140 +07:00 [DBG] [AppLoader] Starting Modules Application...
2025-05-09 06:00:40.142 +07:00 [DBG] [AppLoader] Started Application...
2025-05-09 06:06:42.177 +07:00 [DBG] [AppLoader] Starting Application...
2025-05-09 06:06:43.759 +07:00 [DBG] [AppLoader] Configuring Services Application...
2025-05-09 06:06:44.586 +07:00 [DBG] [AppLoader] Configuring Application...
2025-05-09 06:06:44.758 +07:00 [DBG] [AppLoader] Starting Modules Application...
2025-05-09 06:06:44.759 +07:00 [DBG] [AppLoader] Started Application...
2025-05-09 06:15:13.451 +07:00 [DBG] [AppLoader] Starting Application...
2025-05-09 06:15:14.741 +07:00 [DBG] [AppLoader] Configuring Services Application...
2025-05-09 06:15:15.567 +07:00 [DBG] [AppLoader] Configuring Application...
2025-05-09 06:15:15.817 +07:00 [DBG] [AppLoader] Starting Modules Application...
2025-05-09 06:15:15.819 +07:00 [DBG] [AppLoader] Started Application...
2025-05-09 06:27:35.996 +07:00 [DBG] [AppLoader] Starting Application...
2025-05-09 06:27:37.801 +07:00 [DBG] [AppLoader] Configuring Services Application...
2025-05-09 06:27:38.590 +07:00 [DBG] [AppLoader] Configuring Application...
2025-05-09 06:27:38.806 +07:00 [DBG] [AppLoader] Starting Modules Application...
2025-05-09 06:27:38.808 +07:00 [DBG] [AppLoader] Started Application...
2025-05-09 06:32:01.379 +07:00 [DBG] [AppLoader] Starting Application...
2025-05-09 06:32:02.947 +07:00 [DBG] [AppLoader] Configuring Services Application...
2025-05-09 06:32:03.913 +07:00 [DBG] [AppLoader] Configuring Application...
2025-05-09 06:32:04.144 +07:00 [DBG] [AppLoader] Starting Modules Application...
2025-05-09 06:32:04.146 +07:00 [DBG] [AppLoader] Started Application...
2025-05-09 09:09:57.382 +07:00 [DBG] [AppLoader] Starting Application...
2025-05-09 09:09:58.817 +07:00 [DBG] [AppLoader] Configuring Services Application...
2025-05-09 09:09:59.561 +07:00 [DBG] [AppLoader] Configuring Application...
2025-05-09 09:09:59.771 +07:00 [DBG] [AppLoader] Starting Modules Application...
2025-05-09 09:09:59.773 +07:00 [DBG] [AppLoader] Started Application...
2025-05-09 09:10:09.351 +07:00 [ERR] An unhandled exception has occurred while executing the request.
System.ArgumentNullException: Value cannot be null. (Parameter '/Views/Partial/CMenu/Home.cshtml không tìm thấy.')
   at VSW.Website.DataBase.Services.ViewRenderService.PartialAsync(String viewPath, Object model, ViewDataDictionary viewData) in C:\Users\ADMIN\OneDrive\Desktop\Obibi\VSW.Website\DataBase\Services\ViewRenderService.cs:line 51
   at VSW.Website.TagHelpers.Component.MenuTagHelper.ProcessAsync(TagHelperContext context, TagHelperOutput output) in C:\Users\ADMIN\OneDrive\Desktop\Obibi\VSW.Website\TagHelpers\Component\MenuTagHelper.cs:line 61
   at Microsoft.AspNetCore.Razor.Runtime.TagHelpers.TagHelperRunner.<RunAsync>g__Awaited|0_0(Task task, TagHelperExecutionContext executionContext, Int32 i, Int32 count)
   at AspNetCoreGeneratedDocument.Views_Shared_DefaultMarster.<ExecuteAsync>b__61_1() in C:\Users\ADMIN\OneDrive\Desktop\Obibi\VSW.Website\Views\Shared\DefaultMarster.cshtml:line 0
   at Microsoft.AspNetCore.Razor.Runtime.TagHelpers.TagHelperExecutionContext.SetOutputContentAsync()
   at AspNetCoreGeneratedDocument.Views_Shared_DefaultMarster.ExecuteAsync()
   at Microsoft.AspNetCore.Mvc.Razor.RazorView.RenderPageCoreAsync(IRazorPage page, ViewContext context)
   at Microsoft.AspNetCore.Mvc.Razor.RazorView.RenderPageAsync(IRazorPage page, ViewContext context, Boolean invokeViewStarts)
   at Microsoft.AspNetCore.Mvc.Razor.RazorView.RenderLayoutAsync(ViewContext context, ViewBufferTextWriter bodyWriter)
   at Microsoft.AspNetCore.Mvc.Razor.RazorView.RenderAsync(ViewContext context)
   at Microsoft.AspNetCore.Mvc.ViewFeatures.ViewExecutor.ExecuteAsync(ViewContext viewContext, String contentType, Nullable`1 statusCode)
   at Microsoft.AspNetCore.Mvc.ViewFeatures.ViewExecutor.ExecuteAsync(ViewContext viewContext, String contentType, Nullable`1 statusCode)
   at Microsoft.AspNetCore.Mvc.ViewFeatures.ViewExecutor.ExecuteAsync(ActionContext actionContext, IView view, ViewDataDictionary viewData, ITempDataDictionary tempData, String contentType, Nullable`1 statusCode)
   at Microsoft.AspNetCore.Mvc.ViewFeatures.ViewResultExecutor.ExecuteAsync(ActionContext context, ViewResult result)
   at Microsoft.AspNetCore.Mvc.ViewResult.ExecuteResultAsync(ActionContext context)
   at Microsoft.AspNetCore.Mvc.Infrastructure.ResourceInvoker.<InvokeNextResultFilterAsync>g__Awaited|30_0[TFilter,TFilterAsync](ResourceInvoker invoker, Task lastTask, State next, Scope scope, Object state, Boolean isCompleted)
   at Microsoft.AspNetCore.Mvc.Infrastructure.ResourceInvoker.Rethrow(ResultExecutedContextSealed context)
   at Microsoft.AspNetCore.Mvc.Infrastructure.ResourceInvoker.ResultNext[TFilter,TFilterAsync](State& next, Scope& scope, Object& state, Boolean& isCompleted)
   at Microsoft.AspNetCore.Mvc.Infrastructure.ResourceInvoker.<InvokeResultFilters>g__Awaited|28_0(ResourceInvoker invoker, Task lastTask, State next, Scope scope, Object state, Boolean isCompleted)
   at Microsoft.AspNetCore.Mvc.Infrastructure.ResourceInvoker.<InvokeNextResourceFilter>g__Awaited|25_0(ResourceInvoker invoker, Task lastTask, State next, Scope scope, Object state, Boolean isCompleted)
   at Microsoft.AspNetCore.Mvc.Infrastructure.ResourceInvoker.Rethrow(ResourceExecutedContextSealed context)
   at Microsoft.AspNetCore.Mvc.Infrastructure.ResourceInvoker.Next(State& next, Scope& scope, Object& state, Boolean& isCompleted)
   at Microsoft.AspNetCore.Mvc.Infrastructure.ResourceInvoker.<InvokeFilterPipelineAsync>g__Awaited|20_0(ResourceInvoker invoker, Task lastTask, State next, Scope scope, Object state, Boolean isCompleted)
   at Microsoft.AspNetCore.Mvc.Infrastructure.ResourceInvoker.<InvokeAsync>g__Awaited|17_0(ResourceInvoker invoker, Task task, IDisposable scope)
   at Microsoft.AspNetCore.Mvc.Infrastructure.ResourceInvoker.<InvokeAsync>g__Awaited|17_0(ResourceInvoker invoker, Task task, IDisposable scope)
   at Microsoft.AspNetCore.Routing.EndpointMiddleware.<Invoke>g__AwaitRequestTask|6_0(Endpoint endpoint, Task requestTask, ILogger logger)
   at VSW.Website.Middleware.DynamicRouteMiddleware.Invoke(HttpContext context, ISiteServiceInterface siteService, IPageServiceInterface pageService, ITemplateServiceInterface templateService) in C:\Users\ADMIN\OneDrive\Desktop\Obibi\VSW.Website\Middleware\DynamicRouteMiddleware.cs:line 90
   at Microsoft.AspNetCore.Localization.RequestLocalizationMiddleware.Invoke(HttpContext context)
   at Microsoft.AspNetCore.Session.SessionMiddleware.Invoke(HttpContext context)
   at Microsoft.AspNetCore.Session.SessionMiddleware.Invoke(HttpContext context)
   at Microsoft.AspNetCore.Diagnostics.StatusCodePagesMiddleware.Invoke(HttpContext context)
   at Microsoft.AspNetCore.Diagnostics.DeveloperExceptionPageMiddleware.Invoke(HttpContext context)
2025-05-09 09:17:17.012 +07:00 [DBG] [AppLoader] Starting Application...
2025-05-09 09:17:18.598 +07:00 [DBG] [AppLoader] Configuring Services Application...
2025-05-09 09:17:19.207 +07:00 [DBG] [AppLoader] Configuring Application...
2025-05-09 09:17:19.500 +07:00 [DBG] [AppLoader] Starting Modules Application...
2025-05-09 09:17:19.503 +07:00 [DBG] [AppLoader] Started Application...
2025-05-09 09:19:38.358 +07:00 [DBG] [AppLoader] Starting Application...
2025-05-09 09:19:39.739 +07:00 [DBG] [AppLoader] Configuring Services Application...
2025-05-09 09:19:40.113 +07:00 [DBG] [AppLoader] Configuring Application...
2025-05-09 09:19:40.257 +07:00 [DBG] [AppLoader] Starting Modules Application...
2025-05-09 09:19:40.259 +07:00 [DBG] [AppLoader] Started Application...
2025-05-09 09:19:45.286 +07:00 [DBG] [AppLoader] Starting Application...
2025-05-09 09:19:46.650 +07:00 [DBG] [AppLoader] Configuring Services Application...
2025-05-09 09:19:47.023 +07:00 [DBG] [AppLoader] Configuring Application...
2025-05-09 09:19:47.139 +07:00 [DBG] [AppLoader] Starting Modules Application...
2025-05-09 09:19:47.141 +07:00 [DBG] [AppLoader] Started Application...
2025-05-09 09:27:54.383 +07:00 [DBG] [AppLoader] Starting Application...
2025-05-09 09:27:56.166 +07:00 [DBG] [AppLoader] Configuring Services Application...
2025-05-09 09:27:58.912 +07:00 [DBG] [AppLoader] Configuring Application...
2025-05-09 09:27:59.801 +07:00 [DBG] [AppLoader] Starting Modules Application...
2025-05-09 09:27:59.802 +07:00 [DBG] [AppLoader] Started Application...
2025-05-09 09:40:45.339 +07:00 [DBG] [AppLoader] Starting Application...
2025-05-09 09:40:46.540 +07:00 [DBG] [AppLoader] Configuring Services Application...
2025-05-09 09:40:47.072 +07:00 [DBG] [AppLoader] Configuring Application...
2025-05-09 09:40:47.177 +07:00 [DBG] [AppLoader] Starting Modules Application...
2025-05-09 09:40:47.178 +07:00 [DBG] [AppLoader] Started Application...
2025-05-09 09:43:22.601 +07:00 [DBG] [AppLoader] Starting Application...
2025-05-09 09:43:23.411 +07:00 [DBG] [AppLoader] Configuring Services Application...
2025-05-09 09:43:23.669 +07:00 [DBG] [AppLoader] Configuring Application...
2025-05-09 09:43:23.756 +07:00 [DBG] [AppLoader] Starting Modules Application...
2025-05-09 09:43:23.758 +07:00 [DBG] [AppLoader] Started Application...
2025-05-09 09:44:16.258 +07:00 [DBG] [AppLoader] Starting Application...
2025-05-09 09:44:17.243 +07:00 [DBG] [AppLoader] Configuring Services Application...
2025-05-09 09:44:17.520 +07:00 [DBG] [AppLoader] Configuring Application...
2025-05-09 09:44:17.582 +07:00 [DBG] [AppLoader] Starting Modules Application...
2025-05-09 09:44:17.583 +07:00 [DBG] [AppLoader] Started Application...
2025-05-09 09:50:14.383 +07:00 [DBG] [AppLoader] Starting Application...
2025-05-09 09:50:15.885 +07:00 [DBG] [AppLoader] Configuring Services Application...
2025-05-09 09:50:16.390 +07:00 [DBG] [AppLoader] Configuring Application...
2025-05-09 09:50:16.648 +07:00 [DBG] [AppLoader] Starting Modules Application...
2025-05-09 09:50:16.650 +07:00 [DBG] [AppLoader] Started Application...
2025-05-09 09:51:06.916 +07:00 [DBG] [AppLoader] Starting Application...
2025-05-09 09:51:07.952 +07:00 [DBG] [AppLoader] Configuring Services Application...
2025-05-09 09:51:08.274 +07:00 [DBG] [AppLoader] Configuring Application...
2025-05-09 09:51:08.362 +07:00 [DBG] [AppLoader] Starting Modules Application...
2025-05-09 09:51:08.363 +07:00 [DBG] [AppLoader] Started Application...
2025-05-09 09:59:17.706 +07:00 [DBG] [AppLoader] Starting Application...
2025-05-09 09:59:19.765 +07:00 [DBG] [AppLoader] Configuring Services Application...
2025-05-09 09:59:20.401 +07:00 [DBG] [AppLoader] Configuring Application...
2025-05-09 09:59:20.668 +07:00 [DBG] [AppLoader] Starting Modules Application...
2025-05-09 09:59:20.673 +07:00 [DBG] [AppLoader] Started Application...
2025-05-09 09:59:29.031 +07:00 [DBG] [AppLoader] Starting Application...
2025-05-09 09:59:30.111 +07:00 [DBG] [AppLoader] Configuring Services Application...
2025-05-09 09:59:30.476 +07:00 [DBG] [AppLoader] Configuring Application...
2025-05-09 09:59:30.589 +07:00 [DBG] [AppLoader] Starting Modules Application...
2025-05-09 09:59:30.591 +07:00 [DBG] [AppLoader] Started Application...
2025-05-09 23:12:34.335 +07:00 [DBG] [AppLoader] Starting Application...
2025-05-09 23:12:35.964 +07:00 [DBG] [AppLoader] Configuring Services Application...
2025-05-09 23:12:39.217 +07:00 [DBG] [AppLoader] Configuring Application...
2025-05-09 23:12:40.287 +07:00 [DBG] [AppLoader] Starting Modules Application...
2025-05-09 23:12:40.289 +07:00 [DBG] [AppLoader] Started Application...
