2025-05-07 21:07:36.807 +07:00 [DBG] [AppLoader] Starting Application...
2025-05-07 21:07:38.003 +07:00 [DBG] [AppLoader] Configuring Services Application...
2025-05-07 21:07:40.505 +07:00 [DBG] [AppLoader] Configuring Application...
2025-05-07 21:07:41.595 +07:00 [DBG] [AppLoader] Starting Modules Application...
2025-05-07 21:07:41.597 +07:00 [DBG] [AppLoader] Started Application...
2025-05-07 21:07:49.989 +07:00 [ERR] An unhandled exception has occurred while executing the request.
System.InvalidOperationException: The model item passed into the ViewDataDictionary is of type 'System.Runtime.CompilerServices.AsyncTaskMethodBuilder`1+AsyncStateMachineBox`1[System.Collections.Generic.List`1[VSW.Website.DataBase.Entities.MOD_PRODUCTEntity],VSW.Core.Services.SqlCommandExecutor+<QueryAsync>d__25`1[VSW.Website.DataBase.Entities.MOD_PRODUCTEntity]]', but this ViewDataDictionary instance requires a model item of type 'System.Collections.Generic.List`1[VSW.Website.DataBase.Entities.MOD_PRODUCTEntity]'.
   at Microsoft.AspNetCore.Mvc.ViewFeatures.ViewDataDictionary.EnsureCompatible(Object value)
   at Microsoft.AspNetCore.Mvc.ViewFeatures.ViewDataDictionary..ctor(ViewDataDictionary source, Object model, Type declaredModelType)
   at lambda_method270(Closure , ViewDataDictionary )
   at Microsoft.AspNetCore.Mvc.Razor.RazorPagePropertyActivator.CreateViewDataDictionary(ViewContext context)
   at Microsoft.AspNetCore.Mvc.Razor.RazorPagePropertyActivator.Activate(Object page, ViewContext context)
   at Microsoft.AspNetCore.Mvc.Razor.RazorPageActivator.Activate(IRazorPage page, ViewContext context)
   at Microsoft.AspNetCore.Mvc.Razor.RazorView.RenderPageCoreAsync(IRazorPage page, ViewContext context)
   at Microsoft.AspNetCore.Mvc.Razor.RazorView.RenderPageAsync(IRazorPage page, ViewContext context, Boolean invokeViewStarts)
   at Microsoft.AspNetCore.Mvc.Razor.RazorView.RenderAsync(ViewContext context)
   at VSW.Website.DataBase.Services.ViewRenderService.PartialAsync(String viewPath, Object model, ViewDataDictionary viewData) in C:\Users\ADMIN\OneDrive\Desktop\Obibi\VSW.Website\DataBase\Services\ViewRenderService.cs:line 69
   at VSW.Website.TagHelpers.Component.ProductTagHelper.ProcessAsync(TagHelperContext context, TagHelperOutput output) in C:\Users\ADMIN\OneDrive\Desktop\Obibi\VSW.Website\TagHelpers\Component\ProductTagHelper.cs:line 99
   at Microsoft.AspNetCore.Razor.Runtime.TagHelpers.TagHelperRunner.<RunAsync>g__Awaited|0_0(Task task, TagHelperExecutionContext executionContext, Int32 i, Int32 count)
   at AspNetCoreGeneratedDocument.Views_Shared_DefaultMarster.<ExecuteAsync>b__55_1() in C:\Users\ADMIN\OneDrive\Desktop\Obibi\VSW.Website\Views\Shared\DefaultMarster.cshtml:line 0
   at Microsoft.AspNetCore.Razor.Runtime.TagHelpers.TagHelperExecutionContext.SetOutputContentAsync()
   at AspNetCoreGeneratedDocument.Views_Shared_DefaultMarster.ExecuteAsync()
   at Microsoft.AspNetCore.Mvc.Razor.RazorView.RenderPageCoreAsync(IRazorPage page, ViewContext context)
   at Microsoft.AspNetCore.Mvc.Razor.RazorView.RenderPageAsync(IRazorPage page, ViewContext context, Boolean invokeViewStarts)
   at Microsoft.AspNetCore.Mvc.Razor.RazorView.RenderLayoutAsync(ViewContext context, ViewBufferTextWriter bodyWriter)
   at Microsoft.AspNetCore.Mvc.Razor.RazorView.RenderAsync(ViewContext context)
   at Microsoft.AspNetCore.Mvc.ViewFeatures.ViewExecutor.ExecuteAsync(ViewContext viewContext, String contentType, Nullable`1 statusCode)
   at Microsoft.AspNetCore.Mvc.ViewFeatures.ViewExecutor.ExecuteAsync(ViewContext viewContext, String contentType, Nullable`1 statusCode)
   at Microsoft.AspNetCore.Mvc.ViewFeatures.ViewExecutor.ExecuteAsync(ActionContext actionContext, IView view, ViewDataDictionary viewData, ITempDataDictionary tempData, String contentType, Nullable`1 statusCode)
   at Microsoft.AspNetCore.Mvc.ViewFeatures.ViewResultExecutor.ExecuteAsync(ActionContext context, ViewResult result)
   at Microsoft.AspNetCore.Mvc.ViewResult.ExecuteResultAsync(ActionContext context)
   at Microsoft.AspNetCore.Mvc.Infrastructure.ResourceInvoker.<InvokeNextResultFilterAsync>g__Awaited|30_0[TFilter,TFilterAsync](ResourceInvoker invoker, Task lastTask, State next, Scope scope, Object state, Boolean isCompleted)
   at Microsoft.AspNetCore.Mvc.Infrastructure.ResourceInvoker.Rethrow(ResultExecutedContextSealed context)
   at Microsoft.AspNetCore.Mvc.Infrastructure.ResourceInvoker.ResultNext[TFilter,TFilterAsync](State& next, Scope& scope, Object& state, Boolean& isCompleted)
   at Microsoft.AspNetCore.Mvc.Infrastructure.ResourceInvoker.<InvokeResultFilters>g__Awaited|28_0(ResourceInvoker invoker, Task lastTask, State next, Scope scope, Object state, Boolean isCompleted)
   at Microsoft.AspNetCore.Mvc.Infrastructure.ResourceInvoker.<InvokeNextResourceFilter>g__Awaited|25_0(ResourceInvoker invoker, Task lastTask, State next, Scope scope, Object state, Boolean isCompleted)
   at Microsoft.AspNetCore.Mvc.Infrastructure.ResourceInvoker.Rethrow(ResourceExecutedContextSealed context)
   at Microsoft.AspNetCore.Mvc.Infrastructure.ResourceInvoker.Next(State& next, Scope& scope, Object& state, Boolean& isCompleted)
   at Microsoft.AspNetCore.Mvc.Infrastructure.ResourceInvoker.<InvokeFilterPipelineAsync>g__Awaited|20_0(ResourceInvoker invoker, Task lastTask, State next, Scope scope, Object state, Boolean isCompleted)
   at Microsoft.AspNetCore.Mvc.Infrastructure.ResourceInvoker.<InvokeAsync>g__Awaited|17_0(ResourceInvoker invoker, Task task, IDisposable scope)
   at Microsoft.AspNetCore.Mvc.Infrastructure.ResourceInvoker.<InvokeAsync>g__Awaited|17_0(ResourceInvoker invoker, Task task, IDisposable scope)
   at Microsoft.AspNetCore.Routing.EndpointMiddleware.<Invoke>g__AwaitRequestTask|6_0(Endpoint endpoint, Task requestTask, ILogger logger)
   at VSW.Website.Middleware.DynamicRouteMiddleware.Invoke(HttpContext context, ISiteServiceInterface siteService, IPageServiceInterface pageService, ITemplateServiceInterface templateService) in C:\Users\ADMIN\OneDrive\Desktop\Obibi\VSW.Website\Middleware\DynamicRouteMiddleware.cs:line 90
   at Microsoft.AspNetCore.Localization.RequestLocalizationMiddleware.Invoke(HttpContext context)
   at Microsoft.AspNetCore.Session.SessionMiddleware.Invoke(HttpContext context)
   at Microsoft.AspNetCore.Session.SessionMiddleware.Invoke(HttpContext context)
   at Microsoft.AspNetCore.Diagnostics.StatusCodePagesMiddleware.Invoke(HttpContext context)
   at Microsoft.AspNetCore.Diagnostics.DeveloperExceptionPageMiddleware.Invoke(HttpContext context)
2025-05-07 21:08:59.137 +07:00 [DBG] [AppLoader] Starting Application...
2025-05-07 21:09:00.086 +07:00 [DBG] [AppLoader] Configuring Services Application...
2025-05-07 21:09:01.482 +07:00 [DBG] [AppLoader] Configuring Application...
2025-05-07 21:09:01.766 +07:00 [DBG] [AppLoader] Starting Modules Application...
2025-05-07 21:09:01.767 +07:00 [DBG] [AppLoader] Started Application...
2025-05-07 21:34:12.185 +07:00 [DBG] [AppLoader] Starting Application...
2025-05-07 21:34:13.349 +07:00 [DBG] [AppLoader] Configuring Services Application...
2025-05-07 21:34:14.684 +07:00 [DBG] [AppLoader] Configuring Application...
2025-05-07 21:34:15.167 +07:00 [DBG] [AppLoader] Starting Modules Application...
2025-05-07 21:34:15.172 +07:00 [DBG] [AppLoader] Started Application...
2025-05-07 21:35:36.584 +07:00 [DBG] [AppLoader] Starting Application...
2025-05-07 21:35:37.387 +07:00 [DBG] [AppLoader] Configuring Services Application...
2025-05-07 21:35:38.419 +07:00 [DBG] [AppLoader] Configuring Application...
2025-05-07 21:35:38.984 +07:00 [DBG] [AppLoader] Starting Modules Application...
2025-05-07 21:35:38.987 +07:00 [DBG] [AppLoader] Started Application...
2025-05-07 21:39:08.143 +07:00 [ERR] An unhandled exception has occurred while executing the request.
System.InvalidOperationException: The model item passed into the ViewDataDictionary is of type 'System.Runtime.CompilerServices.AsyncTaskMethodBuilder`1+AsyncStateMachineBox`1[System.Collections.Generic.List`1[VSW.Website.DataBase.Entities.MOD_PRODUCTEntity],VSW.Core.Services.SqlCommandExecutor+<QueryAsync>d__25`1[VSW.Website.DataBase.Entities.MOD_PRODUCTEntity]]', but this ViewDataDictionary instance requires a model item of type 'System.Collections.Generic.List`1[VSW.Website.DataBase.Entities.MOD_PRODUCTEntity]'.
   at Microsoft.AspNetCore.Mvc.ViewFeatures.ViewDataDictionary.EnsureCompatible(Object value)
   at Microsoft.AspNetCore.Mvc.ViewFeatures.ViewDataDictionary..ctor(ViewDataDictionary source, Object model, Type declaredModelType)
   at lambda_method270(Closure , ViewDataDictionary )
   at Microsoft.AspNetCore.Mvc.Razor.RazorPagePropertyActivator.CreateViewDataDictionary(ViewContext context)
   at Microsoft.AspNetCore.Mvc.Razor.RazorPagePropertyActivator.Activate(Object page, ViewContext context)
   at Microsoft.AspNetCore.Mvc.Razor.RazorPageActivator.Activate(IRazorPage page, ViewContext context)
   at Microsoft.AspNetCore.Mvc.Razor.RazorView.RenderPageCoreAsync(IRazorPage page, ViewContext context)
   at Microsoft.AspNetCore.Mvc.Razor.RazorView.RenderPageAsync(IRazorPage page, ViewContext context, Boolean invokeViewStarts)
   at Microsoft.AspNetCore.Mvc.Razor.RazorView.RenderAsync(ViewContext context)
   at VSW.Website.DataBase.Services.ViewRenderService.PartialAsync(String viewPath, Object model, ViewDataDictionary viewData) in C:\Users\ADMIN\OneDrive\Desktop\Obibi\VSW.Website\DataBase\Services\ViewRenderService.cs:line 69
   at VSW.Website.TagHelpers.Component.ProductTagHelper.ProcessAsync(TagHelperContext context, TagHelperOutput output) in C:\Users\ADMIN\OneDrive\Desktop\Obibi\VSW.Website\TagHelpers\Component\ProductTagHelper.cs:line 98
   at Microsoft.AspNetCore.Razor.Runtime.TagHelpers.TagHelperRunner.<RunAsync>g__Awaited|0_0(Task task, TagHelperExecutionContext executionContext, Int32 i, Int32 count)
   at AspNetCoreGeneratedDocument.Views_Shared_DefaultMarster.<ExecuteAsync>b__55_1() in C:\Users\ADMIN\OneDrive\Desktop\Obibi\VSW.Website\Views\Shared\DefaultMarster.cshtml:line 0
   at Microsoft.AspNetCore.Razor.Runtime.TagHelpers.TagHelperExecutionContext.SetOutputContentAsync()
   at AspNetCoreGeneratedDocument.Views_Shared_DefaultMarster.ExecuteAsync()
   at Microsoft.AspNetCore.Mvc.Razor.RazorView.RenderPageCoreAsync(IRazorPage page, ViewContext context)
   at Microsoft.AspNetCore.Mvc.Razor.RazorView.RenderPageAsync(IRazorPage page, ViewContext context, Boolean invokeViewStarts)
   at Microsoft.AspNetCore.Mvc.Razor.RazorView.RenderLayoutAsync(ViewContext context, ViewBufferTextWriter bodyWriter)
   at Microsoft.AspNetCore.Mvc.Razor.RazorView.RenderAsync(ViewContext context)
   at Microsoft.AspNetCore.Mvc.ViewFeatures.ViewExecutor.ExecuteAsync(ViewContext viewContext, String contentType, Nullable`1 statusCode)
   at Microsoft.AspNetCore.Mvc.ViewFeatures.ViewExecutor.ExecuteAsync(ViewContext viewContext, String contentType, Nullable`1 statusCode)
   at Microsoft.AspNetCore.Mvc.ViewFeatures.ViewExecutor.ExecuteAsync(ActionContext actionContext, IView view, ViewDataDictionary viewData, ITempDataDictionary tempData, String contentType, Nullable`1 statusCode)
   at Microsoft.AspNetCore.Mvc.ViewFeatures.ViewResultExecutor.ExecuteAsync(ActionContext context, ViewResult result)
   at Microsoft.AspNetCore.Mvc.ViewResult.ExecuteResultAsync(ActionContext context)
   at Microsoft.AspNetCore.Mvc.Infrastructure.ResourceInvoker.<InvokeNextResultFilterAsync>g__Awaited|30_0[TFilter,TFilterAsync](ResourceInvoker invoker, Task lastTask, State next, Scope scope, Object state, Boolean isCompleted)
   at Microsoft.AspNetCore.Mvc.Infrastructure.ResourceInvoker.Rethrow(ResultExecutedContextSealed context)
   at Microsoft.AspNetCore.Mvc.Infrastructure.ResourceInvoker.ResultNext[TFilter,TFilterAsync](State& next, Scope& scope, Object& state, Boolean& isCompleted)
   at Microsoft.AspNetCore.Mvc.Infrastructure.ResourceInvoker.<InvokeResultFilters>g__Awaited|28_0(ResourceInvoker invoker, Task lastTask, State next, Scope scope, Object state, Boolean isCompleted)
   at Microsoft.AspNetCore.Mvc.Infrastructure.ResourceInvoker.<InvokeNextResourceFilter>g__Awaited|25_0(ResourceInvoker invoker, Task lastTask, State next, Scope scope, Object state, Boolean isCompleted)
   at Microsoft.AspNetCore.Mvc.Infrastructure.ResourceInvoker.Rethrow(ResourceExecutedContextSealed context)
   at Microsoft.AspNetCore.Mvc.Infrastructure.ResourceInvoker.Next(State& next, Scope& scope, Object& state, Boolean& isCompleted)
   at Microsoft.AspNetCore.Mvc.Infrastructure.ResourceInvoker.<InvokeFilterPipelineAsync>g__Awaited|20_0(ResourceInvoker invoker, Task lastTask, State next, Scope scope, Object state, Boolean isCompleted)
   at Microsoft.AspNetCore.Mvc.Infrastructure.ResourceInvoker.<InvokeAsync>g__Awaited|17_0(ResourceInvoker invoker, Task task, IDisposable scope)
   at Microsoft.AspNetCore.Mvc.Infrastructure.ResourceInvoker.<InvokeAsync>g__Awaited|17_0(ResourceInvoker invoker, Task task, IDisposable scope)
   at Microsoft.AspNetCore.Routing.EndpointMiddleware.<Invoke>g__AwaitRequestTask|6_0(Endpoint endpoint, Task requestTask, ILogger logger)
   at VSW.Website.Middleware.DynamicRouteMiddleware.Invoke(HttpContext context, ISiteServiceInterface siteService, IPageServiceInterface pageService, ITemplateServiceInterface templateService) in C:\Users\ADMIN\OneDrive\Desktop\Obibi\VSW.Website\Middleware\DynamicRouteMiddleware.cs:line 90
   at Microsoft.AspNetCore.Localization.RequestLocalizationMiddleware.Invoke(HttpContext context)
   at Microsoft.AspNetCore.Session.SessionMiddleware.Invoke(HttpContext context)
   at Microsoft.AspNetCore.Session.SessionMiddleware.Invoke(HttpContext context)
   at Microsoft.AspNetCore.Diagnostics.StatusCodePagesMiddleware.Invoke(HttpContext context)
   at Microsoft.AspNetCore.Diagnostics.DeveloperExceptionPageMiddleware.Invoke(HttpContext context)
2025-05-07 21:39:37.433 +07:00 [DBG] [AppLoader] Starting Application...
2025-05-07 21:39:38.297 +07:00 [DBG] [AppLoader] Configuring Services Application...
2025-05-07 21:39:40.184 +07:00 [DBG] [AppLoader] Configuring Application...
2025-05-07 21:39:40.877 +07:00 [DBG] [AppLoader] Starting Modules Application...
2025-05-07 21:39:40.878 +07:00 [DBG] [AppLoader] Started Application...
2025-05-07 21:40:23.138 +07:00 [ERR] An unhandled exception has occurred while executing the request.
System.Data.SqlClient.SqlException (0x80131904): Timeout expired.  The timeout period elapsed prior to completion of the operation or the server is not responding.
 ---> System.ComponentModel.Win32Exception (258): The wait operation timed out.
   at System.Data.SqlClient.SqlCommand.<>c.<ExecuteDbDataReaderAsync>b__126_0(Task`1 result)
   at System.Threading.Tasks.ContinuationResultTaskFromResultTask`2.InnerInvoke()
   at System.Threading.Tasks.Task.<>c.<.cctor>b__272_0(Object obj)
   at System.Threading.ExecutionContext.RunInternal(ExecutionContext executionContext, ContextCallback callback, Object state)
--- End of stack trace from previous location ---
   at System.Threading.ExecutionContext.RunInternal(ExecutionContext executionContext, ContextCallback callback, Object state)
   at System.Threading.Tasks.Task.ExecuteWithThreadLocal(Task& currentTaskSlot, Thread threadPoolThread)
--- End of stack trace from previous location ---
   at LinqToDB.Data.DataConnection.ExecuteReaderAsync(CommandBehavior commandBehavior, CancellationToken cancellationToken)
   at LinqToDB.Data.DataConnection.ExecuteReaderAsync(CommandBehavior commandBehavior, CancellationToken cancellationToken)
   at LinqToDB.Data.DataConnection.ExecuteDataReaderAsync(CommandBehavior commandBehavior, CancellationToken cancellationToken)
   at LinqToDB.Data.DataConnection.ExecuteDataReaderAsync(CommandBehavior commandBehavior, CancellationToken cancellationToken)
   at LinqToDB.Data.CommandInfo.QueryForEachAsync[T](Action`1 action, CancellationToken cancellationToken)
   at LinqToDB.Data.CommandInfo.QueryForEachAsync[T](Action`1 action, CancellationToken cancellationToken)
   at LinqToDB.Data.CommandInfo.QueryToListAsync[T](CancellationToken cancellationToken)
   at VSW.Core.Services.SqlRepository.QueryAsync[T](String sqlText, DataParameter[] parameters, UnitOfWork uow) in C:\Users\ADMIN\OneDrive\Desktop\Obibi\Core\VSW.Core.Services\Datasources\SqlRepositories\SqlRepository.cs:line 181
   at VSW.Core.Services.SqlCommandExecutor.QueryAsync[T](UnitOfWork uow) in C:\Users\ADMIN\OneDrive\Desktop\Obibi\Core\VSW.Core.Services\Datasources\SqlRepositories\SqlCommandExecutor.cs:line 101
   at VSW.Website.TagHelpers.Component.ProductTagHelper.ProcessAsync(TagHelperContext context, TagHelperOutput output) in C:\Users\ADMIN\OneDrive\Desktop\Obibi\VSW.Website\TagHelpers\Component\ProductTagHelper.cs:line 89
   at Microsoft.AspNetCore.Razor.Runtime.TagHelpers.TagHelperRunner.<RunAsync>g__Awaited|0_0(Task task, TagHelperExecutionContext executionContext, Int32 i, Int32 count)
   at AspNetCoreGeneratedDocument.Views_Shared_DefaultMarster.<ExecuteAsync>b__55_1() in C:\Users\ADMIN\OneDrive\Desktop\Obibi\VSW.Website\Views\Shared\DefaultMarster.cshtml:line 0
   at Microsoft.AspNetCore.Razor.Runtime.TagHelpers.TagHelperExecutionContext.SetOutputContentAsync()
   at AspNetCoreGeneratedDocument.Views_Shared_DefaultMarster.ExecuteAsync()
   at Microsoft.AspNetCore.Mvc.Razor.RazorView.RenderPageCoreAsync(IRazorPage page, ViewContext context)
   at Microsoft.AspNetCore.Mvc.Razor.RazorView.RenderPageAsync(IRazorPage page, ViewContext context, Boolean invokeViewStarts)
   at Microsoft.AspNetCore.Mvc.Razor.RazorView.RenderLayoutAsync(ViewContext context, ViewBufferTextWriter bodyWriter)
   at Microsoft.AspNetCore.Mvc.Razor.RazorView.RenderAsync(ViewContext context)
   at Microsoft.AspNetCore.Mvc.ViewFeatures.ViewExecutor.ExecuteAsync(ViewContext viewContext, String contentType, Nullable`1 statusCode)
   at Microsoft.AspNetCore.Mvc.ViewFeatures.ViewExecutor.ExecuteAsync(ViewContext viewContext, String contentType, Nullable`1 statusCode)
   at Microsoft.AspNetCore.Mvc.ViewFeatures.ViewExecutor.ExecuteAsync(ActionContext actionContext, IView view, ViewDataDictionary viewData, ITempDataDictionary tempData, String contentType, Nullable`1 statusCode)
   at Microsoft.AspNetCore.Mvc.ViewFeatures.ViewResultExecutor.ExecuteAsync(ActionContext context, ViewResult result)
   at Microsoft.AspNetCore.Mvc.ViewResult.ExecuteResultAsync(ActionContext context)
   at Microsoft.AspNetCore.Mvc.Infrastructure.ResourceInvoker.<InvokeNextResultFilterAsync>g__Awaited|30_0[TFilter,TFilterAsync](ResourceInvoker invoker, Task lastTask, State next, Scope scope, Object state, Boolean isCompleted)
   at Microsoft.AspNetCore.Mvc.Infrastructure.ResourceInvoker.Rethrow(ResultExecutedContextSealed context)
   at Microsoft.AspNetCore.Mvc.Infrastructure.ResourceInvoker.ResultNext[TFilter,TFilterAsync](State& next, Scope& scope, Object& state, Boolean& isCompleted)
   at Microsoft.AspNetCore.Mvc.Infrastructure.ResourceInvoker.<InvokeResultFilters>g__Awaited|28_0(ResourceInvoker invoker, Task lastTask, State next, Scope scope, Object state, Boolean isCompleted)
   at Microsoft.AspNetCore.Mvc.Infrastructure.ResourceInvoker.<InvokeNextResourceFilter>g__Awaited|25_0(ResourceInvoker invoker, Task lastTask, State next, Scope scope, Object state, Boolean isCompleted)
   at Microsoft.AspNetCore.Mvc.Infrastructure.ResourceInvoker.Rethrow(ResourceExecutedContextSealed context)
   at Microsoft.AspNetCore.Mvc.Infrastructure.ResourceInvoker.Next(State& next, Scope& scope, Object& state, Boolean& isCompleted)
   at Microsoft.AspNetCore.Mvc.Infrastructure.ResourceInvoker.<InvokeFilterPipelineAsync>g__Awaited|20_0(ResourceInvoker invoker, Task lastTask, State next, Scope scope, Object state, Boolean isCompleted)
   at Microsoft.AspNetCore.Mvc.Infrastructure.ResourceInvoker.<InvokeAsync>g__Awaited|17_0(ResourceInvoker invoker, Task task, IDisposable scope)
   at Microsoft.AspNetCore.Mvc.Infrastructure.ResourceInvoker.<InvokeAsync>g__Awaited|17_0(ResourceInvoker invoker, Task task, IDisposable scope)
   at Microsoft.AspNetCore.Routing.EndpointMiddleware.<Invoke>g__AwaitRequestTask|6_0(Endpoint endpoint, Task requestTask, ILogger logger)
   at VSW.Website.Middleware.DynamicRouteMiddleware.Invoke(HttpContext context, ISiteServiceInterface siteService, IPageServiceInterface pageService, ITemplateServiceInterface templateService) in C:\Users\ADMIN\OneDrive\Desktop\Obibi\VSW.Website\Middleware\DynamicRouteMiddleware.cs:line 90
   at Microsoft.AspNetCore.Localization.RequestLocalizationMiddleware.Invoke(HttpContext context)
   at Microsoft.AspNetCore.Session.SessionMiddleware.Invoke(HttpContext context)
   at Microsoft.AspNetCore.Session.SessionMiddleware.Invoke(HttpContext context)
   at Microsoft.AspNetCore.Diagnostics.StatusCodePagesMiddleware.Invoke(HttpContext context)
   at Microsoft.AspNetCore.Diagnostics.DeveloperExceptionPageMiddleware.Invoke(HttpContext context)
ClientConnectionId:7e193f00-9d4c-421a-a531-3128a7aea0fb
Error Number:-2,State:0,Class:11
2025-05-07 21:47:09.865 +07:00 [DBG] [AppLoader] Starting Application...
2025-05-07 21:47:10.670 +07:00 [DBG] [AppLoader] Configuring Services Application...
2025-05-07 21:47:11.256 +07:00 [DBG] [AppLoader] Configuring Application...
2025-05-07 21:47:11.479 +07:00 [DBG] [AppLoader] Starting Modules Application...
2025-05-07 21:47:11.481 +07:00 [DBG] [AppLoader] Started Application...
2025-05-07 21:47:37.035 +07:00 [ERR] An unhandled exception has occurred while executing the request.
System.NullReferenceException: Object reference not set to an instance of an object.
   at AspNetCoreGeneratedDocument.Views_Partial_CProduct_Home.ExecuteAsync() in C:\Users\ADMIN\OneDrive\Desktop\Obibi\VSW.Website\Views\Partial\CProduct\Home.cshtml:line 11
   at Microsoft.AspNetCore.Mvc.Razor.RazorView.RenderPageCoreAsync(IRazorPage page, ViewContext context)
   at Microsoft.AspNetCore.Mvc.Razor.RazorView.RenderPageAsync(IRazorPage page, ViewContext context, Boolean invokeViewStarts)
   at Microsoft.AspNetCore.Mvc.Razor.RazorView.RenderAsync(ViewContext context)
   at VSW.Website.DataBase.Services.ViewRenderService.PartialAsync(String viewPath, Object model, ViewDataDictionary viewData) in C:\Users\ADMIN\OneDrive\Desktop\Obibi\VSW.Website\DataBase\Services\ViewRenderService.cs:line 69
   at VSW.Website.TagHelpers.Component.ProductTagHelper.ProcessAsync(TagHelperContext context, TagHelperOutput output) in C:\Users\ADMIN\OneDrive\Desktop\Obibi\VSW.Website\TagHelpers\Component\ProductTagHelper.cs:line 98
   at Microsoft.AspNetCore.Razor.Runtime.TagHelpers.TagHelperRunner.<RunAsync>g__Awaited|0_0(Task task, TagHelperExecutionContext executionContext, Int32 i, Int32 count)
   at AspNetCoreGeneratedDocument.Views_Shared_DefaultMarster.<ExecuteAsync>b__55_1() in C:\Users\ADMIN\OneDrive\Desktop\Obibi\VSW.Website\Views\Shared\DefaultMarster.cshtml:line 0
   at Microsoft.AspNetCore.Razor.Runtime.TagHelpers.TagHelperExecutionContext.SetOutputContentAsync()
   at AspNetCoreGeneratedDocument.Views_Shared_DefaultMarster.ExecuteAsync()
   at Microsoft.AspNetCore.Mvc.Razor.RazorView.RenderPageCoreAsync(IRazorPage page, ViewContext context)
   at Microsoft.AspNetCore.Mvc.Razor.RazorView.RenderPageAsync(IRazorPage page, ViewContext context, Boolean invokeViewStarts)
   at Microsoft.AspNetCore.Mvc.Razor.RazorView.RenderLayoutAsync(ViewContext context, ViewBufferTextWriter bodyWriter)
   at Microsoft.AspNetCore.Mvc.Razor.RazorView.RenderAsync(ViewContext context)
   at Microsoft.AspNetCore.Mvc.ViewFeatures.ViewExecutor.ExecuteAsync(ViewContext viewContext, String contentType, Nullable`1 statusCode)
   at Microsoft.AspNetCore.Mvc.ViewFeatures.ViewExecutor.ExecuteAsync(ViewContext viewContext, String contentType, Nullable`1 statusCode)
   at Microsoft.AspNetCore.Mvc.ViewFeatures.ViewExecutor.ExecuteAsync(ActionContext actionContext, IView view, ViewDataDictionary viewData, ITempDataDictionary tempData, String contentType, Nullable`1 statusCode)
   at Microsoft.AspNetCore.Mvc.ViewFeatures.ViewResultExecutor.ExecuteAsync(ActionContext context, ViewResult result)
   at Microsoft.AspNetCore.Mvc.ViewResult.ExecuteResultAsync(ActionContext context)
   at Microsoft.AspNetCore.Mvc.Infrastructure.ResourceInvoker.<InvokeNextResultFilterAsync>g__Awaited|30_0[TFilter,TFilterAsync](ResourceInvoker invoker, Task lastTask, State next, Scope scope, Object state, Boolean isCompleted)
   at Microsoft.AspNetCore.Mvc.Infrastructure.ResourceInvoker.Rethrow(ResultExecutedContextSealed context)
   at Microsoft.AspNetCore.Mvc.Infrastructure.ResourceInvoker.ResultNext[TFilter,TFilterAsync](State& next, Scope& scope, Object& state, Boolean& isCompleted)
   at Microsoft.AspNetCore.Mvc.Infrastructure.ResourceInvoker.<InvokeResultFilters>g__Awaited|28_0(ResourceInvoker invoker, Task lastTask, State next, Scope scope, Object state, Boolean isCompleted)
   at Microsoft.AspNetCore.Mvc.Infrastructure.ResourceInvoker.<InvokeNextResourceFilter>g__Awaited|25_0(ResourceInvoker invoker, Task lastTask, State next, Scope scope, Object state, Boolean isCompleted)
   at Microsoft.AspNetCore.Mvc.Infrastructure.ResourceInvoker.Rethrow(ResourceExecutedContextSealed context)
   at Microsoft.AspNetCore.Mvc.Infrastructure.ResourceInvoker.Next(State& next, Scope& scope, Object& state, Boolean& isCompleted)
   at Microsoft.AspNetCore.Mvc.Infrastructure.ResourceInvoker.<InvokeFilterPipelineAsync>g__Awaited|20_0(ResourceInvoker invoker, Task lastTask, State next, Scope scope, Object state, Boolean isCompleted)
   at Microsoft.AspNetCore.Mvc.Infrastructure.ResourceInvoker.<InvokeAsync>g__Awaited|17_0(ResourceInvoker invoker, Task task, IDisposable scope)
   at Microsoft.AspNetCore.Mvc.Infrastructure.ResourceInvoker.<InvokeAsync>g__Awaited|17_0(ResourceInvoker invoker, Task task, IDisposable scope)
   at Microsoft.AspNetCore.Routing.EndpointMiddleware.<Invoke>g__AwaitRequestTask|6_0(Endpoint endpoint, Task requestTask, ILogger logger)
   at VSW.Website.Middleware.DynamicRouteMiddleware.Invoke(HttpContext context, ISiteServiceInterface siteService, IPageServiceInterface pageService, ITemplateServiceInterface templateService) in C:\Users\ADMIN\OneDrive\Desktop\Obibi\VSW.Website\Middleware\DynamicRouteMiddleware.cs:line 90
   at Microsoft.AspNetCore.Localization.RequestLocalizationMiddleware.Invoke(HttpContext context)
   at Microsoft.AspNetCore.Session.SessionMiddleware.Invoke(HttpContext context)
   at Microsoft.AspNetCore.Session.SessionMiddleware.Invoke(HttpContext context)
   at Microsoft.AspNetCore.Diagnostics.StatusCodePagesMiddleware.Invoke(HttpContext context)
   at Microsoft.AspNetCore.Diagnostics.DeveloperExceptionPageMiddleware.Invoke(HttpContext context)
2025-05-07 21:49:21.991 +07:00 [ERR] An unhandled exception has occurred while executing the request.
System.Data.SqlClient.SqlException (0x80131904): Timeout expired.  The timeout period elapsed prior to completion of the operation or the server is not responding.
 ---> System.ComponentModel.Win32Exception (258): The wait operation timed out.
   at System.Data.SqlClient.SqlCommand.<>c.<ExecuteDbDataReaderAsync>b__126_0(Task`1 result)
   at System.Threading.Tasks.ContinuationResultTaskFromResultTask`2.InnerInvoke()
   at System.Threading.Tasks.Task.<>c.<.cctor>b__272_0(Object obj)
   at System.Threading.ExecutionContext.RunInternal(ExecutionContext executionContext, ContextCallback callback, Object state)
--- End of stack trace from previous location ---
   at System.Threading.ExecutionContext.RunInternal(ExecutionContext executionContext, ContextCallback callback, Object state)
   at System.Threading.Tasks.Task.ExecuteWithThreadLocal(Task& currentTaskSlot, Thread threadPoolThread)
--- End of stack trace from previous location ---
   at LinqToDB.Data.DataConnection.ExecuteReaderAsync(CommandBehavior commandBehavior, CancellationToken cancellationToken)
   at LinqToDB.Data.DataConnection.ExecuteReaderAsync(CommandBehavior commandBehavior, CancellationToken cancellationToken)
   at LinqToDB.Data.DataConnection.ExecuteDataReaderAsync(CommandBehavior commandBehavior, CancellationToken cancellationToken)
   at LinqToDB.Data.DataConnection.ExecuteDataReaderAsync(CommandBehavior commandBehavior, CancellationToken cancellationToken)
   at LinqToDB.Data.CommandInfo.QueryForEachAsync[T](Action`1 action, CancellationToken cancellationToken)
   at LinqToDB.Data.CommandInfo.QueryForEachAsync[T](Action`1 action, CancellationToken cancellationToken)
   at LinqToDB.Data.CommandInfo.QueryToListAsync[T](CancellationToken cancellationToken)
   at VSW.Core.Services.SqlRepository.QueryAsync[T](String sqlText, DataParameter[] parameters, UnitOfWork uow) in C:\Users\ADMIN\OneDrive\Desktop\Obibi\Core\VSW.Core.Services\Datasources\SqlRepositories\SqlRepository.cs:line 181
   at VSW.Core.Services.SqlCommandExecutor.QueryAsync[T](UnitOfWork uow) in C:\Users\ADMIN\OneDrive\Desktop\Obibi\Core\VSW.Core.Services\Datasources\SqlRepositories\SqlCommandExecutor.cs:line 101
   at VSW.Website.TagHelpers.Component.ProductTagHelper.ProcessAsync(TagHelperContext context, TagHelperOutput output) in C:\Users\ADMIN\OneDrive\Desktop\Obibi\VSW.Website\TagHelpers\Component\ProductTagHelper.cs:line 89
   at Microsoft.AspNetCore.Razor.Runtime.TagHelpers.TagHelperRunner.<RunAsync>g__Awaited|0_0(Task task, TagHelperExecutionContext executionContext, Int32 i, Int32 count)
   at AspNetCoreGeneratedDocument.Views_Shared_DefaultMarster.<ExecuteAsync>b__55_1() in C:\Users\ADMIN\OneDrive\Desktop\Obibi\VSW.Website\Views\Shared\DefaultMarster.cshtml:line 0
   at Microsoft.AspNetCore.Razor.Runtime.TagHelpers.TagHelperExecutionContext.SetOutputContentAsync()
   at AspNetCoreGeneratedDocument.Views_Shared_DefaultMarster.ExecuteAsync()
   at Microsoft.AspNetCore.Mvc.Razor.RazorView.RenderPageCoreAsync(IRazorPage page, ViewContext context)
   at Microsoft.AspNetCore.Mvc.Razor.RazorView.RenderPageAsync(IRazorPage page, ViewContext context, Boolean invokeViewStarts)
   at Microsoft.AspNetCore.Mvc.Razor.RazorView.RenderLayoutAsync(ViewContext context, ViewBufferTextWriter bodyWriter)
   at Microsoft.AspNetCore.Mvc.Razor.RazorView.RenderAsync(ViewContext context)
   at Microsoft.AspNetCore.Mvc.ViewFeatures.ViewExecutor.ExecuteAsync(ViewContext viewContext, String contentType, Nullable`1 statusCode)
   at Microsoft.AspNetCore.Mvc.ViewFeatures.ViewExecutor.ExecuteAsync(ViewContext viewContext, String contentType, Nullable`1 statusCode)
   at Microsoft.AspNetCore.Mvc.ViewFeatures.ViewExecutor.ExecuteAsync(ActionContext actionContext, IView view, ViewDataDictionary viewData, ITempDataDictionary tempData, String contentType, Nullable`1 statusCode)
   at Microsoft.AspNetCore.Mvc.ViewFeatures.ViewResultExecutor.ExecuteAsync(ActionContext context, ViewResult result)
   at Microsoft.AspNetCore.Mvc.ViewResult.ExecuteResultAsync(ActionContext context)
   at Microsoft.AspNetCore.Mvc.Infrastructure.ResourceInvoker.<InvokeNextResultFilterAsync>g__Awaited|30_0[TFilter,TFilterAsync](ResourceInvoker invoker, Task lastTask, State next, Scope scope, Object state, Boolean isCompleted)
   at Microsoft.AspNetCore.Mvc.Infrastructure.ResourceInvoker.Rethrow(ResultExecutedContextSealed context)
   at Microsoft.AspNetCore.Mvc.Infrastructure.ResourceInvoker.ResultNext[TFilter,TFilterAsync](State& next, Scope& scope, Object& state, Boolean& isCompleted)
   at Microsoft.AspNetCore.Mvc.Infrastructure.ResourceInvoker.<InvokeResultFilters>g__Awaited|28_0(ResourceInvoker invoker, Task lastTask, State next, Scope scope, Object state, Boolean isCompleted)
   at Microsoft.AspNetCore.Mvc.Infrastructure.ResourceInvoker.<InvokeNextResourceFilter>g__Awaited|25_0(ResourceInvoker invoker, Task lastTask, State next, Scope scope, Object state, Boolean isCompleted)
   at Microsoft.AspNetCore.Mvc.Infrastructure.ResourceInvoker.Rethrow(ResourceExecutedContextSealed context)
   at Microsoft.AspNetCore.Mvc.Infrastructure.ResourceInvoker.Next(State& next, Scope& scope, Object& state, Boolean& isCompleted)
   at Microsoft.AspNetCore.Mvc.Infrastructure.ResourceInvoker.<InvokeFilterPipelineAsync>g__Awaited|20_0(ResourceInvoker invoker, Task lastTask, State next, Scope scope, Object state, Boolean isCompleted)
   at Microsoft.AspNetCore.Mvc.Infrastructure.ResourceInvoker.<InvokeAsync>g__Awaited|17_0(ResourceInvoker invoker, Task task, IDisposable scope)
   at Microsoft.AspNetCore.Mvc.Infrastructure.ResourceInvoker.<InvokeAsync>g__Awaited|17_0(ResourceInvoker invoker, Task task, IDisposable scope)
   at Microsoft.AspNetCore.Routing.EndpointMiddleware.<Invoke>g__AwaitRequestTask|6_0(Endpoint endpoint, Task requestTask, ILogger logger)
   at VSW.Website.Middleware.DynamicRouteMiddleware.Invoke(HttpContext context, ISiteServiceInterface siteService, IPageServiceInterface pageService, ITemplateServiceInterface templateService) in C:\Users\ADMIN\OneDrive\Desktop\Obibi\VSW.Website\Middleware\DynamicRouteMiddleware.cs:line 90
   at Microsoft.AspNetCore.Localization.RequestLocalizationMiddleware.Invoke(HttpContext context)
   at Microsoft.AspNetCore.Session.SessionMiddleware.Invoke(HttpContext context)
   at Microsoft.AspNetCore.Session.SessionMiddleware.Invoke(HttpContext context)
   at Microsoft.AspNetCore.Diagnostics.StatusCodePagesMiddleware.Invoke(HttpContext context)
   at Microsoft.AspNetCore.Diagnostics.DeveloperExceptionPageMiddleware.Invoke(HttpContext context)
ClientConnectionId:856534c1-76ec-4b1b-b5f5-1587b996b11d
Error Number:-2,State:0,Class:11
2025-05-07 22:28:09.244 +07:00 [DBG] [AppLoader] Starting Application...
2025-05-07 22:28:10.113 +07:00 [DBG] [AppLoader] Configuring Services Application...
2025-05-07 22:28:11.991 +07:00 [DBG] [AppLoader] Configuring Application...
2025-05-07 22:28:12.646 +07:00 [DBG] [AppLoader] Starting Modules Application...
2025-05-07 22:28:12.647 +07:00 [DBG] [AppLoader] Started Application...
2025-05-07 22:29:08.789 +07:00 [ERR] An unhandled exception has occurred while executing the request.
System.Data.SqlClient.SqlException (0x80131904): Timeout expired.  The timeout period elapsed prior to completion of the operation or the server is not responding.
 ---> System.ComponentModel.Win32Exception (258): The wait operation timed out.
   at System.Data.SqlClient.SqlCommand.<>c.<ExecuteDbDataReaderAsync>b__126_0(Task`1 result)
   at System.Threading.Tasks.ContinuationResultTaskFromResultTask`2.InnerInvoke()
   at System.Threading.Tasks.Task.<>c.<.cctor>b__272_0(Object obj)
   at System.Threading.ExecutionContext.RunInternal(ExecutionContext executionContext, ContextCallback callback, Object state)
--- End of stack trace from previous location ---
   at System.Threading.ExecutionContext.RunInternal(ExecutionContext executionContext, ContextCallback callback, Object state)
   at System.Threading.Tasks.Task.ExecuteWithThreadLocal(Task& currentTaskSlot, Thread threadPoolThread)
--- End of stack trace from previous location ---
   at LinqToDB.Data.DataConnection.ExecuteReaderAsync(CommandBehavior commandBehavior, CancellationToken cancellationToken)
   at LinqToDB.Data.DataConnection.ExecuteReaderAsync(CommandBehavior commandBehavior, CancellationToken cancellationToken)
   at LinqToDB.Data.DataConnection.ExecuteDataReaderAsync(CommandBehavior commandBehavior, CancellationToken cancellationToken)
   at LinqToDB.Data.DataConnection.ExecuteDataReaderAsync(CommandBehavior commandBehavior, CancellationToken cancellationToken)
   at LinqToDB.Data.CommandInfo.QueryForEachAsync[T](Action`1 action, CancellationToken cancellationToken)
   at LinqToDB.Data.CommandInfo.QueryForEachAsync[T](Action`1 action, CancellationToken cancellationToken)
   at LinqToDB.Data.CommandInfo.QueryToListAsync[T](CancellationToken cancellationToken)
   at VSW.Core.Services.SqlRepository.QueryAsync[T](String sqlText, DataParameter[] parameters, UnitOfWork uow) in C:\Users\ADMIN\OneDrive\Desktop\Obibi\Core\VSW.Core.Services\Datasources\SqlRepositories\SqlRepository.cs:line 181
   at VSW.Core.Services.SqlCommandExecutor.QueryAsync[T](UnitOfWork uow) in C:\Users\ADMIN\OneDrive\Desktop\Obibi\Core\VSW.Core.Services\Datasources\SqlRepositories\SqlCommandExecutor.cs:line 101
   at VSW.Website.TagHelpers.Component.ProductTagHelper.ProcessAsync(TagHelperContext context, TagHelperOutput output) in C:\Users\ADMIN\OneDrive\Desktop\Obibi\VSW.Website\TagHelpers\Component\ProductTagHelper.cs:line 84
   at Microsoft.AspNetCore.Razor.Runtime.TagHelpers.TagHelperRunner.<RunAsync>g__Awaited|0_0(Task task, TagHelperExecutionContext executionContext, Int32 i, Int32 count)
   at AspNetCoreGeneratedDocument.Views_Shared_DefaultMarster.<ExecuteAsync>b__55_1() in C:\Users\ADMIN\OneDrive\Desktop\Obibi\VSW.Website\Views\Shared\DefaultMarster.cshtml:line 0
   at Microsoft.AspNetCore.Razor.Runtime.TagHelpers.TagHelperExecutionContext.SetOutputContentAsync()
   at AspNetCoreGeneratedDocument.Views_Shared_DefaultMarster.ExecuteAsync()
   at Microsoft.AspNetCore.Mvc.Razor.RazorView.RenderPageCoreAsync(IRazorPage page, ViewContext context)
   at Microsoft.AspNetCore.Mvc.Razor.RazorView.RenderPageAsync(IRazorPage page, ViewContext context, Boolean invokeViewStarts)
   at Microsoft.AspNetCore.Mvc.Razor.RazorView.RenderLayoutAsync(ViewContext context, ViewBufferTextWriter bodyWriter)
   at Microsoft.AspNetCore.Mvc.Razor.RazorView.RenderAsync(ViewContext context)
   at Microsoft.AspNetCore.Mvc.ViewFeatures.ViewExecutor.ExecuteAsync(ViewContext viewContext, String contentType, Nullable`1 statusCode)
   at Microsoft.AspNetCore.Mvc.ViewFeatures.ViewExecutor.ExecuteAsync(ViewContext viewContext, String contentType, Nullable`1 statusCode)
   at Microsoft.AspNetCore.Mvc.ViewFeatures.ViewExecutor.ExecuteAsync(ActionContext actionContext, IView view, ViewDataDictionary viewData, ITempDataDictionary tempData, String contentType, Nullable`1 statusCode)
   at Microsoft.AspNetCore.Mvc.ViewFeatures.ViewResultExecutor.ExecuteAsync(ActionContext context, ViewResult result)
   at Microsoft.AspNetCore.Mvc.ViewResult.ExecuteResultAsync(ActionContext context)
   at Microsoft.AspNetCore.Mvc.Infrastructure.ResourceInvoker.<InvokeNextResultFilterAsync>g__Awaited|30_0[TFilter,TFilterAsync](ResourceInvoker invoker, Task lastTask, State next, Scope scope, Object state, Boolean isCompleted)
   at Microsoft.AspNetCore.Mvc.Infrastructure.ResourceInvoker.Rethrow(ResultExecutedContextSealed context)
   at Microsoft.AspNetCore.Mvc.Infrastructure.ResourceInvoker.ResultNext[TFilter,TFilterAsync](State& next, Scope& scope, Object& state, Boolean& isCompleted)
   at Microsoft.AspNetCore.Mvc.Infrastructure.ResourceInvoker.<InvokeResultFilters>g__Awaited|28_0(ResourceInvoker invoker, Task lastTask, State next, Scope scope, Object state, Boolean isCompleted)
   at Microsoft.AspNetCore.Mvc.Infrastructure.ResourceInvoker.<InvokeNextResourceFilter>g__Awaited|25_0(ResourceInvoker invoker, Task lastTask, State next, Scope scope, Object state, Boolean isCompleted)
   at Microsoft.AspNetCore.Mvc.Infrastructure.ResourceInvoker.Rethrow(ResourceExecutedContextSealed context)
   at Microsoft.AspNetCore.Mvc.Infrastructure.ResourceInvoker.Next(State& next, Scope& scope, Object& state, Boolean& isCompleted)
   at Microsoft.AspNetCore.Mvc.Infrastructure.ResourceInvoker.<InvokeFilterPipelineAsync>g__Awaited|20_0(ResourceInvoker invoker, Task lastTask, State next, Scope scope, Object state, Boolean isCompleted)
   at Microsoft.AspNetCore.Mvc.Infrastructure.ResourceInvoker.<InvokeAsync>g__Awaited|17_0(ResourceInvoker invoker, Task task, IDisposable scope)
   at Microsoft.AspNetCore.Mvc.Infrastructure.ResourceInvoker.<InvokeAsync>g__Awaited|17_0(ResourceInvoker invoker, Task task, IDisposable scope)
   at Microsoft.AspNetCore.Routing.EndpointMiddleware.<Invoke>g__AwaitRequestTask|6_0(Endpoint endpoint, Task requestTask, ILogger logger)
   at VSW.Website.Middleware.DynamicRouteMiddleware.Invoke(HttpContext context, ISiteServiceInterface siteService, IPageServiceInterface pageService, ITemplateServiceInterface templateService) in C:\Users\ADMIN\OneDrive\Desktop\Obibi\VSW.Website\Middleware\DynamicRouteMiddleware.cs:line 90
   at Microsoft.AspNetCore.Localization.RequestLocalizationMiddleware.Invoke(HttpContext context)
   at Microsoft.AspNetCore.Session.SessionMiddleware.Invoke(HttpContext context)
   at Microsoft.AspNetCore.Session.SessionMiddleware.Invoke(HttpContext context)
   at Microsoft.AspNetCore.Diagnostics.StatusCodePagesMiddleware.Invoke(HttpContext context)
   at Microsoft.AspNetCore.Diagnostics.DeveloperExceptionPageMiddleware.Invoke(HttpContext context)
ClientConnectionId:002acbca-3f2d-42dd-869e-41033298e2b5
Error Number:-2,State:0,Class:11
2025-05-07 22:54:28.950 +07:00 [DBG] [AppLoader] Starting Application...
2025-05-07 22:54:29.250 +07:00 [DBG] [AppLoader] Configuring Services Application...
2025-05-07 22:54:29.669 +07:00 [DBG] [AppLoader] Configuring Application...
2025-05-07 22:54:29.793 +07:00 [DBG] [AppLoader] Starting Modules Application...
2025-05-07 22:54:29.794 +07:00 [DBG] [AppLoader] Started Application...
