2025-05-01 06:12:44.986 +07:00 [DBG] [AppLoader] Starting Application...
2025-05-01 06:12:46.519 +07:00 [DBG] [AppLoader] Configuring Services Application...
2025-05-01 06:13:38.548 +07:00 [DBG] [AppLoader] Starting Application...
2025-05-01 06:13:39.878 +07:00 [DBG] [AppLoader] Configuring Services Application...
2025-05-01 06:13:41.077 +07:00 [DBG] [AppLoader] Configuring Application...
2025-05-01 06:13:42.449 +07:00 [DBG] [AppLoader] Starting Modules Application...
2025-05-01 06:13:42.452 +07:00 [DBG] [AppLoader] Started Application...
2025-05-01 06:16:38.288 +07:00 [DBG] [AppLoader] Starting Application...
2025-05-01 06:16:39.706 +07:00 [DBG] [AppLoader] Configuring Services Application...
2025-05-01 06:16:40.829 +07:00 [DBG] [AppLoader] Configuring Application...
2025-05-01 06:16:41.120 +07:00 [DBG] [AppLoader] Starting Modules Application...
2025-05-01 06:16:41.122 +07:00 [DBG] [AppLoader] Started Application...
2025-05-01 06:18:22.971 +07:00 [DBG] [AppLoader] Starting Application...
2025-05-01 06:18:23.810 +07:00 [DBG] [AppLoader] Configuring Services Application...
2025-05-01 06:18:24.743 +07:00 [DBG] [AppLoader] Configuring Application...
2025-05-01 06:18:25.070 +07:00 [DBG] [AppLoader] Starting Modules Application...
2025-05-01 06:18:25.072 +07:00 [DBG] [AppLoader] Started Application...
2025-05-01 06:19:09.896 +07:00 [DBG] [AppLoader] Starting Application...
2025-05-01 06:19:10.303 +07:00 [DBG] [AppLoader] Configuring Services Application...
2025-05-01 06:19:11.129 +07:00 [DBG] [AppLoader] Configuring Application...
2025-05-01 06:19:11.276 +07:00 [DBG] [AppLoader] Starting Modules Application...
2025-05-01 06:19:11.278 +07:00 [DBG] [AppLoader] Started Application...
2025-05-01 06:19:39.270 +07:00 [DBG] [AppLoader] Starting Application...
2025-05-01 06:19:39.679 +07:00 [DBG] [AppLoader] Configuring Services Application...
2025-05-01 06:19:40.128 +07:00 [DBG] [AppLoader] Configuring Application...
2025-05-01 06:19:40.246 +07:00 [DBG] [AppLoader] Starting Modules Application...
2025-05-01 06:19:40.248 +07:00 [DBG] [AppLoader] Started Application...
2025-05-01 06:19:41.260 +07:00 [ERR] An unhandled exception has occurred while executing the request.
System.InvalidOperationException: The partial view 'Sitebar.cshtml' was not found. The following locations were searched:
/Views/Shared/Sitebar.cshtml
   at Microsoft.AspNetCore.Mvc.ViewFeatures.HtmlHelper.RenderPartialCoreAsync(String partialViewName, Object model, ViewDataDictionary viewData, TextWriter writer)
   at Microsoft.AspNetCore.Mvc.ViewFeatures.HtmlHelper.PartialAsync(String partialViewName, Object model, ViewDataDictionary viewData)
   at AspNetCoreGeneratedDocument.Views_Shared_SiteMarster.<ExecuteAsync>b__66_1() in C:\Users\ADMIN\OneDrive\Desktop\Obibi\VSW.Website\Views\Shared\SiteMarster.cshtml:line 72
   at Microsoft.AspNetCore.Razor.Runtime.TagHelpers.TagHelperExecutionContext.SetOutputContentAsync()
   at AspNetCoreGeneratedDocument.Views_Shared_SiteMarster.ExecuteAsync() in C:\Users\ADMIN\OneDrive\Desktop\Obibi\VSW.Website\Views\Shared\SiteMarster.cshtml:line 56
   at Microsoft.AspNetCore.Mvc.Razor.RazorView.RenderPageCoreAsync(IRazorPage page, ViewContext context)
   at Microsoft.AspNetCore.Mvc.Razor.RazorView.RenderPageAsync(IRazorPage page, ViewContext context, Boolean invokeViewStarts)
   at Microsoft.AspNetCore.Mvc.Razor.RazorView.RenderLayoutAsync(ViewContext context, ViewBufferTextWriter bodyWriter)
   at Microsoft.AspNetCore.Mvc.Razor.RazorView.RenderAsync(ViewContext context)
   at Microsoft.AspNetCore.Mvc.ViewFeatures.ViewExecutor.ExecuteAsync(ViewContext viewContext, String contentType, Nullable`1 statusCode)
   at Microsoft.AspNetCore.Mvc.ViewFeatures.ViewExecutor.ExecuteAsync(ViewContext viewContext, String contentType, Nullable`1 statusCode)
   at Microsoft.AspNetCore.Mvc.ViewFeatures.ViewExecutor.ExecuteAsync(ActionContext actionContext, IView view, ViewDataDictionary viewData, ITempDataDictionary tempData, String contentType, Nullable`1 statusCode)
   at Microsoft.AspNetCore.Mvc.ViewFeatures.ViewResultExecutor.ExecuteAsync(ActionContext context, ViewResult result)
   at Microsoft.AspNetCore.Mvc.ViewResult.ExecuteResultAsync(ActionContext context)
   at Microsoft.AspNetCore.Mvc.Infrastructure.ResourceInvoker.<InvokeNextResultFilterAsync>g__Awaited|30_0[TFilter,TFilterAsync](ResourceInvoker invoker, Task lastTask, State next, Scope scope, Object state, Boolean isCompleted)
   at Microsoft.AspNetCore.Mvc.Infrastructure.ResourceInvoker.Rethrow(ResultExecutedContextSealed context)
   at Microsoft.AspNetCore.Mvc.Infrastructure.ResourceInvoker.ResultNext[TFilter,TFilterAsync](State& next, Scope& scope, Object& state, Boolean& isCompleted)
   at Microsoft.AspNetCore.Mvc.Infrastructure.ResourceInvoker.InvokeResultFilters()
--- End of stack trace from previous location ---
   at Microsoft.AspNetCore.Mvc.Infrastructure.ResourceInvoker.<InvokeNextResourceFilter>g__Awaited|25_0(ResourceInvoker invoker, Task lastTask, State next, Scope scope, Object state, Boolean isCompleted)
   at Microsoft.AspNetCore.Mvc.Infrastructure.ResourceInvoker.Rethrow(ResourceExecutedContextSealed context)
   at Microsoft.AspNetCore.Mvc.Infrastructure.ResourceInvoker.Next(State& next, Scope& scope, Object& state, Boolean& isCompleted)
   at Microsoft.AspNetCore.Mvc.Infrastructure.ResourceInvoker.InvokeFilterPipelineAsync()
--- End of stack trace from previous location ---
   at Microsoft.AspNetCore.Mvc.Infrastructure.ResourceInvoker.<InvokeAsync>g__Awaited|17_0(ResourceInvoker invoker, Task task, IDisposable scope)
   at Microsoft.AspNetCore.Mvc.Infrastructure.ResourceInvoker.<InvokeAsync>g__Awaited|17_0(ResourceInvoker invoker, Task task, IDisposable scope)
   at Microsoft.AspNetCore.Routing.EndpointMiddleware.<Invoke>g__AwaitRequestTask|6_0(Endpoint endpoint, Task requestTask, ILogger logger)
   at VSW.Website.Middleware.RsPlaceholderMiddleware.Invoke(HttpContext context, IRsTemplateParser parser) in C:\Users\ADMIN\OneDrive\Desktop\Obibi\VSW.Website\Middleware\RsPlaceholderMiddleware.cs:line 21
   at Microsoft.AspNetCore.Localization.RequestLocalizationMiddleware.Invoke(HttpContext context)
   at Microsoft.AspNetCore.Session.SessionMiddleware.Invoke(HttpContext context)
   at Microsoft.AspNetCore.Session.SessionMiddleware.Invoke(HttpContext context)
   at Microsoft.AspNetCore.Diagnostics.StatusCodePagesMiddleware.Invoke(HttpContext context)
   at Microsoft.AspNetCore.Diagnostics.DeveloperExceptionPageMiddleware.Invoke(HttpContext context)
2025-05-01 06:19:42.496 +07:00 [ERR] An exception was thrown attempting to display the error page.
System.ObjectDisposedException: Cannot access a closed Stream.
Object name: 'MemoryStream'.
   at System.IO.Stream.ValidateCopyToArguments(Stream destination, Int32 bufferSize)
   at System.IO.MemoryStream.CopyToAsync(Stream destination, Int32 bufferSize, CancellationToken cancellationToken)
   at System.IO.Stream.CopyToAsync(Stream destination)
   at Microsoft.Extensions.RazorViews.BaseView.ExecuteAsync(HttpContext context)
   at Microsoft.AspNetCore.Diagnostics.DeveloperExceptionPageMiddleware.Invoke(HttpContext context)
2025-05-01 06:19:42.537 +07:00 [ERR] Connection id "0HNC87LTQFU16", Request id "0HNC87LTQFU16:00000001": An unhandled exception was thrown by the application.
System.InvalidOperationException: The partial view 'Sitebar.cshtml' was not found. The following locations were searched:
/Views/Shared/Sitebar.cshtml
   at Microsoft.AspNetCore.Mvc.ViewFeatures.HtmlHelper.RenderPartialCoreAsync(String partialViewName, Object model, ViewDataDictionary viewData, TextWriter writer)
   at Microsoft.AspNetCore.Mvc.ViewFeatures.HtmlHelper.PartialAsync(String partialViewName, Object model, ViewDataDictionary viewData)
   at AspNetCoreGeneratedDocument.Views_Shared_SiteMarster.<ExecuteAsync>b__66_1() in C:\Users\ADMIN\OneDrive\Desktop\Obibi\VSW.Website\Views\Shared\SiteMarster.cshtml:line 72
   at Microsoft.AspNetCore.Razor.Runtime.TagHelpers.TagHelperExecutionContext.SetOutputContentAsync()
   at AspNetCoreGeneratedDocument.Views_Shared_SiteMarster.ExecuteAsync() in C:\Users\ADMIN\OneDrive\Desktop\Obibi\VSW.Website\Views\Shared\SiteMarster.cshtml:line 56
   at Microsoft.AspNetCore.Mvc.Razor.RazorView.RenderPageCoreAsync(IRazorPage page, ViewContext context)
   at Microsoft.AspNetCore.Mvc.Razor.RazorView.RenderPageAsync(IRazorPage page, ViewContext context, Boolean invokeViewStarts)
   at Microsoft.AspNetCore.Mvc.Razor.RazorView.RenderLayoutAsync(ViewContext context, ViewBufferTextWriter bodyWriter)
   at Microsoft.AspNetCore.Mvc.Razor.RazorView.RenderAsync(ViewContext context)
   at Microsoft.AspNetCore.Mvc.ViewFeatures.ViewExecutor.ExecuteAsync(ViewContext viewContext, String contentType, Nullable`1 statusCode)
   at Microsoft.AspNetCore.Mvc.ViewFeatures.ViewExecutor.ExecuteAsync(ViewContext viewContext, String contentType, Nullable`1 statusCode)
   at Microsoft.AspNetCore.Mvc.ViewFeatures.ViewExecutor.ExecuteAsync(ActionContext actionContext, IView view, ViewDataDictionary viewData, ITempDataDictionary tempData, String contentType, Nullable`1 statusCode)
   at Microsoft.AspNetCore.Mvc.ViewFeatures.ViewResultExecutor.ExecuteAsync(ActionContext context, ViewResult result)
   at Microsoft.AspNetCore.Mvc.ViewResult.ExecuteResultAsync(ActionContext context)
   at Microsoft.AspNetCore.Mvc.Infrastructure.ResourceInvoker.<InvokeNextResultFilterAsync>g__Awaited|30_0[TFilter,TFilterAsync](ResourceInvoker invoker, Task lastTask, State next, Scope scope, Object state, Boolean isCompleted)
   at Microsoft.AspNetCore.Mvc.Infrastructure.ResourceInvoker.Rethrow(ResultExecutedContextSealed context)
   at Microsoft.AspNetCore.Mvc.Infrastructure.ResourceInvoker.ResultNext[TFilter,TFilterAsync](State& next, Scope& scope, Object& state, Boolean& isCompleted)
   at Microsoft.AspNetCore.Mvc.Infrastructure.ResourceInvoker.InvokeResultFilters()
--- End of stack trace from previous location ---
   at Microsoft.AspNetCore.Mvc.Infrastructure.ResourceInvoker.<InvokeNextResourceFilter>g__Awaited|25_0(ResourceInvoker invoker, Task lastTask, State next, Scope scope, Object state, Boolean isCompleted)
   at Microsoft.AspNetCore.Mvc.Infrastructure.ResourceInvoker.Rethrow(ResourceExecutedContextSealed context)
   at Microsoft.AspNetCore.Mvc.Infrastructure.ResourceInvoker.Next(State& next, Scope& scope, Object& state, Boolean& isCompleted)
   at Microsoft.AspNetCore.Mvc.Infrastructure.ResourceInvoker.InvokeFilterPipelineAsync()
--- End of stack trace from previous location ---
   at Microsoft.AspNetCore.Mvc.Infrastructure.ResourceInvoker.<InvokeAsync>g__Awaited|17_0(ResourceInvoker invoker, Task task, IDisposable scope)
   at Microsoft.AspNetCore.Mvc.Infrastructure.ResourceInvoker.<InvokeAsync>g__Awaited|17_0(ResourceInvoker invoker, Task task, IDisposable scope)
   at Microsoft.AspNetCore.Routing.EndpointMiddleware.<Invoke>g__AwaitRequestTask|6_0(Endpoint endpoint, Task requestTask, ILogger logger)
   at VSW.Website.Middleware.RsPlaceholderMiddleware.Invoke(HttpContext context, IRsTemplateParser parser) in C:\Users\ADMIN\OneDrive\Desktop\Obibi\VSW.Website\Middleware\RsPlaceholderMiddleware.cs:line 21
   at Microsoft.AspNetCore.Localization.RequestLocalizationMiddleware.Invoke(HttpContext context)
   at Microsoft.AspNetCore.Session.SessionMiddleware.Invoke(HttpContext context)
   at Microsoft.AspNetCore.Session.SessionMiddleware.Invoke(HttpContext context)
   at Microsoft.AspNetCore.Diagnostics.StatusCodePagesMiddleware.Invoke(HttpContext context)
   at Microsoft.AspNetCore.Diagnostics.DeveloperExceptionPageMiddleware.Invoke(HttpContext context)
   at Microsoft.AspNetCore.Diagnostics.DeveloperExceptionPageMiddleware.Invoke(HttpContext context)
   at Microsoft.WebTools.BrowserLink.Net.BrowserLinkMiddleware.ExecuteWithFilterAsync(IHttpSocketAdapter injectScriptSocket, String requestId, HttpContext httpContext)
   at Microsoft.AspNetCore.Watch.BrowserRefresh.BrowserRefreshMiddleware.InvokeAsync(HttpContext context)
   at Microsoft.AspNetCore.Server.Kestrel.Core.Internal.Http.HttpProtocol.ProcessRequests[TContext](IHttpApplication`1 application)
2025-05-01 06:21:02.801 +07:00 [DBG] [AppLoader] Starting Application...
2025-05-01 06:21:03.316 +07:00 [DBG] [AppLoader] Configuring Services Application...
2025-05-01 06:21:03.844 +07:00 [DBG] [AppLoader] Configuring Application...
2025-05-01 06:21:03.941 +07:00 [DBG] [AppLoader] Starting Modules Application...
2025-05-01 06:21:03.943 +07:00 [DBG] [AppLoader] Started Application...
2025-05-01 06:29:14.310 +07:00 [DBG] [AppLoader] Starting Application...
2025-05-01 06:29:16.418 +07:00 [DBG] [AppLoader] Configuring Services Application...
2025-05-01 06:29:17.486 +07:00 [DBG] [AppLoader] Configuring Application...
2025-05-01 06:29:17.722 +07:00 [DBG] [AppLoader] Starting Modules Application...
2025-05-01 06:29:17.724 +07:00 [DBG] [AppLoader] Started Application...
2025-05-01 06:29:20.264 +07:00 [ERR] An unhandled exception has occurred while executing the request.
System.InvalidOperationException: The partial view 'Sitebar.cshtml' was not found. The following locations were searched:
/Views/Shared/Sitebar.cshtml
   at Microsoft.AspNetCore.Mvc.ViewFeatures.HtmlHelper.RenderPartialCoreAsync(String partialViewName, Object model, ViewDataDictionary viewData, TextWriter writer)
   at Microsoft.AspNetCore.Mvc.ViewFeatures.HtmlHelper.PartialAsync(String partialViewName, Object model, ViewDataDictionary viewData)
   at AspNetCoreGeneratedDocument.Views_Shared_SiteMarster.<ExecuteAsync>b__66_1() in C:\Users\ADMIN\OneDrive\Desktop\Obibi\VSW.Website\Views\Shared\SiteMarster.cshtml:line 72
   at Microsoft.AspNetCore.Razor.Runtime.TagHelpers.TagHelperExecutionContext.SetOutputContentAsync()
   at AspNetCoreGeneratedDocument.Views_Shared_SiteMarster.ExecuteAsync() in C:\Users\ADMIN\OneDrive\Desktop\Obibi\VSW.Website\Views\Shared\SiteMarster.cshtml:line 56
   at Microsoft.AspNetCore.Mvc.Razor.RazorView.RenderPageCoreAsync(IRazorPage page, ViewContext context)
   at Microsoft.AspNetCore.Mvc.Razor.RazorView.RenderPageAsync(IRazorPage page, ViewContext context, Boolean invokeViewStarts)
   at Microsoft.AspNetCore.Mvc.Razor.RazorView.RenderLayoutAsync(ViewContext context, ViewBufferTextWriter bodyWriter)
   at Microsoft.AspNetCore.Mvc.Razor.RazorView.RenderAsync(ViewContext context)
   at Microsoft.AspNetCore.Mvc.ViewFeatures.ViewExecutor.ExecuteAsync(ViewContext viewContext, String contentType, Nullable`1 statusCode)
   at Microsoft.AspNetCore.Mvc.ViewFeatures.ViewExecutor.ExecuteAsync(ViewContext viewContext, String contentType, Nullable`1 statusCode)
   at Microsoft.AspNetCore.Mvc.ViewFeatures.ViewExecutor.ExecuteAsync(ActionContext actionContext, IView view, ViewDataDictionary viewData, ITempDataDictionary tempData, String contentType, Nullable`1 statusCode)
   at Microsoft.AspNetCore.Mvc.ViewFeatures.ViewResultExecutor.ExecuteAsync(ActionContext context, ViewResult result)
   at Microsoft.AspNetCore.Mvc.ViewResult.ExecuteResultAsync(ActionContext context)
   at Microsoft.AspNetCore.Mvc.Infrastructure.ResourceInvoker.<InvokeNextResultFilterAsync>g__Awaited|30_0[TFilter,TFilterAsync](ResourceInvoker invoker, Task lastTask, State next, Scope scope, Object state, Boolean isCompleted)
   at Microsoft.AspNetCore.Mvc.Infrastructure.ResourceInvoker.Rethrow(ResultExecutedContextSealed context)
   at Microsoft.AspNetCore.Mvc.Infrastructure.ResourceInvoker.ResultNext[TFilter,TFilterAsync](State& next, Scope& scope, Object& state, Boolean& isCompleted)
   at Microsoft.AspNetCore.Mvc.Infrastructure.ResourceInvoker.InvokeResultFilters()
--- End of stack trace from previous location ---
   at Microsoft.AspNetCore.Mvc.Infrastructure.ResourceInvoker.<InvokeNextResourceFilter>g__Awaited|25_0(ResourceInvoker invoker, Task lastTask, State next, Scope scope, Object state, Boolean isCompleted)
   at Microsoft.AspNetCore.Mvc.Infrastructure.ResourceInvoker.Rethrow(ResourceExecutedContextSealed context)
   at Microsoft.AspNetCore.Mvc.Infrastructure.ResourceInvoker.Next(State& next, Scope& scope, Object& state, Boolean& isCompleted)
   at Microsoft.AspNetCore.Mvc.Infrastructure.ResourceInvoker.InvokeFilterPipelineAsync()
--- End of stack trace from previous location ---
   at Microsoft.AspNetCore.Mvc.Infrastructure.ResourceInvoker.<InvokeAsync>g__Awaited|17_0(ResourceInvoker invoker, Task task, IDisposable scope)
   at Microsoft.AspNetCore.Mvc.Infrastructure.ResourceInvoker.<InvokeAsync>g__Awaited|17_0(ResourceInvoker invoker, Task task, IDisposable scope)
   at Microsoft.AspNetCore.Routing.EndpointMiddleware.<Invoke>g__AwaitRequestTask|6_0(Endpoint endpoint, Task requestTask, ILogger logger)
   at VSW.Website.Middleware.RsPlaceholderMiddleware.Invoke(HttpContext context, IRsTemplateParser parser) in C:\Users\ADMIN\OneDrive\Desktop\Obibi\VSW.Website\Middleware\RsPlaceholderMiddleware.cs:line 21
   at Microsoft.AspNetCore.Localization.RequestLocalizationMiddleware.Invoke(HttpContext context)
   at Microsoft.AspNetCore.Session.SessionMiddleware.Invoke(HttpContext context)
   at Microsoft.AspNetCore.Session.SessionMiddleware.Invoke(HttpContext context)
   at Microsoft.AspNetCore.Diagnostics.StatusCodePagesMiddleware.Invoke(HttpContext context)
   at Microsoft.AspNetCore.Diagnostics.DeveloperExceptionPageMiddleware.Invoke(HttpContext context)
2025-05-01 06:29:20.721 +07:00 [ERR] An exception was thrown attempting to display the error page.
System.ObjectDisposedException: Cannot access a closed Stream.
Object name: 'MemoryStream'.
   at System.IO.Stream.ValidateCopyToArguments(Stream destination, Int32 bufferSize)
   at System.IO.MemoryStream.CopyToAsync(Stream destination, Int32 bufferSize, CancellationToken cancellationToken)
   at System.IO.Stream.CopyToAsync(Stream destination)
   at Microsoft.Extensions.RazorViews.BaseView.ExecuteAsync(HttpContext context)
   at Microsoft.AspNetCore.Diagnostics.DeveloperExceptionPageMiddleware.Invoke(HttpContext context)
2025-05-01 06:29:20.752 +07:00 [ERR] Connection id "0HNC87RA0T337", Request id "0HNC87RA0T337:00000001": An unhandled exception was thrown by the application.
System.InvalidOperationException: The partial view 'Sitebar.cshtml' was not found. The following locations were searched:
/Views/Shared/Sitebar.cshtml
   at Microsoft.AspNetCore.Mvc.ViewFeatures.HtmlHelper.RenderPartialCoreAsync(String partialViewName, Object model, ViewDataDictionary viewData, TextWriter writer)
   at Microsoft.AspNetCore.Mvc.ViewFeatures.HtmlHelper.PartialAsync(String partialViewName, Object model, ViewDataDictionary viewData)
   at AspNetCoreGeneratedDocument.Views_Shared_SiteMarster.<ExecuteAsync>b__66_1() in C:\Users\ADMIN\OneDrive\Desktop\Obibi\VSW.Website\Views\Shared\SiteMarster.cshtml:line 72
   at Microsoft.AspNetCore.Razor.Runtime.TagHelpers.TagHelperExecutionContext.SetOutputContentAsync()
   at AspNetCoreGeneratedDocument.Views_Shared_SiteMarster.ExecuteAsync() in C:\Users\ADMIN\OneDrive\Desktop\Obibi\VSW.Website\Views\Shared\SiteMarster.cshtml:line 56
   at Microsoft.AspNetCore.Mvc.Razor.RazorView.RenderPageCoreAsync(IRazorPage page, ViewContext context)
   at Microsoft.AspNetCore.Mvc.Razor.RazorView.RenderPageAsync(IRazorPage page, ViewContext context, Boolean invokeViewStarts)
   at Microsoft.AspNetCore.Mvc.Razor.RazorView.RenderLayoutAsync(ViewContext context, ViewBufferTextWriter bodyWriter)
   at Microsoft.AspNetCore.Mvc.Razor.RazorView.RenderAsync(ViewContext context)
   at Microsoft.AspNetCore.Mvc.ViewFeatures.ViewExecutor.ExecuteAsync(ViewContext viewContext, String contentType, Nullable`1 statusCode)
   at Microsoft.AspNetCore.Mvc.ViewFeatures.ViewExecutor.ExecuteAsync(ViewContext viewContext, String contentType, Nullable`1 statusCode)
   at Microsoft.AspNetCore.Mvc.ViewFeatures.ViewExecutor.ExecuteAsync(ActionContext actionContext, IView view, ViewDataDictionary viewData, ITempDataDictionary tempData, String contentType, Nullable`1 statusCode)
   at Microsoft.AspNetCore.Mvc.ViewFeatures.ViewResultExecutor.ExecuteAsync(ActionContext context, ViewResult result)
   at Microsoft.AspNetCore.Mvc.ViewResult.ExecuteResultAsync(ActionContext context)
   at Microsoft.AspNetCore.Mvc.Infrastructure.ResourceInvoker.<InvokeNextResultFilterAsync>g__Awaited|30_0[TFilter,TFilterAsync](ResourceInvoker invoker, Task lastTask, State next, Scope scope, Object state, Boolean isCompleted)
   at Microsoft.AspNetCore.Mvc.Infrastructure.ResourceInvoker.Rethrow(ResultExecutedContextSealed context)
   at Microsoft.AspNetCore.Mvc.Infrastructure.ResourceInvoker.ResultNext[TFilter,TFilterAsync](State& next, Scope& scope, Object& state, Boolean& isCompleted)
   at Microsoft.AspNetCore.Mvc.Infrastructure.ResourceInvoker.InvokeResultFilters()
--- End of stack trace from previous location ---
   at Microsoft.AspNetCore.Mvc.Infrastructure.ResourceInvoker.<InvokeNextResourceFilter>g__Awaited|25_0(ResourceInvoker invoker, Task lastTask, State next, Scope scope, Object state, Boolean isCompleted)
   at Microsoft.AspNetCore.Mvc.Infrastructure.ResourceInvoker.Rethrow(ResourceExecutedContextSealed context)
   at Microsoft.AspNetCore.Mvc.Infrastructure.ResourceInvoker.Next(State& next, Scope& scope, Object& state, Boolean& isCompleted)
   at Microsoft.AspNetCore.Mvc.Infrastructure.ResourceInvoker.InvokeFilterPipelineAsync()
--- End of stack trace from previous location ---
   at Microsoft.AspNetCore.Mvc.Infrastructure.ResourceInvoker.<InvokeAsync>g__Awaited|17_0(ResourceInvoker invoker, Task task, IDisposable scope)
   at Microsoft.AspNetCore.Mvc.Infrastructure.ResourceInvoker.<InvokeAsync>g__Awaited|17_0(ResourceInvoker invoker, Task task, IDisposable scope)
   at Microsoft.AspNetCore.Routing.EndpointMiddleware.<Invoke>g__AwaitRequestTask|6_0(Endpoint endpoint, Task requestTask, ILogger logger)
   at VSW.Website.Middleware.RsPlaceholderMiddleware.Invoke(HttpContext context, IRsTemplateParser parser) in C:\Users\ADMIN\OneDrive\Desktop\Obibi\VSW.Website\Middleware\RsPlaceholderMiddleware.cs:line 21
   at Microsoft.AspNetCore.Localization.RequestLocalizationMiddleware.Invoke(HttpContext context)
   at Microsoft.AspNetCore.Session.SessionMiddleware.Invoke(HttpContext context)
   at Microsoft.AspNetCore.Session.SessionMiddleware.Invoke(HttpContext context)
   at Microsoft.AspNetCore.Diagnostics.StatusCodePagesMiddleware.Invoke(HttpContext context)
   at Microsoft.AspNetCore.Diagnostics.DeveloperExceptionPageMiddleware.Invoke(HttpContext context)
   at Microsoft.AspNetCore.Diagnostics.DeveloperExceptionPageMiddleware.Invoke(HttpContext context)
   at Microsoft.WebTools.BrowserLink.Net.BrowserLinkMiddleware.ExecuteWithFilterAsync(IHttpSocketAdapter injectScriptSocket, String requestId, HttpContext httpContext)
   at Microsoft.AspNetCore.Watch.BrowserRefresh.BrowserRefreshMiddleware.InvokeAsync(HttpContext context)
   at Microsoft.AspNetCore.Server.Kestrel.Core.Internal.Http.HttpProtocol.ProcessRequests[TContext](IHttpApplication`1 application)
2025-05-01 06:44:37.879 +07:00 [DBG] [AppLoader] Starting Application...
2025-05-01 06:44:38.902 +07:00 [DBG] [AppLoader] Configuring Services Application...
2025-05-01 06:44:39.773 +07:00 [DBG] [AppLoader] Configuring Application...
2025-05-01 06:44:39.978 +07:00 [DBG] [AppLoader] Starting Modules Application...
2025-05-01 06:44:39.980 +07:00 [DBG] [AppLoader] Started Application...
2025-05-01 06:44:44.323 +07:00 [ERR] An unhandled exception has occurred while executing the request.
System.InvalidOperationException: The partial view 'Sitebar.cshtml' was not found. The following locations were searched:
/Views/Shared/Sitebar.cshtml
   at Microsoft.AspNetCore.Mvc.ViewFeatures.HtmlHelper.RenderPartialCoreAsync(String partialViewName, Object model, ViewDataDictionary viewData, TextWriter writer)
   at Microsoft.AspNetCore.Mvc.ViewFeatures.HtmlHelper.PartialAsync(String partialViewName, Object model, ViewDataDictionary viewData)
   at AspNetCoreGeneratedDocument.Views_Shared_SiteMarster.<ExecuteAsync>b__68_1() in C:\Users\ADMIN\OneDrive\Desktop\Obibi\VSW.Website\Views\Shared\SiteMarster.cshtml:line 72
   at Microsoft.AspNetCore.Razor.Runtime.TagHelpers.TagHelperExecutionContext.SetOutputContentAsync()
   at AspNetCoreGeneratedDocument.Views_Shared_SiteMarster.ExecuteAsync() in C:\Users\ADMIN\OneDrive\Desktop\Obibi\VSW.Website\Views\Shared\SiteMarster.cshtml:line 56
   at Microsoft.AspNetCore.Mvc.Razor.RazorView.RenderPageCoreAsync(IRazorPage page, ViewContext context)
   at Microsoft.AspNetCore.Mvc.Razor.RazorView.RenderPageAsync(IRazorPage page, ViewContext context, Boolean invokeViewStarts)
   at Microsoft.AspNetCore.Mvc.Razor.RazorView.RenderLayoutAsync(ViewContext context, ViewBufferTextWriter bodyWriter)
   at Microsoft.AspNetCore.Mvc.Razor.RazorView.RenderAsync(ViewContext context)
   at Microsoft.AspNetCore.Mvc.ViewFeatures.ViewExecutor.ExecuteAsync(ViewContext viewContext, String contentType, Nullable`1 statusCode)
   at Microsoft.AspNetCore.Mvc.ViewFeatures.ViewExecutor.ExecuteAsync(ViewContext viewContext, String contentType, Nullable`1 statusCode)
   at Microsoft.AspNetCore.Mvc.ViewFeatures.ViewExecutor.ExecuteAsync(ActionContext actionContext, IView view, ViewDataDictionary viewData, ITempDataDictionary tempData, String contentType, Nullable`1 statusCode)
   at Microsoft.AspNetCore.Mvc.ViewFeatures.ViewResultExecutor.ExecuteAsync(ActionContext context, ViewResult result)
   at Microsoft.AspNetCore.Mvc.ViewResult.ExecuteResultAsync(ActionContext context)
   at Microsoft.AspNetCore.Mvc.Infrastructure.ResourceInvoker.<InvokeNextResultFilterAsync>g__Awaited|30_0[TFilter,TFilterAsync](ResourceInvoker invoker, Task lastTask, State next, Scope scope, Object state, Boolean isCompleted)
   at Microsoft.AspNetCore.Mvc.Infrastructure.ResourceInvoker.Rethrow(ResultExecutedContextSealed context)
   at Microsoft.AspNetCore.Mvc.Infrastructure.ResourceInvoker.ResultNext[TFilter,TFilterAsync](State& next, Scope& scope, Object& state, Boolean& isCompleted)
   at Microsoft.AspNetCore.Mvc.Infrastructure.ResourceInvoker.<InvokeResultFilters>g__Awaited|28_0(ResourceInvoker invoker, Task lastTask, State next, Scope scope, Object state, Boolean isCompleted)
   at Microsoft.AspNetCore.Mvc.Infrastructure.ResourceInvoker.<InvokeNextResourceFilter>g__Awaited|25_0(ResourceInvoker invoker, Task lastTask, State next, Scope scope, Object state, Boolean isCompleted)
   at Microsoft.AspNetCore.Mvc.Infrastructure.ResourceInvoker.Rethrow(ResourceExecutedContextSealed context)
   at Microsoft.AspNetCore.Mvc.Infrastructure.ResourceInvoker.Next(State& next, Scope& scope, Object& state, Boolean& isCompleted)
   at Microsoft.AspNetCore.Mvc.Infrastructure.ResourceInvoker.<InvokeFilterPipelineAsync>g__Awaited|20_0(ResourceInvoker invoker, Task lastTask, State next, Scope scope, Object state, Boolean isCompleted)
   at Microsoft.AspNetCore.Mvc.Infrastructure.ResourceInvoker.<InvokeAsync>g__Awaited|17_0(ResourceInvoker invoker, Task task, IDisposable scope)
   at Microsoft.AspNetCore.Mvc.Infrastructure.ResourceInvoker.<InvokeAsync>g__Awaited|17_0(ResourceInvoker invoker, Task task, IDisposable scope)
   at Microsoft.AspNetCore.Routing.EndpointMiddleware.<Invoke>g__AwaitRequestTask|6_0(Endpoint endpoint, Task requestTask, ILogger logger)
   at Microsoft.AspNetCore.Localization.RequestLocalizationMiddleware.Invoke(HttpContext context)
   at Microsoft.AspNetCore.Session.SessionMiddleware.Invoke(HttpContext context)
   at Microsoft.AspNetCore.Session.SessionMiddleware.Invoke(HttpContext context)
   at Microsoft.AspNetCore.Diagnostics.StatusCodePagesMiddleware.Invoke(HttpContext context)
   at Microsoft.AspNetCore.Diagnostics.DeveloperExceptionPageMiddleware.Invoke(HttpContext context)
2025-05-01 06:45:10.396 +07:00 [DBG] [AppLoader] Starting Application...
2025-05-01 06:45:10.783 +07:00 [DBG] [AppLoader] Configuring Services Application...
2025-05-01 06:45:11.518 +07:00 [DBG] [AppLoader] Configuring Application...
2025-05-01 06:45:11.659 +07:00 [DBG] [AppLoader] Starting Modules Application...
2025-05-01 06:45:11.662 +07:00 [DBG] [AppLoader] Started Application...
2025-05-01 06:45:14.912 +07:00 [ERR] An unhandled exception has occurred while executing the request.
System.InvalidOperationException: RenderBody has not been called for the page at '/Views/Shared/SiteMarster.cshtml'. To ignore call IgnoreBody().
   at Microsoft.AspNetCore.Mvc.Razor.RazorPage.EnsureRenderedBodyOrSections()
   at Microsoft.AspNetCore.Mvc.Razor.RazorView.RenderLayoutAsync(ViewContext context, ViewBufferTextWriter bodyWriter)
   at Microsoft.AspNetCore.Mvc.Razor.RazorView.RenderAsync(ViewContext context)
   at Microsoft.AspNetCore.Mvc.ViewFeatures.ViewExecutor.ExecuteAsync(ViewContext viewContext, String contentType, Nullable`1 statusCode)
   at Microsoft.AspNetCore.Mvc.ViewFeatures.ViewExecutor.ExecuteAsync(ViewContext viewContext, String contentType, Nullable`1 statusCode)
   at Microsoft.AspNetCore.Mvc.ViewFeatures.ViewExecutor.ExecuteAsync(ActionContext actionContext, IView view, ViewDataDictionary viewData, ITempDataDictionary tempData, String contentType, Nullable`1 statusCode)
   at Microsoft.AspNetCore.Mvc.ViewFeatures.ViewResultExecutor.ExecuteAsync(ActionContext context, ViewResult result)
   at Microsoft.AspNetCore.Mvc.ViewResult.ExecuteResultAsync(ActionContext context)
   at Microsoft.AspNetCore.Mvc.Infrastructure.ResourceInvoker.<InvokeNextResultFilterAsync>g__Awaited|30_0[TFilter,TFilterAsync](ResourceInvoker invoker, Task lastTask, State next, Scope scope, Object state, Boolean isCompleted)
   at Microsoft.AspNetCore.Mvc.Infrastructure.ResourceInvoker.Rethrow(ResultExecutedContextSealed context)
   at Microsoft.AspNetCore.Mvc.Infrastructure.ResourceInvoker.ResultNext[TFilter,TFilterAsync](State& next, Scope& scope, Object& state, Boolean& isCompleted)
   at Microsoft.AspNetCore.Mvc.Infrastructure.ResourceInvoker.<InvokeResultFilters>g__Awaited|28_0(ResourceInvoker invoker, Task lastTask, State next, Scope scope, Object state, Boolean isCompleted)
   at Microsoft.AspNetCore.Mvc.Infrastructure.ResourceInvoker.<InvokeNextResourceFilter>g__Awaited|25_0(ResourceInvoker invoker, Task lastTask, State next, Scope scope, Object state, Boolean isCompleted)
   at Microsoft.AspNetCore.Mvc.Infrastructure.ResourceInvoker.Rethrow(ResourceExecutedContextSealed context)
   at Microsoft.AspNetCore.Mvc.Infrastructure.ResourceInvoker.Next(State& next, Scope& scope, Object& state, Boolean& isCompleted)
   at Microsoft.AspNetCore.Mvc.Infrastructure.ResourceInvoker.<InvokeFilterPipelineAsync>g__Awaited|20_0(ResourceInvoker invoker, Task lastTask, State next, Scope scope, Object state, Boolean isCompleted)
   at Microsoft.AspNetCore.Mvc.Infrastructure.ResourceInvoker.<InvokeAsync>g__Awaited|17_0(ResourceInvoker invoker, Task task, IDisposable scope)
   at Microsoft.AspNetCore.Mvc.Infrastructure.ResourceInvoker.<InvokeAsync>g__Awaited|17_0(ResourceInvoker invoker, Task task, IDisposable scope)
   at Microsoft.AspNetCore.Routing.EndpointMiddleware.<Invoke>g__AwaitRequestTask|6_0(Endpoint endpoint, Task requestTask, ILogger logger)
   at Microsoft.AspNetCore.Localization.RequestLocalizationMiddleware.Invoke(HttpContext context)
   at Microsoft.AspNetCore.Session.SessionMiddleware.Invoke(HttpContext context)
   at Microsoft.AspNetCore.Session.SessionMiddleware.Invoke(HttpContext context)
   at Microsoft.AspNetCore.Diagnostics.StatusCodePagesMiddleware.Invoke(HttpContext context)
   at Microsoft.AspNetCore.Diagnostics.DeveloperExceptionPageMiddleware.Invoke(HttpContext context)
2025-05-01 06:45:47.730 +07:00 [DBG] [AppLoader] Starting Application...
2025-05-01 06:45:47.984 +07:00 [DBG] [AppLoader] Configuring Services Application...
2025-05-01 06:45:48.302 +07:00 [DBG] [AppLoader] Configuring Application...
2025-05-01 06:45:48.424 +07:00 [DBG] [AppLoader] Starting Modules Application...
2025-05-01 06:45:48.426 +07:00 [DBG] [AppLoader] Started Application...
2025-05-01 06:46:50.401 +07:00 [DBG] [AppLoader] Starting Application...
2025-05-01 06:46:50.761 +07:00 [DBG] [AppLoader] Configuring Services Application...
2025-05-01 06:46:51.213 +07:00 [DBG] [AppLoader] Configuring Application...
2025-05-01 06:46:51.315 +07:00 [DBG] [AppLoader] Starting Modules Application...
2025-05-01 06:46:51.318 +07:00 [DBG] [AppLoader] Started Application...
2025-05-01 06:48:04.212 +07:00 [DBG] [AppLoader] Starting Application...
2025-05-01 06:48:04.493 +07:00 [DBG] [AppLoader] Configuring Services Application...
2025-05-01 06:48:04.786 +07:00 [DBG] [AppLoader] Configuring Application...
2025-05-01 06:48:04.877 +07:00 [DBG] [AppLoader] Starting Modules Application...
2025-05-01 06:48:04.878 +07:00 [DBG] [AppLoader] Started Application...
2025-05-01 06:48:24.982 +07:00 [DBG] [AppLoader] Starting Application...
2025-05-01 06:48:25.337 +07:00 [DBG] [AppLoader] Configuring Services Application...
2025-05-01 06:56:29.703 +07:00 [DBG] [AppLoader] Starting Application...
2025-05-01 06:56:31.699 +07:00 [DBG] [AppLoader] Configuring Services Application...
2025-05-01 06:56:34.284 +07:00 [DBG] [AppLoader] Configuring Application...
2025-05-01 06:56:34.549 +07:00 [DBG] [AppLoader] Starting Modules Application...
2025-05-01 06:56:34.550 +07:00 [DBG] [AppLoader] Started Application...
2025-05-01 06:57:31.180 +07:00 [DBG] [AppLoader] Starting Application...
2025-05-01 06:57:32.378 +07:00 [DBG] [AppLoader] Configuring Services Application...
2025-05-01 06:57:33.520 +07:00 [DBG] [AppLoader] Configuring Application...
2025-05-01 06:57:33.800 +07:00 [DBG] [AppLoader] Starting Modules Application...
2025-05-01 06:57:33.801 +07:00 [DBG] [AppLoader] Started Application...
2025-05-01 07:03:34.611 +07:00 [DBG] [AppLoader] Starting Application...
2025-05-01 07:03:36.320 +07:00 [DBG] [AppLoader] Configuring Services Application...
2025-05-01 07:03:37.540 +07:00 [DBG] [AppLoader] Configuring Application...
2025-05-01 07:03:37.787 +07:00 [DBG] [AppLoader] Starting Modules Application...
2025-05-01 07:03:37.789 +07:00 [DBG] [AppLoader] Started Application...
2025-05-01 07:04:30.002 +07:00 [DBG] [AppLoader] Starting Application...
2025-05-01 07:04:30.350 +07:00 [DBG] [AppLoader] Configuring Services Application...
2025-05-01 07:04:30.733 +07:00 [DBG] [AppLoader] Configuring Application...
2025-05-01 07:04:30.877 +07:00 [DBG] [AppLoader] Starting Modules Application...
2025-05-01 07:04:30.878 +07:00 [DBG] [AppLoader] Started Application...
2025-05-01 07:26:33.756 +07:00 [DBG] [AppLoader] Starting Application...
2025-05-01 07:26:34.392 +07:00 [DBG] [AppLoader] Configuring Services Application...
2025-05-01 07:26:35.131 +07:00 [DBG] [AppLoader] Configuring Application...
2025-05-01 07:26:35.392 +07:00 [DBG] [AppLoader] Starting Modules Application...
2025-05-01 07:26:35.394 +07:00 [DBG] [AppLoader] Started Application...
2025-05-01 07:27:14.818 +07:00 [DBG] [AppLoader] Starting Application...
2025-05-01 07:27:15.426 +07:00 [DBG] [AppLoader] Configuring Services Application...
2025-05-01 07:27:16.857 +07:00 [DBG] [AppLoader] Configuring Application...
2025-05-01 07:27:18.074 +07:00 [DBG] [AppLoader] Starting Modules Application...
2025-05-01 07:27:18.076 +07:00 [DBG] [AppLoader] Started Application...
2025-05-01 07:41:28.306 +07:00 [DBG] [AppLoader] Starting Application...
2025-05-01 07:41:29.364 +07:00 [DBG] [AppLoader] Configuring Services Application...
2025-05-01 07:41:31.311 +07:00 [DBG] [AppLoader] Configuring Application...
2025-05-01 07:41:32.974 +07:00 [DBG] [AppLoader] Starting Modules Application...
2025-05-01 07:41:32.976 +07:00 [DBG] [AppLoader] Started Application...
2025-05-01 07:43:29.550 +07:00 [DBG] [AppLoader] Starting Application...
2025-05-01 07:43:30.768 +07:00 [DBG] [AppLoader] Configuring Services Application...
2025-05-01 07:43:31.974 +07:00 [DBG] [AppLoader] Configuring Application...
2025-05-01 07:43:32.191 +07:00 [DBG] [AppLoader] Starting Modules Application...
2025-05-01 07:43:32.193 +07:00 [DBG] [AppLoader] Started Application...
2025-05-01 07:46:10.423 +07:00 [DBG] [AppLoader] Starting Application...
2025-05-01 07:46:11.678 +07:00 [DBG] [AppLoader] Configuring Services Application...
2025-05-01 07:46:12.665 +07:00 [DBG] [AppLoader] Configuring Application...
2025-05-01 07:46:12.913 +07:00 [DBG] [AppLoader] Starting Modules Application...
2025-05-01 07:46:12.914 +07:00 [DBG] [AppLoader] Started Application...
2025-05-01 08:00:02.291 +07:00 [DBG] [AppLoader] Starting Application...
2025-05-01 08:00:02.940 +07:00 [DBG] [AppLoader] Configuring Services Application...
2025-05-01 08:00:03.723 +07:00 [DBG] [AppLoader] Configuring Application...
2025-05-01 08:00:03.925 +07:00 [DBG] [AppLoader] Starting Modules Application...
2025-05-01 08:00:03.928 +07:00 [DBG] [AppLoader] Started Application...
2025-05-01 08:05:58.527 +07:00 [DBG] [AppLoader] Starting Application...
2025-05-01 08:05:59.135 +07:00 [DBG] [AppLoader] Configuring Services Application...
2025-05-01 08:05:59.720 +07:00 [DBG] [AppLoader] Configuring Application...
2025-05-01 08:05:59.854 +07:00 [DBG] [AppLoader] Starting Modules Application...
2025-05-01 08:05:59.855 +07:00 [DBG] [AppLoader] Started Application...
2025-05-01 08:06:42.200 +07:00 [DBG] [AppLoader] Starting Application...
2025-05-01 08:06:42.879 +07:00 [DBG] [AppLoader] Configuring Services Application...
2025-05-01 08:06:43.479 +07:00 [DBG] [AppLoader] Configuring Application...
2025-05-01 08:06:43.609 +07:00 [DBG] [AppLoader] Starting Modules Application...
2025-05-01 08:06:43.611 +07:00 [DBG] [AppLoader] Started Application...
2025-05-01 08:11:11.375 +07:00 [DBG] [AppLoader] Starting Application...
2025-05-01 08:11:11.705 +07:00 [DBG] [AppLoader] Configuring Services Application...
2025-05-01 08:11:12.118 +07:00 [DBG] [AppLoader] Configuring Application...
2025-05-01 08:11:12.228 +07:00 [DBG] [AppLoader] Starting Modules Application...
2025-05-01 08:11:12.229 +07:00 [DBG] [AppLoader] Started Application...
2025-05-01 08:12:37.244 +07:00 [DBG] [AppLoader] Starting Application...
2025-05-01 08:12:37.438 +07:00 [DBG] [AppLoader] Configuring Services Application...
2025-05-01 08:12:37.676 +07:00 [DBG] [AppLoader] Configuring Application...
2025-05-01 08:12:37.759 +07:00 [DBG] [AppLoader] Starting Modules Application...
2025-05-01 08:12:37.760 +07:00 [DBG] [AppLoader] Started Application...
2025-05-01 08:12:46.346 +07:00 [DBG] [AppLoader] Starting Application...
2025-05-01 08:12:46.554 +07:00 [DBG] [AppLoader] Configuring Services Application...
2025-05-01 08:12:46.757 +07:00 [DBG] [AppLoader] Configuring Application...
2025-05-01 08:12:46.811 +07:00 [DBG] [AppLoader] Starting Modules Application...
2025-05-01 08:12:46.812 +07:00 [DBG] [AppLoader] Started Application...
2025-05-01 08:13:15.446 +07:00 [DBG] [AppLoader] Starting Application...
2025-05-01 08:13:15.640 +07:00 [DBG] [AppLoader] Configuring Services Application...
2025-05-01 08:13:15.833 +07:00 [DBG] [AppLoader] Configuring Application...
2025-05-01 08:13:15.898 +07:00 [DBG] [AppLoader] Starting Modules Application...
2025-05-01 08:13:15.899 +07:00 [DBG] [AppLoader] Started Application...
2025-05-01 08:13:46.470 +07:00 [DBG] [AppLoader] Starting Application...
2025-05-01 08:13:46.677 +07:00 [DBG] [AppLoader] Configuring Services Application...
2025-05-01 08:13:46.899 +07:00 [DBG] [AppLoader] Configuring Application...
2025-05-01 08:13:46.988 +07:00 [DBG] [AppLoader] Starting Modules Application...
2025-05-01 08:13:46.990 +07:00 [DBG] [AppLoader] Started Application...
2025-05-01 08:14:49.310 +07:00 [DBG] [AppLoader] Starting Application...
2025-05-01 08:14:49.531 +07:00 [DBG] [AppLoader] Configuring Services Application...
2025-05-01 08:14:49.798 +07:00 [DBG] [AppLoader] Configuring Application...
2025-05-01 08:14:49.875 +07:00 [DBG] [AppLoader] Starting Modules Application...
2025-05-01 08:14:49.875 +07:00 [DBG] [AppLoader] Started Application...
2025-05-01 08:16:20.393 +07:00 [DBG] [AppLoader] Starting Application...
2025-05-01 08:16:20.592 +07:00 [DBG] [AppLoader] Configuring Services Application...
2025-05-01 08:16:20.859 +07:00 [DBG] [AppLoader] Configuring Application...
2025-05-01 08:16:20.931 +07:00 [DBG] [AppLoader] Starting Modules Application...
2025-05-01 08:16:20.932 +07:00 [DBG] [AppLoader] Started Application...
2025-05-01 08:17:23.876 +07:00 [DBG] [AppLoader] Starting Application...
2025-05-01 08:17:24.077 +07:00 [DBG] [AppLoader] Configuring Services Application...
2025-05-01 08:17:24.337 +07:00 [DBG] [AppLoader] Configuring Application...
2025-05-01 08:17:24.408 +07:00 [DBG] [AppLoader] Starting Modules Application...
2025-05-01 08:17:24.409 +07:00 [DBG] [AppLoader] Started Application...
2025-05-01 08:18:48.942 +07:00 [DBG] [AppLoader] Starting Application...
2025-05-01 08:18:49.273 +07:00 [DBG] [AppLoader] Configuring Services Application...
2025-05-01 08:18:49.643 +07:00 [DBG] [AppLoader] Configuring Application...
2025-05-01 08:18:49.725 +07:00 [DBG] [AppLoader] Starting Modules Application...
2025-05-01 08:18:49.726 +07:00 [DBG] [AppLoader] Started Application...
2025-05-01 08:29:47.178 +07:00 [DBG] [AppLoader] Starting Application...
2025-05-01 08:29:47.428 +07:00 [DBG] [AppLoader] Configuring Services Application...
2025-05-01 08:29:47.698 +07:00 [DBG] [AppLoader] Configuring Application...
2025-05-01 08:29:47.763 +07:00 [DBG] [AppLoader] Starting Modules Application...
2025-05-01 08:29:47.764 +07:00 [DBG] [AppLoader] Started Application...
2025-05-01 08:30:44.569 +07:00 [DBG] [AppLoader] Starting Application...
2025-05-01 08:30:44.855 +07:00 [DBG] [AppLoader] Configuring Services Application...
2025-05-01 08:30:45.146 +07:00 [DBG] [AppLoader] Configuring Application...
2025-05-01 08:30:45.208 +07:00 [DBG] [AppLoader] Starting Modules Application...
2025-05-01 08:30:45.209 +07:00 [DBG] [AppLoader] Started Application...
2025-05-01 08:32:44.990 +07:00 [DBG] [AppLoader] Starting Application...
2025-05-01 08:32:45.180 +07:00 [DBG] [AppLoader] Configuring Services Application...
2025-05-01 08:32:45.390 +07:00 [DBG] [AppLoader] Configuring Application...
2025-05-01 08:32:45.448 +07:00 [DBG] [AppLoader] Starting Modules Application...
2025-05-01 08:32:45.449 +07:00 [DBG] [AppLoader] Started Application...
2025-05-01 09:37:52.091 +07:00 [DBG] [AppLoader] Starting Application...
2025-05-01 09:37:52.751 +07:00 [DBG] [AppLoader] Configuring Services Application...
2025-05-01 09:37:53.967 +07:00 [DBG] [AppLoader] Configuring Application...
2025-05-01 09:37:54.610 +07:00 [DBG] [AppLoader] Starting Modules Application...
2025-05-01 09:37:54.611 +07:00 [DBG] [AppLoader] Started Application...
2025-05-01 09:39:15.708 +07:00 [DBG] [AppLoader] Starting Application...
2025-05-01 09:39:17.139 +07:00 [DBG] [AppLoader] Configuring Services Application...
2025-05-01 09:39:18.036 +07:00 [DBG] [AppLoader] Configuring Application...
2025-05-01 09:39:18.244 +07:00 [DBG] [AppLoader] Starting Modules Application...
2025-05-01 09:39:18.246 +07:00 [DBG] [AppLoader] Started Application...
2025-05-01 09:40:42.510 +07:00 [DBG] [AppLoader] Starting Application...
2025-05-01 09:40:43.070 +07:00 [DBG] [AppLoader] Configuring Services Application...
2025-05-01 09:40:43.624 +07:00 [DBG] [AppLoader] Configuring Application...
2025-05-01 09:40:43.752 +07:00 [DBG] [AppLoader] Starting Modules Application...
2025-05-01 09:40:43.753 +07:00 [DBG] [AppLoader] Started Application...
2025-05-01 10:53:20.514 +07:00 [DBG] [AppLoader] Starting Application...
2025-05-01 10:53:21.950 +07:00 [DBG] [AppLoader] Configuring Services Application...
2025-05-01 10:53:23.592 +07:00 [DBG] [AppLoader] Configuring Application...
2025-05-01 10:53:24.063 +07:00 [DBG] [AppLoader] Starting Modules Application...
2025-05-01 10:53:24.064 +07:00 [DBG] [AppLoader] Started Application...
2025-05-01 10:59:50.298 +07:00 [DBG] [AppLoader] Starting Application...
2025-05-01 10:59:51.328 +07:00 [DBG] [AppLoader] Configuring Services Application...
2025-05-01 10:59:52.893 +07:00 [DBG] [AppLoader] Configuring Application...
2025-05-01 10:59:53.354 +07:00 [DBG] [AppLoader] Starting Modules Application...
2025-05-01 10:59:53.355 +07:00 [DBG] [AppLoader] Started Application...
2025-05-01 11:09:29.874 +07:00 [DBG] [AppLoader] Starting Application...
2025-05-01 11:09:31.299 +07:00 [DBG] [AppLoader] Configuring Services Application...
2025-05-01 11:09:32.473 +07:00 [DBG] [AppLoader] Configuring Application...
2025-05-01 11:09:33.041 +07:00 [DBG] [AppLoader] Starting Modules Application...
2025-05-01 11:09:33.043 +07:00 [DBG] [AppLoader] Started Application...
2025-05-01 11:10:17.710 +07:00 [DBG] [AppLoader] Starting Application...
2025-05-01 11:10:18.858 +07:00 [DBG] [AppLoader] Configuring Services Application...
2025-05-01 11:10:20.153 +07:00 [DBG] [AppLoader] Configuring Application...
2025-05-01 11:10:20.446 +07:00 [DBG] [AppLoader] Starting Modules Application...
2025-05-01 11:10:20.448 +07:00 [DBG] [AppLoader] Started Application...
2025-05-01 11:13:22.789 +07:00 [DBG] [AppLoader] Starting Application...
2025-05-01 11:13:23.979 +07:00 [DBG] [AppLoader] Configuring Services Application...
2025-05-01 11:13:25.139 +07:00 [DBG] [AppLoader] Configuring Application...
2025-05-01 11:13:33.335 +07:00 [DBG] [AppLoader] Starting Modules Application...
2025-05-01 11:13:33.337 +07:00 [DBG] [AppLoader] Started Application...
2025-05-01 11:14:25.544 +07:00 [DBG] [AppLoader] Starting Application...
2025-05-01 11:14:26.507 +07:00 [DBG] [AppLoader] Configuring Services Application...
2025-05-01 11:14:27.669 +07:00 [DBG] [AppLoader] Configuring Application...
2025-05-01 11:14:27.916 +07:00 [DBG] [AppLoader] Starting Modules Application...
2025-05-01 11:14:27.918 +07:00 [DBG] [AppLoader] Started Application...
2025-05-01 11:15:49.526 +07:00 [DBG] [AppLoader] Starting Application...
2025-05-01 11:15:50.108 +07:00 [DBG] [AppLoader] Configuring Services Application...
2025-05-01 11:15:50.723 +07:00 [DBG] [AppLoader] Configuring Application...
2025-05-01 11:15:50.854 +07:00 [DBG] [AppLoader] Starting Modules Application...
2025-05-01 11:15:50.855 +07:00 [DBG] [AppLoader] Started Application...
2025-05-01 11:16:14.937 +07:00 [DBG] [AppLoader] Starting Application...
2025-05-01 11:16:15.297 +07:00 [DBG] [AppLoader] Configuring Services Application...
2025-05-01 11:16:15.798 +07:00 [DBG] [AppLoader] Configuring Application...
2025-05-01 11:16:15.899 +07:00 [DBG] [AppLoader] Starting Modules Application...
2025-05-01 11:16:15.901 +07:00 [DBG] [AppLoader] Started Application...
2025-05-01 11:16:42.880 +07:00 [DBG] [AppLoader] Starting Application...
2025-05-01 11:16:44.035 +07:00 [DBG] [AppLoader] Configuring Services Application...
2025-05-01 11:16:44.996 +07:00 [DBG] [AppLoader] Configuring Application...
2025-05-01 11:16:45.256 +07:00 [DBG] [AppLoader] Starting Modules Application...
2025-05-01 11:16:45.257 +07:00 [DBG] [AppLoader] Started Application...
2025-05-01 11:17:09.633 +07:00 [DBG] [AppLoader] Starting Application...
2025-05-01 11:17:10.759 +07:00 [DBG] [AppLoader] Configuring Services Application...
2025-05-01 11:17:11.672 +07:00 [DBG] [AppLoader] Configuring Application...
2025-05-01 11:17:11.893 +07:00 [DBG] [AppLoader] Starting Modules Application...
2025-05-01 11:17:11.896 +07:00 [DBG] [AppLoader] Started Application...
2025-05-01 11:19:03.651 +07:00 [DBG] [AppLoader] Starting Application...
2025-05-01 11:19:04.618 +07:00 [DBG] [AppLoader] Configuring Services Application...
2025-05-01 11:19:07.006 +07:00 [DBG] [AppLoader] Configuring Application...
2025-05-01 11:19:08.492 +07:00 [DBG] [AppLoader] Starting Modules Application...
2025-05-01 11:19:08.494 +07:00 [DBG] [AppLoader] Started Application...
2025-05-01 11:19:59.926 +07:00 [DBG] [AppLoader] Starting Application...
2025-05-01 11:20:00.735 +07:00 [DBG] [AppLoader] Configuring Services Application...
2025-05-01 11:20:01.787 +07:00 [DBG] [AppLoader] Configuring Application...
2025-05-01 11:20:02.021 +07:00 [DBG] [AppLoader] Starting Modules Application...
2025-05-01 11:20:02.022 +07:00 [DBG] [AppLoader] Started Application...
2025-05-01 11:22:32.354 +07:00 [DBG] [AppLoader] Starting Application...
2025-05-01 11:22:33.542 +07:00 [DBG] [AppLoader] Configuring Services Application...
2025-05-01 11:22:34.471 +07:00 [DBG] [AppLoader] Configuring Application...
2025-05-01 11:22:34.707 +07:00 [DBG] [AppLoader] Starting Modules Application...
2025-05-01 11:22:34.709 +07:00 [DBG] [AppLoader] Started Application...
2025-05-01 11:23:25.142 +07:00 [DBG] [AppLoader] Starting Application...
2025-05-01 11:23:27.018 +07:00 [DBG] [AppLoader] Configuring Services Application...
2025-05-01 11:23:28.076 +07:00 [DBG] [AppLoader] Configuring Application...
2025-05-01 11:23:28.317 +07:00 [DBG] [AppLoader] Starting Modules Application...
2025-05-01 11:23:28.320 +07:00 [DBG] [AppLoader] Started Application...
2025-05-01 11:26:52.849 +07:00 [DBG] [AppLoader] Starting Application...
2025-05-01 11:26:53.912 +07:00 [DBG] [AppLoader] Configuring Services Application...
2025-05-01 11:26:55.015 +07:00 [DBG] [AppLoader] Configuring Application...
2025-05-01 11:26:55.251 +07:00 [DBG] [AppLoader] Starting Modules Application...
2025-05-01 11:26:55.253 +07:00 [DBG] [AppLoader] Started Application...
2025-05-01 11:28:56.737 +07:00 [DBG] [AppLoader] Starting Application...
2025-05-01 11:28:58.135 +07:00 [DBG] [AppLoader] Configuring Services Application...
2025-05-01 11:28:59.592 +07:00 [DBG] [AppLoader] Configuring Application...
2025-05-01 11:28:59.942 +07:00 [DBG] [AppLoader] Starting Modules Application...
2025-05-01 11:28:59.948 +07:00 [DBG] [AppLoader] Started Application...
2025-05-01 13:57:50.438 +07:00 [DBG] [AppLoader] Starting Application...
2025-05-01 13:57:51.134 +07:00 [DBG] [AppLoader] Configuring Services Application...
2025-05-01 13:57:51.918 +07:00 [DBG] [AppLoader] Configuring Application...
2025-05-01 13:57:52.120 +07:00 [DBG] [AppLoader] Starting Modules Application...
2025-05-01 13:57:52.121 +07:00 [DBG] [AppLoader] Started Application...
2025-05-01 13:58:22.686 +07:00 [DBG] [AppLoader] Starting Application...
2025-05-01 13:58:23.470 +07:00 [DBG] [AppLoader] Configuring Services Application...
2025-05-01 13:58:24.053 +07:00 [DBG] [AppLoader] Configuring Application...
2025-05-01 13:58:24.185 +07:00 [DBG] [AppLoader] Starting Modules Application...
2025-05-01 13:58:24.186 +07:00 [DBG] [AppLoader] Started Application...
2025-05-01 13:59:36.179 +07:00 [DBG] [AppLoader] Starting Application...
2025-05-01 13:59:37.750 +07:00 [DBG] [AppLoader] Configuring Services Application...
2025-05-01 13:59:38.873 +07:00 [DBG] [AppLoader] Configuring Application...
2025-05-01 13:59:39.077 +07:00 [DBG] [AppLoader] Starting Modules Application...
2025-05-01 13:59:39.078 +07:00 [DBG] [AppLoader] Started Application...
2025-05-01 14:00:03.595 +07:00 [DBG] [AppLoader] Starting Application...
2025-05-01 14:00:04.746 +07:00 [DBG] [AppLoader] Configuring Services Application...
2025-05-01 14:00:05.550 +07:00 [DBG] [AppLoader] Configuring Application...
2025-05-01 14:00:05.851 +07:00 [DBG] [AppLoader] Starting Modules Application...
2025-05-01 14:00:05.853 +07:00 [DBG] [AppLoader] Started Application...
2025-05-01 14:03:04.462 +07:00 [DBG] [AppLoader] Starting Application...
2025-05-01 14:03:05.756 +07:00 [DBG] [AppLoader] Configuring Services Application...
2025-05-01 14:03:06.671 +07:00 [DBG] [AppLoader] Configuring Application...
2025-05-01 14:03:06.889 +07:00 [DBG] [AppLoader] Starting Modules Application...
2025-05-01 14:03:06.890 +07:00 [DBG] [AppLoader] Started Application...
2025-05-01 14:14:51.469 +07:00 [DBG] [AppLoader] Starting Application...
2025-05-01 14:14:52.401 +07:00 [DBG] [AppLoader] Configuring Services Application...
2025-05-01 14:14:53.138 +07:00 [DBG] [AppLoader] Configuring Application...
2025-05-01 14:14:53.314 +07:00 [DBG] [AppLoader] Starting Modules Application...
2025-05-01 14:14:53.315 +07:00 [DBG] [AppLoader] Started Application...
2025-05-01 14:17:39.347 +07:00 [DBG] [AppLoader] Starting Application...
2025-05-01 14:17:40.684 +07:00 [DBG] [AppLoader] Configuring Services Application...
2025-05-01 14:17:43.475 +07:00 [DBG] [AppLoader] Configuring Application...
2025-05-01 14:17:43.742 +07:00 [DBG] [AppLoader] Starting Modules Application...
2025-05-01 14:17:43.743 +07:00 [DBG] [AppLoader] Started Application...
2025-05-01 14:22:23.612 +07:00 [DBG] [AppLoader] Starting Application...
2025-05-01 14:22:24.041 +07:00 [DBG] [AppLoader] Configuring Services Application...
2025-05-01 14:22:24.565 +07:00 [DBG] [AppLoader] Configuring Application...
2025-05-01 14:22:24.718 +07:00 [DBG] [AppLoader] Starting Modules Application...
2025-05-01 14:22:24.719 +07:00 [DBG] [AppLoader] Started Application...
2025-05-01 14:23:09.296 +07:00 [DBG] [AppLoader] Starting Application...
2025-05-01 14:23:09.695 +07:00 [DBG] [AppLoader] Configuring Services Application...
2025-05-01 14:23:10.265 +07:00 [DBG] [AppLoader] Configuring Application...
2025-05-01 14:23:10.389 +07:00 [DBG] [AppLoader] Starting Modules Application...
2025-05-01 14:23:10.390 +07:00 [DBG] [AppLoader] Started Application...
2025-05-01 14:23:22.365 +07:00 [DBG] [AppLoader] Starting Application...
2025-05-01 14:23:23.342 +07:00 [DBG] [AppLoader] Configuring Services Application...
2025-05-01 14:23:24.246 +07:00 [DBG] [AppLoader] Configuring Application...
2025-05-01 14:23:24.501 +07:00 [DBG] [AppLoader] Starting Modules Application...
2025-05-01 14:23:24.503 +07:00 [DBG] [AppLoader] Started Application...
2025-05-01 14:26:12.065 +07:00 [DBG] [AppLoader] Starting Application...
2025-05-01 14:26:13.279 +07:00 [DBG] [AppLoader] Configuring Services Application...
2025-05-01 14:26:14.184 +07:00 [DBG] [AppLoader] Configuring Application...
2025-05-01 14:26:14.374 +07:00 [DBG] [AppLoader] Starting Modules Application...
2025-05-01 14:26:14.375 +07:00 [DBG] [AppLoader] Started Application...
2025-05-01 14:28:32.315 +07:00 [DBG] [AppLoader] Starting Application...
2025-05-01 14:28:33.302 +07:00 [DBG] [AppLoader] Configuring Services Application...
2025-05-01 14:28:34.583 +07:00 [DBG] [AppLoader] Configuring Application...
2025-05-01 14:28:34.823 +07:00 [DBG] [AppLoader] Starting Modules Application...
2025-05-01 14:28:34.824 +07:00 [DBG] [AppLoader] Started Application...
2025-05-01 14:28:59.353 +07:00 [DBG] [AppLoader] Starting Application...
2025-05-01 14:29:00.842 +07:00 [DBG] [AppLoader] Configuring Services Application...
2025-05-01 14:29:02.305 +07:00 [DBG] [AppLoader] Configuring Application...
2025-05-01 14:29:02.546 +07:00 [DBG] [AppLoader] Starting Modules Application...
2025-05-01 14:29:02.548 +07:00 [DBG] [AppLoader] Started Application...
2025-05-01 15:28:23.339 +07:00 [DBG] [AppLoader] Starting Application...
2025-05-01 15:28:25.019 +07:00 [DBG] [AppLoader] Configuring Services Application...
2025-05-01 15:28:26.705 +07:00 [DBG] [AppLoader] Configuring Application...
2025-05-01 15:28:27.063 +07:00 [DBG] [AppLoader] Starting Modules Application...
2025-05-01 15:28:27.065 +07:00 [DBG] [AppLoader] Started Application...
2025-05-01 17:36:27.618 +07:00 [DBG] [AppLoader] Starting Application...
2025-05-01 17:36:28.054 +07:00 [DBG] [AppLoader] Configuring Services Application...
2025-05-01 17:36:28.953 +07:00 [DBG] [AppLoader] Configuring Application...
2025-05-01 17:36:29.431 +07:00 [DBG] [AppLoader] Starting Modules Application...
2025-05-01 17:36:29.432 +07:00 [DBG] [AppLoader] Started Application...
2025-05-01 17:41:44.804 +07:00 [DBG] [AppLoader] Starting Application...
2025-05-01 17:41:45.228 +07:00 [DBG] [AppLoader] Configuring Services Application...
2025-05-01 17:41:45.774 +07:00 [DBG] [AppLoader] Configuring Application...
2025-05-01 17:41:46.016 +07:00 [DBG] [AppLoader] Starting Modules Application...
2025-05-01 17:41:46.019 +07:00 [DBG] [AppLoader] Started Application...
2025-05-01 17:41:54.895 +07:00 [DBG] [AppLoader] Starting Application...
2025-05-01 17:41:55.223 +07:00 [DBG] [AppLoader] Configuring Services Application...
2025-05-01 17:41:55.554 +07:00 [DBG] [AppLoader] Configuring Application...
2025-05-01 17:41:55.656 +07:00 [DBG] [AppLoader] Starting Modules Application...
2025-05-01 17:41:55.657 +07:00 [DBG] [AppLoader] Started Application...
2025-05-01 18:43:20.711 +07:00 [DBG] [AppLoader] Starting Application...
2025-05-01 18:43:21.726 +07:00 [DBG] [AppLoader] Configuring Services Application...
2025-05-01 18:43:23.783 +07:00 [DBG] [AppLoader] Configuring Application...
2025-05-01 18:43:24.773 +07:00 [DBG] [AppLoader] Starting Modules Application...
2025-05-01 18:43:24.774 +07:00 [DBG] [AppLoader] Started Application...
2025-05-01 18:43:46.824 +07:00 [ERR] An unhandled exception has occurred while executing the request.
System.NullReferenceException: Object reference not set to an instance of an object.
   at VSW.Website.Middleware.DynamicRouteMiddleware.Invoke(HttpContext context, ISiteServiceInterface siteService, IPageServiceInterface pageService, ITemplateServiceInterface templateService) in C:\Users\ADMIN\OneDrive\Desktop\Obibi\VSW.Website\Middleware\DynamicRouteMiddleware.cs:line 69
   at Microsoft.AspNetCore.Localization.RequestLocalizationMiddleware.Invoke(HttpContext context)
   at Microsoft.AspNetCore.Session.SessionMiddleware.Invoke(HttpContext context)
   at Microsoft.AspNetCore.Session.SessionMiddleware.Invoke(HttpContext context)
   at Microsoft.AspNetCore.Builder.StatusCodePagesExtensions.<>c__DisplayClass7_0.<<CreateHandler>b__0>d.MoveNext()
--- End of stack trace from previous location ---
   at Microsoft.AspNetCore.Diagnostics.StatusCodePagesMiddleware.Invoke(HttpContext context)
   at Microsoft.AspNetCore.Diagnostics.DeveloperExceptionPageMiddleware.Invoke(HttpContext context)
2025-05-01 18:43:58.251 +07:00 [ERR] An unhandled exception has occurred while executing the request.
System.NullReferenceException: Object reference not set to an instance of an object.
   at VSW.Website.Middleware.DynamicRouteMiddleware.Invoke(HttpContext context, ISiteServiceInterface siteService, IPageServiceInterface pageService, ITemplateServiceInterface templateService) in C:\Users\ADMIN\OneDrive\Desktop\Obibi\VSW.Website\Middleware\DynamicRouteMiddleware.cs:line 69
   at Microsoft.AspNetCore.Localization.RequestLocalizationMiddleware.Invoke(HttpContext context)
   at Microsoft.AspNetCore.Session.SessionMiddleware.Invoke(HttpContext context)
   at Microsoft.AspNetCore.Session.SessionMiddleware.Invoke(HttpContext context)
   at Microsoft.AspNetCore.Builder.StatusCodePagesExtensions.<>c__DisplayClass7_0.<<CreateHandler>b__0>d.MoveNext()
--- End of stack trace from previous location ---
   at Microsoft.AspNetCore.Diagnostics.StatusCodePagesMiddleware.Invoke(HttpContext context)
   at Microsoft.AspNetCore.Diagnostics.DeveloperExceptionPageMiddleware.Invoke(HttpContext context)
2025-05-01 18:44:11.167 +07:00 [DBG] [AppLoader] Starting Application...
2025-05-01 18:44:12.190 +07:00 [DBG] [AppLoader] Configuring Services Application...
2025-05-01 18:44:13.423 +07:00 [DBG] [AppLoader] Configuring Application...
2025-05-01 18:44:13.670 +07:00 [DBG] [AppLoader] Starting Modules Application...
2025-05-01 18:44:13.672 +07:00 [DBG] [AppLoader] Started Application...
2025-05-01 18:49:09.372 +07:00 [DBG] [AppLoader] Starting Application...
2025-05-01 18:49:10.431 +07:00 [DBG] [AppLoader] Configuring Services Application...
2025-05-01 18:49:11.676 +07:00 [DBG] [AppLoader] Configuring Application...
2025-05-01 18:49:12.127 +07:00 [DBG] [AppLoader] Starting Modules Application...
2025-05-01 18:49:12.129 +07:00 [DBG] [AppLoader] Started Application...
2025-05-01 18:50:29.329 +07:00 [DBG] [AppLoader] Starting Application...
2025-05-01 18:50:30.544 +07:00 [DBG] [AppLoader] Configuring Services Application...
2025-05-01 18:50:31.618 +07:00 [DBG] [AppLoader] Configuring Application...
2025-05-01 18:50:31.953 +07:00 [DBG] [AppLoader] Starting Modules Application...
2025-05-01 18:50:31.955 +07:00 [DBG] [AppLoader] Started Application...
2025-05-01 19:07:35.326 +07:00 [DBG] [AppLoader] Starting Application...
2025-05-01 19:07:36.681 +07:00 [DBG] [AppLoader] Configuring Services Application...
2025-05-01 19:07:37.895 +07:00 [DBG] [AppLoader] Configuring Application...
2025-05-01 19:07:38.134 +07:00 [DBG] [AppLoader] Starting Modules Application...
2025-05-01 19:07:38.135 +07:00 [DBG] [AppLoader] Started Application...
2025-05-01 19:08:05.153 +07:00 [DBG] [AppLoader] Starting Application...
2025-05-01 19:08:06.050 +07:00 [DBG] [AppLoader] Configuring Services Application...
2025-05-01 19:08:07.042 +07:00 [DBG] [AppLoader] Configuring Application...
2025-05-01 19:08:07.329 +07:00 [DBG] [AppLoader] Starting Modules Application...
2025-05-01 19:08:07.331 +07:00 [DBG] [AppLoader] Started Application...
2025-05-01 19:09:18.065 +07:00 [DBG] [AppLoader] Starting Application...
2025-05-01 19:09:19.112 +07:00 [DBG] [AppLoader] Configuring Services Application...
2025-05-01 19:09:19.881 +07:00 [DBG] [AppLoader] Configuring Application...
2025-05-01 19:09:20.115 +07:00 [DBG] [AppLoader] Starting Modules Application...
2025-05-01 19:09:20.117 +07:00 [DBG] [AppLoader] Started Application...
2025-05-01 19:11:14.870 +07:00 [DBG] [AppLoader] Starting Application...
2025-05-01 19:11:16.110 +07:00 [DBG] [AppLoader] Configuring Services Application...
2025-05-01 19:11:17.151 +07:00 [DBG] [AppLoader] Configuring Application...
2025-05-01 19:11:17.378 +07:00 [DBG] [AppLoader] Starting Modules Application...
2025-05-01 19:11:17.380 +07:00 [DBG] [AppLoader] Started Application...
2025-05-01 19:12:04.113 +07:00 [DBG] [AppLoader] Starting Application...
2025-05-01 19:12:05.254 +07:00 [DBG] [AppLoader] Configuring Services Application...
2025-05-01 19:12:06.476 +07:00 [DBG] [AppLoader] Configuring Application...
2025-05-01 19:12:06.748 +07:00 [DBG] [AppLoader] Starting Modules Application...
2025-05-01 19:12:06.749 +07:00 [DBG] [AppLoader] Started Application...
2025-05-01 20:42:33.135 +07:00 [DBG] [AppLoader] Starting Application...
2025-05-01 20:42:34.725 +07:00 [DBG] [AppLoader] Configuring Services Application...
2025-05-01 20:42:36.014 +07:00 [DBG] [AppLoader] Configuring Application...
2025-05-01 20:42:36.572 +07:00 [DBG] [AppLoader] Starting Modules Application...
2025-05-01 20:42:36.573 +07:00 [DBG] [AppLoader] Started Application...
2025-05-01 20:59:17.676 +07:00 [DBG] [AppLoader] Starting Application...
2025-05-01 20:59:18.907 +07:00 [DBG] [AppLoader] Configuring Services Application...
2025-05-01 20:59:19.992 +07:00 [DBG] [AppLoader] Configuring Application...
2025-05-01 20:59:20.335 +07:00 [DBG] [AppLoader] Starting Modules Application...
2025-05-01 20:59:20.337 +07:00 [DBG] [AppLoader] Started Application...
2025-05-01 21:00:32.332 +07:00 [DBG] [AppLoader] Starting Application...
2025-05-01 21:00:33.304 +07:00 [DBG] [AppLoader] Configuring Services Application...
2025-05-01 21:00:34.035 +07:00 [DBG] [AppLoader] Configuring Application...
2025-05-01 21:00:34.242 +07:00 [DBG] [AppLoader] Starting Modules Application...
2025-05-01 21:00:34.243 +07:00 [DBG] [AppLoader] Started Application...
2025-05-01 21:02:06.271 +07:00 [DBG] [AppLoader] Starting Application...
2025-05-01 21:02:06.984 +07:00 [DBG] [AppLoader] Configuring Services Application...
2025-05-01 21:02:07.726 +07:00 [DBG] [AppLoader] Configuring Application...
2025-05-01 21:02:07.970 +07:00 [DBG] [AppLoader] Starting Modules Application...
2025-05-01 21:02:07.971 +07:00 [DBG] [AppLoader] Started Application...
2025-05-01 21:02:36.177 +07:00 [ERR] An unhandled exception has occurred while executing the request.
System.InvalidOperationException: RenderBody has not been called for the page at '/Views/Shared/DefaultMarster.cshtml'. To ignore call IgnoreBody().
   at Microsoft.AspNetCore.Mvc.Razor.RazorPage.EnsureRenderedBodyOrSections()
   at Microsoft.AspNetCore.Mvc.Razor.RazorView.RenderLayoutAsync(ViewContext context, ViewBufferTextWriter bodyWriter)
   at Microsoft.AspNetCore.Mvc.Razor.RazorView.RenderAsync(ViewContext context)
   at Microsoft.AspNetCore.Mvc.ViewFeatures.ViewExecutor.ExecuteAsync(ViewContext viewContext, String contentType, Nullable`1 statusCode)
   at Microsoft.AspNetCore.Mvc.ViewFeatures.ViewExecutor.ExecuteAsync(ViewContext viewContext, String contentType, Nullable`1 statusCode)
   at Microsoft.AspNetCore.Mvc.ViewFeatures.ViewExecutor.ExecuteAsync(ActionContext actionContext, IView view, ViewDataDictionary viewData, ITempDataDictionary tempData, String contentType, Nullable`1 statusCode)
   at Microsoft.AspNetCore.Mvc.ViewFeatures.ViewResultExecutor.ExecuteAsync(ActionContext context, ViewResult result)
   at Microsoft.AspNetCore.Mvc.ViewResult.ExecuteResultAsync(ActionContext context)
   at Microsoft.AspNetCore.Mvc.Infrastructure.ResourceInvoker.<InvokeNextResultFilterAsync>g__Awaited|30_0[TFilter,TFilterAsync](ResourceInvoker invoker, Task lastTask, State next, Scope scope, Object state, Boolean isCompleted)
   at Microsoft.AspNetCore.Mvc.Infrastructure.ResourceInvoker.Rethrow(ResultExecutedContextSealed context)
   at Microsoft.AspNetCore.Mvc.Infrastructure.ResourceInvoker.ResultNext[TFilter,TFilterAsync](State& next, Scope& scope, Object& state, Boolean& isCompleted)
   at Microsoft.AspNetCore.Mvc.Infrastructure.ResourceInvoker.InvokeResultFilters()
--- End of stack trace from previous location ---
   at Microsoft.AspNetCore.Mvc.Infrastructure.ResourceInvoker.<InvokeNextResourceFilter>g__Awaited|25_0(ResourceInvoker invoker, Task lastTask, State next, Scope scope, Object state, Boolean isCompleted)
   at Microsoft.AspNetCore.Mvc.Infrastructure.ResourceInvoker.Rethrow(ResourceExecutedContextSealed context)
   at Microsoft.AspNetCore.Mvc.Infrastructure.ResourceInvoker.Next(State& next, Scope& scope, Object& state, Boolean& isCompleted)
   at Microsoft.AspNetCore.Mvc.Infrastructure.ResourceInvoker.InvokeFilterPipelineAsync()
--- End of stack trace from previous location ---
   at Microsoft.AspNetCore.Mvc.Infrastructure.ResourceInvoker.<InvokeAsync>g__Awaited|17_0(ResourceInvoker invoker, Task task, IDisposable scope)
   at Microsoft.AspNetCore.Mvc.Infrastructure.ResourceInvoker.<InvokeAsync>g__Awaited|17_0(ResourceInvoker invoker, Task task, IDisposable scope)
   at Microsoft.AspNetCore.Routing.EndpointMiddleware.<Invoke>g__AwaitRequestTask|6_0(Endpoint endpoint, Task requestTask, ILogger logger)
   at VSW.Website.Middleware.DynamicRouteMiddleware.Invoke(HttpContext context, ISiteServiceInterface siteService, IPageServiceInterface pageService, ITemplateServiceInterface templateService) in C:\Users\ADMIN\OneDrive\Desktop\Obibi\VSW.Website\Middleware\DynamicRouteMiddleware.cs:line 90
   at Microsoft.AspNetCore.Localization.RequestLocalizationMiddleware.Invoke(HttpContext context)
   at Microsoft.AspNetCore.Session.SessionMiddleware.Invoke(HttpContext context)
   at Microsoft.AspNetCore.Session.SessionMiddleware.Invoke(HttpContext context)
   at Microsoft.AspNetCore.Diagnostics.StatusCodePagesMiddleware.Invoke(HttpContext context)
   at Microsoft.AspNetCore.Diagnostics.DeveloperExceptionPageMiddleware.Invoke(HttpContext context)
2025-05-01 21:03:29.865 +07:00 [DBG] [AppLoader] Starting Application...
2025-05-01 21:03:30.554 +07:00 [DBG] [AppLoader] Configuring Services Application...
2025-05-01 21:03:31.184 +07:00 [DBG] [AppLoader] Configuring Application...
2025-05-01 21:03:31.324 +07:00 [DBG] [AppLoader] Starting Modules Application...
2025-05-01 21:03:31.325 +07:00 [DBG] [AppLoader] Started Application...
2025-05-01 21:04:40.353 +07:00 [ERR] An unhandled exception has occurred while executing the request.
System.InvalidOperationException: RenderBody has not been called for the page at '/Views/Shared/DefaultMarster.cshtml'. To ignore call IgnoreBody().
   at Microsoft.AspNetCore.Mvc.Razor.RazorPage.EnsureRenderedBodyOrSections()
   at Microsoft.AspNetCore.Mvc.Razor.RazorView.RenderLayoutAsync(ViewContext context, ViewBufferTextWriter bodyWriter)
   at Microsoft.AspNetCore.Mvc.Razor.RazorView.RenderAsync(ViewContext context)
   at Microsoft.AspNetCore.Mvc.ViewFeatures.ViewExecutor.ExecuteAsync(ViewContext viewContext, String contentType, Nullable`1 statusCode)
   at Microsoft.AspNetCore.Mvc.ViewFeatures.ViewExecutor.ExecuteAsync(ViewContext viewContext, String contentType, Nullable`1 statusCode)
   at Microsoft.AspNetCore.Mvc.ViewFeatures.ViewExecutor.ExecuteAsync(ActionContext actionContext, IView view, ViewDataDictionary viewData, ITempDataDictionary tempData, String contentType, Nullable`1 statusCode)
   at Microsoft.AspNetCore.Mvc.ViewFeatures.ViewResultExecutor.ExecuteAsync(ActionContext context, ViewResult result)
   at Microsoft.AspNetCore.Mvc.ViewResult.ExecuteResultAsync(ActionContext context)
   at Microsoft.AspNetCore.Mvc.Infrastructure.ResourceInvoker.<InvokeNextResultFilterAsync>g__Awaited|30_0[TFilter,TFilterAsync](ResourceInvoker invoker, Task lastTask, State next, Scope scope, Object state, Boolean isCompleted)
   at Microsoft.AspNetCore.Mvc.Infrastructure.ResourceInvoker.Rethrow(ResultExecutedContextSealed context)
   at Microsoft.AspNetCore.Mvc.Infrastructure.ResourceInvoker.ResultNext[TFilter,TFilterAsync](State& next, Scope& scope, Object& state, Boolean& isCompleted)
   at Microsoft.AspNetCore.Mvc.Infrastructure.ResourceInvoker.InvokeResultFilters()
--- End of stack trace from previous location ---
   at Microsoft.AspNetCore.Mvc.Infrastructure.ResourceInvoker.<InvokeNextResourceFilter>g__Awaited|25_0(ResourceInvoker invoker, Task lastTask, State next, Scope scope, Object state, Boolean isCompleted)
   at Microsoft.AspNetCore.Mvc.Infrastructure.ResourceInvoker.Rethrow(ResourceExecutedContextSealed context)
   at Microsoft.AspNetCore.Mvc.Infrastructure.ResourceInvoker.Next(State& next, Scope& scope, Object& state, Boolean& isCompleted)
   at Microsoft.AspNetCore.Mvc.Infrastructure.ResourceInvoker.InvokeFilterPipelineAsync()
--- End of stack trace from previous location ---
   at Microsoft.AspNetCore.Mvc.Infrastructure.ResourceInvoker.<InvokeAsync>g__Awaited|17_0(ResourceInvoker invoker, Task task, IDisposable scope)
   at Microsoft.AspNetCore.Mvc.Infrastructure.ResourceInvoker.<InvokeAsync>g__Awaited|17_0(ResourceInvoker invoker, Task task, IDisposable scope)
   at Microsoft.AspNetCore.Routing.EndpointMiddleware.<Invoke>g__AwaitRequestTask|6_0(Endpoint endpoint, Task requestTask, ILogger logger)
   at VSW.Website.Middleware.DynamicRouteMiddleware.Invoke(HttpContext context, ISiteServiceInterface siteService, IPageServiceInterface pageService, ITemplateServiceInterface templateService) in C:\Users\ADMIN\OneDrive\Desktop\Obibi\VSW.Website\Middleware\DynamicRouteMiddleware.cs:line 90
   at Microsoft.AspNetCore.Localization.RequestLocalizationMiddleware.Invoke(HttpContext context)
   at Microsoft.AspNetCore.Session.SessionMiddleware.Invoke(HttpContext context)
   at Microsoft.AspNetCore.Session.SessionMiddleware.Invoke(HttpContext context)
   at Microsoft.AspNetCore.Diagnostics.StatusCodePagesMiddleware.Invoke(HttpContext context)
   at Microsoft.AspNetCore.Diagnostics.DeveloperExceptionPageMiddleware.Invoke(HttpContext context)
2025-05-01 21:12:35.575 +07:00 [DBG] [AppLoader] Starting Application...
2025-05-01 21:12:36.219 +07:00 [DBG] [AppLoader] Configuring Services Application...
2025-05-01 21:12:37.125 +07:00 [DBG] [AppLoader] Configuring Application...
2025-05-01 21:12:37.335 +07:00 [DBG] [AppLoader] Starting Modules Application...
2025-05-01 21:12:37.337 +07:00 [DBG] [AppLoader] Started Application...
