2025-05-05 21:00:08.219 +07:00 [DBG] [AppLoader] Starting Application...
2025-05-05 21:00:08.779 +07:00 [DBG] [AppLoader] Configuring Services Application...
2025-05-05 21:00:10.764 +07:00 [DBG] [AppLoader] Configuring Application...
2025-05-05 21:00:11.724 +07:00 [DBG] [AppLoader] Starting Modules Application...
2025-05-05 21:00:11.727 +07:00 [DBG] [AppLoader] Started Application...
2025-05-05 21:01:42.689 +07:00 [DBG] [AppLoader] Starting Application...
2025-05-05 21:01:43.148 +07:00 [DBG] [AppLoader] Configuring Services Application...
2025-05-05 21:01:43.538 +07:00 [DBG] [AppLoader] Configuring Application...
2025-05-05 21:01:43.752 +07:00 [DBG] [AppLoader] Starting Modules Application...
2025-05-05 21:01:43.755 +07:00 [DBG] [AppLoader] Started Application...
2025-05-05 21:04:26.079 +07:00 [DBG] [AppLoader] Starting Application...
2025-05-05 21:04:26.461 +07:00 [DBG] [AppLoader] Configuring Services Application...
2025-05-05 21:04:26.959 +07:00 [DBG] [AppLoader] Configuring Application...
2025-05-05 21:04:27.181 +07:00 [DBG] [AppLoader] Starting Modules Application...
2025-05-05 21:04:27.184 +07:00 [DBG] [AppLoader] Started Application...
2025-05-05 21:14:59.533 +07:00 [DBG] [AppLoader] Starting Application...
2025-05-05 21:15:00.193 +07:00 [DBG] [AppLoader] Configuring Services Application...
2025-05-05 21:15:02.599 +07:00 [DBG] [AppLoader] Configuring Application...
2025-05-05 21:15:03.896 +07:00 [DBG] [AppLoader] Starting Modules Application...
2025-05-05 21:15:03.898 +07:00 [DBG] [AppLoader] Started Application...
2025-05-05 21:15:39.501 +07:00 [DBG] [AppLoader] Starting Application...
2025-05-05 21:15:40.032 +07:00 [DBG] [AppLoader] Configuring Services Application...
2025-05-05 21:15:40.313 +07:00 [DBG] [AppLoader] Configuring Application...
2025-05-05 21:15:40.416 +07:00 [DBG] [AppLoader] Starting Modules Application...
2025-05-05 21:15:40.417 +07:00 [DBG] [AppLoader] Started Application...
2025-05-05 21:16:29.823 +07:00 [DBG] [AppLoader] Starting Application...
2025-05-05 21:16:30.206 +07:00 [DBG] [AppLoader] Configuring Services Application...
2025-05-05 21:16:30.567 +07:00 [DBG] [AppLoader] Configuring Application...
2025-05-05 21:16:30.764 +07:00 [DBG] [AppLoader] Starting Modules Application...
2025-05-05 21:16:30.765 +07:00 [DBG] [AppLoader] Started Application...
2025-05-05 21:17:26.077 +07:00 [DBG] [AppLoader] Starting Application...
2025-05-05 21:17:26.446 +07:00 [DBG] [AppLoader] Configuring Services Application...
2025-05-05 21:17:26.854 +07:00 [DBG] [AppLoader] Configuring Application...
2025-05-05 21:17:26.979 +07:00 [DBG] [AppLoader] Starting Modules Application...
2025-05-05 21:17:26.981 +07:00 [DBG] [AppLoader] Started Application...
2025-05-05 21:17:30.666 +07:00 [ERR] An unhandled exception has occurred while executing the request.
System.ArgumentNullException: Value cannot be null. (Parameter '/Views/Partial/CAdv/Slide.cshtml không tìm thấy.')
   at VSW.Website.DataBase.Services.ViewRenderService.PartialAsync(String viewPath, Object model, ViewDataDictionary viewData) in C:\Users\ADMIN\OneDrive\Desktop\Obibi\VSW.Website\DataBase\Services\ViewRenderService.cs:line 51
   at VSW.Website.TagHelpers.Component.AdvTagHelper.ProcessAsync(TagHelperContext context, TagHelperOutput output) in C:\Users\ADMIN\OneDrive\Desktop\Obibi\VSW.Website\TagHelpers\Component\AdvTagHelper.cs:line 59
   at Microsoft.AspNetCore.Razor.Runtime.TagHelpers.TagHelperRunner.<RunAsync>g__Awaited|0_0(Task task, TagHelperExecutionContext executionContext, Int32 i, Int32 count)
   at AspNetCoreGeneratedDocument.Views_Shared_DefaultMarster.<ExecuteAsync>b__53_1() in C:\Users\ADMIN\OneDrive\Desktop\Obibi\VSW.Website\Views\Shared\DefaultMarster.cshtml:line 0
   at Microsoft.AspNetCore.Razor.Runtime.TagHelpers.TagHelperExecutionContext.SetOutputContentAsync()
   at AspNetCoreGeneratedDocument.Views_Shared_DefaultMarster.ExecuteAsync()
   at Microsoft.AspNetCore.Mvc.Razor.RazorView.RenderPageCoreAsync(IRazorPage page, ViewContext context)
   at Microsoft.AspNetCore.Mvc.Razor.RazorView.RenderPageAsync(IRazorPage page, ViewContext context, Boolean invokeViewStarts)
   at Microsoft.AspNetCore.Mvc.Razor.RazorView.RenderLayoutAsync(ViewContext context, ViewBufferTextWriter bodyWriter)
   at Microsoft.AspNetCore.Mvc.Razor.RazorView.RenderAsync(ViewContext context)
   at Microsoft.AspNetCore.Mvc.ViewFeatures.ViewExecutor.ExecuteAsync(ViewContext viewContext, String contentType, Nullable`1 statusCode)
   at Microsoft.AspNetCore.Mvc.ViewFeatures.ViewExecutor.ExecuteAsync(ViewContext viewContext, String contentType, Nullable`1 statusCode)
   at Microsoft.AspNetCore.Mvc.ViewFeatures.ViewExecutor.ExecuteAsync(ActionContext actionContext, IView view, ViewDataDictionary viewData, ITempDataDictionary tempData, String contentType, Nullable`1 statusCode)
   at Microsoft.AspNetCore.Mvc.ViewFeatures.ViewResultExecutor.ExecuteAsync(ActionContext context, ViewResult result)
   at Microsoft.AspNetCore.Mvc.ViewResult.ExecuteResultAsync(ActionContext context)
   at Microsoft.AspNetCore.Mvc.Infrastructure.ResourceInvoker.<InvokeNextResultFilterAsync>g__Awaited|30_0[TFilter,TFilterAsync](ResourceInvoker invoker, Task lastTask, State next, Scope scope, Object state, Boolean isCompleted)
   at Microsoft.AspNetCore.Mvc.Infrastructure.ResourceInvoker.Rethrow(ResultExecutedContextSealed context)
   at Microsoft.AspNetCore.Mvc.Infrastructure.ResourceInvoker.ResultNext[TFilter,TFilterAsync](State& next, Scope& scope, Object& state, Boolean& isCompleted)
   at Microsoft.AspNetCore.Mvc.Infrastructure.ResourceInvoker.<InvokeResultFilters>g__Awaited|28_0(ResourceInvoker invoker, Task lastTask, State next, Scope scope, Object state, Boolean isCompleted)
   at Microsoft.AspNetCore.Mvc.Infrastructure.ResourceInvoker.<InvokeNextResourceFilter>g__Awaited|25_0(ResourceInvoker invoker, Task lastTask, State next, Scope scope, Object state, Boolean isCompleted)
   at Microsoft.AspNetCore.Mvc.Infrastructure.ResourceInvoker.Rethrow(ResourceExecutedContextSealed context)
   at Microsoft.AspNetCore.Mvc.Infrastructure.ResourceInvoker.Next(State& next, Scope& scope, Object& state, Boolean& isCompleted)
   at Microsoft.AspNetCore.Mvc.Infrastructure.ResourceInvoker.<InvokeFilterPipelineAsync>g__Awaited|20_0(ResourceInvoker invoker, Task lastTask, State next, Scope scope, Object state, Boolean isCompleted)
   at Microsoft.AspNetCore.Mvc.Infrastructure.ResourceInvoker.<InvokeAsync>g__Awaited|17_0(ResourceInvoker invoker, Task task, IDisposable scope)
   at Microsoft.AspNetCore.Mvc.Infrastructure.ResourceInvoker.<InvokeAsync>g__Awaited|17_0(ResourceInvoker invoker, Task task, IDisposable scope)
   at Microsoft.AspNetCore.Routing.EndpointMiddleware.<Invoke>g__AwaitRequestTask|6_0(Endpoint endpoint, Task requestTask, ILogger logger)
   at VSW.Website.Middleware.DynamicRouteMiddleware.Invoke(HttpContext context, ISiteServiceInterface siteService, IPageServiceInterface pageService, ITemplateServiceInterface templateService) in C:\Users\ADMIN\OneDrive\Desktop\Obibi\VSW.Website\Middleware\DynamicRouteMiddleware.cs:line 90
   at Microsoft.AspNetCore.Localization.RequestLocalizationMiddleware.Invoke(HttpContext context)
   at Microsoft.AspNetCore.Session.SessionMiddleware.Invoke(HttpContext context)
   at Microsoft.AspNetCore.Session.SessionMiddleware.Invoke(HttpContext context)
   at Microsoft.AspNetCore.Diagnostics.StatusCodePagesMiddleware.Invoke(HttpContext context)
   at Microsoft.AspNetCore.Diagnostics.DeveloperExceptionPageMiddleware.Invoke(HttpContext context)
2025-05-05 21:20:02.295 +07:00 [DBG] [AppLoader] Starting Application...
2025-05-05 21:20:02.661 +07:00 [DBG] [AppLoader] Configuring Services Application...
2025-05-05 21:20:03.049 +07:00 [DBG] [AppLoader] Configuring Application...
2025-05-05 21:20:03.155 +07:00 [DBG] [AppLoader] Starting Modules Application...
2025-05-05 21:20:03.156 +07:00 [DBG] [AppLoader] Started Application...
