2025-05-03 00:32:55.364 +07:00 [DBG] [AppLoader] Starting Application...
2025-05-03 00:32:56.544 +07:00 [DBG] [AppLoader] Configuring Services Application...
2025-05-03 00:32:57.654 +07:00 [DBG] [AppLoader] Configuring Application...
2025-05-03 00:32:58.001 +07:00 [DBG] [AppLoader] Starting Modules Application...
2025-05-03 00:32:58.003 +07:00 [DBG] [AppLoader] Started Application...
2025-05-03 00:33:29.962 +07:00 [ERR] An unhandled exception has occurred while executing the request.
System.NullReferenceException: Object reference not set to an instance of an object.
   at lambda_method185(Closure , Expression , IDataContext , Object[] )
   at LinqToDB.Linq.QueryRunner.SetParameters(Query query, Expression expression, IDataContext parametersContext, Object[] parameters, Int32 queryNumber, SqlParameterValues parameterValues)
   at LinqToDB.Linq.QueryRunnerBase.SetCommand(Boolean forGetSqlText)
   at LinqToDB.Data.DataConnection.QueryRunner.ExecuteReaderAsync(CancellationToken cancellationToken)
   at LinqToDB.Linq.QueryRunner.ExecuteQueryAsync[T](Query query, IDataContext dataContext, Mapper`1 mapper, Expression expression, Object[] ps, Object[] preambles, Int32 queryNumber, Func`2 func, TakeSkipDelegate skipAction, TakeSkipDelegate takeAction, CancellationToken cancellationToken)
   at LinqToDB.Linq.QueryRunner.ExecuteQueryAsync[T](Query query, IDataContext dataContext, Mapper`1 mapper, Expression expression, Object[] ps, Object[] preambles, Int32 queryNumber, Func`2 func, TakeSkipDelegate skipAction, TakeSkipDelegate takeAction, CancellationToken cancellationToken)
   at LinqToDB.Linq.QueryRunner.ExecuteQueryAsync[T](Query query, IDataContext dataContext, Mapper`1 mapper, Expression expression, Object[] ps, Object[] preambles, Int32 queryNumber, Func`2 func, TakeSkipDelegate skipAction, TakeSkipDelegate takeAction, CancellationToken cancellationToken)
   at LinqToDB.Linq.ExpressionQuery`1.GetForEachAsync(Action`1 action, CancellationToken cancellationToken)
   at LinqToDB.Linq.ExpressionQuery`1.GetForEachAsync(Action`1 action, CancellationToken cancellationToken)
   at LinqToDB.AsyncExtensions.ToListAsync[TSource](IQueryable`1 source, CancellationToken token)
   at VSW.Website.TagHelpers.Component.MenuTagHelper.ProcessAsync(TagHelperContext context, TagHelperOutput output) in C:\Users\ADMIN\OneDrive\Desktop\Obibi\VSW.Website\TagHelpers\Component\MenuTagHelper.cs:line 48
   at Microsoft.AspNetCore.Razor.Runtime.TagHelpers.TagHelperRunner.<RunAsync>g__Awaited|0_0(Task task, TagHelperExecutionContext executionContext, Int32 i, Int32 count)
   at AspNetCoreGeneratedDocument.Views_Shared_DefaultMarster.<ExecuteAsync>b__50_1() in C:\Users\ADMIN\OneDrive\Desktop\Obibi\VSW.Website\Views\Shared\DefaultMarster.cshtml:line 0
   at Microsoft.AspNetCore.Razor.Runtime.TagHelpers.TagHelperExecutionContext.SetOutputContentAsync()
   at AspNetCoreGeneratedDocument.Views_Shared_DefaultMarster.ExecuteAsync()
   at Microsoft.AspNetCore.Mvc.Razor.RazorView.RenderPageCoreAsync(IRazorPage page, ViewContext context)
   at Microsoft.AspNetCore.Mvc.Razor.RazorView.RenderPageAsync(IRazorPage page, ViewContext context, Boolean invokeViewStarts)
   at Microsoft.AspNetCore.Mvc.Razor.RazorView.RenderLayoutAsync(ViewContext context, ViewBufferTextWriter bodyWriter)
   at Microsoft.AspNetCore.Mvc.Razor.RazorView.RenderAsync(ViewContext context)
   at Microsoft.AspNetCore.Mvc.ViewFeatures.ViewExecutor.ExecuteAsync(ViewContext viewContext, String contentType, Nullable`1 statusCode)
   at Microsoft.AspNetCore.Mvc.ViewFeatures.ViewExecutor.ExecuteAsync(ViewContext viewContext, String contentType, Nullable`1 statusCode)
   at Microsoft.AspNetCore.Mvc.ViewFeatures.ViewExecutor.ExecuteAsync(ActionContext actionContext, IView view, ViewDataDictionary viewData, ITempDataDictionary tempData, String contentType, Nullable`1 statusCode)
   at Microsoft.AspNetCore.Mvc.ViewFeatures.ViewResultExecutor.ExecuteAsync(ActionContext context, ViewResult result)
   at Microsoft.AspNetCore.Mvc.ViewResult.ExecuteResultAsync(ActionContext context)
   at Microsoft.AspNetCore.Mvc.Infrastructure.ResourceInvoker.<InvokeNextResultFilterAsync>g__Awaited|30_0[TFilter,TFilterAsync](ResourceInvoker invoker, Task lastTask, State next, Scope scope, Object state, Boolean isCompleted)
   at Microsoft.AspNetCore.Mvc.Infrastructure.ResourceInvoker.Rethrow(ResultExecutedContextSealed context)
   at Microsoft.AspNetCore.Mvc.Infrastructure.ResourceInvoker.ResultNext[TFilter,TFilterAsync](State& next, Scope& scope, Object& state, Boolean& isCompleted)
   at Microsoft.AspNetCore.Mvc.Infrastructure.ResourceInvoker.<InvokeResultFilters>g__Awaited|28_0(ResourceInvoker invoker, Task lastTask, State next, Scope scope, Object state, Boolean isCompleted)
   at Microsoft.AspNetCore.Mvc.Infrastructure.ResourceInvoker.<InvokeNextResourceFilter>g__Awaited|25_0(ResourceInvoker invoker, Task lastTask, State next, Scope scope, Object state, Boolean isCompleted)
   at Microsoft.AspNetCore.Mvc.Infrastructure.ResourceInvoker.Rethrow(ResourceExecutedContextSealed context)
   at Microsoft.AspNetCore.Mvc.Infrastructure.ResourceInvoker.Next(State& next, Scope& scope, Object& state, Boolean& isCompleted)
   at Microsoft.AspNetCore.Mvc.Infrastructure.ResourceInvoker.<InvokeFilterPipelineAsync>g__Awaited|20_0(ResourceInvoker invoker, Task lastTask, State next, Scope scope, Object state, Boolean isCompleted)
   at Microsoft.AspNetCore.Mvc.Infrastructure.ResourceInvoker.<InvokeAsync>g__Awaited|17_0(ResourceInvoker invoker, Task task, IDisposable scope)
   at Microsoft.AspNetCore.Mvc.Infrastructure.ResourceInvoker.<InvokeAsync>g__Awaited|17_0(ResourceInvoker invoker, Task task, IDisposable scope)
   at Microsoft.AspNetCore.Routing.EndpointMiddleware.<Invoke>g__AwaitRequestTask|6_0(Endpoint endpoint, Task requestTask, ILogger logger)
   at VSW.Website.Middleware.DynamicRouteMiddleware.Invoke(HttpContext context, ISiteServiceInterface siteService, IPageServiceInterface pageService, ITemplateServiceInterface templateService) in C:\Users\ADMIN\OneDrive\Desktop\Obibi\VSW.Website\Middleware\DynamicRouteMiddleware.cs:line 90
   at Microsoft.AspNetCore.Localization.RequestLocalizationMiddleware.Invoke(HttpContext context)
   at Microsoft.AspNetCore.Session.SessionMiddleware.Invoke(HttpContext context)
   at Microsoft.AspNetCore.Session.SessionMiddleware.Invoke(HttpContext context)
   at Microsoft.AspNetCore.Diagnostics.StatusCodePagesMiddleware.Invoke(HttpContext context)
   at Microsoft.AspNetCore.Diagnostics.DeveloperExceptionPageMiddleware.Invoke(HttpContext context)
2025-05-03 00:34:16.562 +07:00 [ERR] An unhandled exception has occurred while executing the request.
System.NullReferenceException: Object reference not set to an instance of an object.
   at lambda_method185(Closure , Expression , IDataContext , Object[] )
   at LinqToDB.Linq.QueryRunner.SetParameters(Query query, Expression expression, IDataContext parametersContext, Object[] parameters, Int32 queryNumber, SqlParameterValues parameterValues)
   at LinqToDB.Linq.QueryRunnerBase.SetCommand(Boolean forGetSqlText)
   at LinqToDB.Data.DataConnection.QueryRunner.ExecuteReaderAsync(CancellationToken cancellationToken)
   at LinqToDB.Linq.QueryRunner.ExecuteQueryAsync[T](Query query, IDataContext dataContext, Mapper`1 mapper, Expression expression, Object[] ps, Object[] preambles, Int32 queryNumber, Func`2 func, TakeSkipDelegate skipAction, TakeSkipDelegate takeAction, CancellationToken cancellationToken)
   at LinqToDB.Linq.QueryRunner.ExecuteQueryAsync[T](Query query, IDataContext dataContext, Mapper`1 mapper, Expression expression, Object[] ps, Object[] preambles, Int32 queryNumber, Func`2 func, TakeSkipDelegate skipAction, TakeSkipDelegate takeAction, CancellationToken cancellationToken)
   at LinqToDB.Linq.QueryRunner.ExecuteQueryAsync[T](Query query, IDataContext dataContext, Mapper`1 mapper, Expression expression, Object[] ps, Object[] preambles, Int32 queryNumber, Func`2 func, TakeSkipDelegate skipAction, TakeSkipDelegate takeAction, CancellationToken cancellationToken)
   at LinqToDB.Linq.ExpressionQuery`1.GetForEachAsync(Action`1 action, CancellationToken cancellationToken)
   at LinqToDB.Linq.ExpressionQuery`1.GetForEachAsync(Action`1 action, CancellationToken cancellationToken)
   at LinqToDB.AsyncExtensions.ToListAsync[TSource](IQueryable`1 source, CancellationToken token)
   at VSW.Website.TagHelpers.Component.MenuTagHelper.ProcessAsync(TagHelperContext context, TagHelperOutput output) in C:\Users\ADMIN\OneDrive\Desktop\Obibi\VSW.Website\TagHelpers\Component\MenuTagHelper.cs:line 48
   at Microsoft.AspNetCore.Razor.Runtime.TagHelpers.TagHelperRunner.<RunAsync>g__Awaited|0_0(Task task, TagHelperExecutionContext executionContext, Int32 i, Int32 count)
   at AspNetCoreGeneratedDocument.Views_Shared_DefaultMarster.<ExecuteAsync>b__50_1() in C:\Users\ADMIN\OneDrive\Desktop\Obibi\VSW.Website\Views\Shared\DefaultMarster.cshtml:line 0
   at Microsoft.AspNetCore.Razor.Runtime.TagHelpers.TagHelperExecutionContext.SetOutputContentAsync()
   at AspNetCoreGeneratedDocument.Views_Shared_DefaultMarster.ExecuteAsync()
   at Microsoft.AspNetCore.Mvc.Razor.RazorView.RenderPageCoreAsync(IRazorPage page, ViewContext context)
   at Microsoft.AspNetCore.Mvc.Razor.RazorView.RenderPageAsync(IRazorPage page, ViewContext context, Boolean invokeViewStarts)
   at Microsoft.AspNetCore.Mvc.Razor.RazorView.RenderLayoutAsync(ViewContext context, ViewBufferTextWriter bodyWriter)
   at Microsoft.AspNetCore.Mvc.Razor.RazorView.RenderAsync(ViewContext context)
   at Microsoft.AspNetCore.Mvc.ViewFeatures.ViewExecutor.ExecuteAsync(ViewContext viewContext, String contentType, Nullable`1 statusCode)
   at Microsoft.AspNetCore.Mvc.ViewFeatures.ViewExecutor.ExecuteAsync(ViewContext viewContext, String contentType, Nullable`1 statusCode)
   at Microsoft.AspNetCore.Mvc.ViewFeatures.ViewExecutor.ExecuteAsync(ActionContext actionContext, IView view, ViewDataDictionary viewData, ITempDataDictionary tempData, String contentType, Nullable`1 statusCode)
   at Microsoft.AspNetCore.Mvc.ViewFeatures.ViewResultExecutor.ExecuteAsync(ActionContext context, ViewResult result)
   at Microsoft.AspNetCore.Mvc.ViewResult.ExecuteResultAsync(ActionContext context)
   at Microsoft.AspNetCore.Mvc.Infrastructure.ResourceInvoker.<InvokeNextResultFilterAsync>g__Awaited|30_0[TFilter,TFilterAsync](ResourceInvoker invoker, Task lastTask, State next, Scope scope, Object state, Boolean isCompleted)
   at Microsoft.AspNetCore.Mvc.Infrastructure.ResourceInvoker.Rethrow(ResultExecutedContextSealed context)
   at Microsoft.AspNetCore.Mvc.Infrastructure.ResourceInvoker.ResultNext[TFilter,TFilterAsync](State& next, Scope& scope, Object& state, Boolean& isCompleted)
   at Microsoft.AspNetCore.Mvc.Infrastructure.ResourceInvoker.<InvokeResultFilters>g__Awaited|28_0(ResourceInvoker invoker, Task lastTask, State next, Scope scope, Object state, Boolean isCompleted)
   at Microsoft.AspNetCore.Mvc.Infrastructure.ResourceInvoker.<InvokeNextResourceFilter>g__Awaited|25_0(ResourceInvoker invoker, Task lastTask, State next, Scope scope, Object state, Boolean isCompleted)
   at Microsoft.AspNetCore.Mvc.Infrastructure.ResourceInvoker.Rethrow(ResourceExecutedContextSealed context)
   at Microsoft.AspNetCore.Mvc.Infrastructure.ResourceInvoker.Next(State& next, Scope& scope, Object& state, Boolean& isCompleted)
   at Microsoft.AspNetCore.Mvc.Infrastructure.ResourceInvoker.<InvokeFilterPipelineAsync>g__Awaited|20_0(ResourceInvoker invoker, Task lastTask, State next, Scope scope, Object state, Boolean isCompleted)
   at Microsoft.AspNetCore.Mvc.Infrastructure.ResourceInvoker.<InvokeAsync>g__Awaited|17_0(ResourceInvoker invoker, Task task, IDisposable scope)
   at Microsoft.AspNetCore.Mvc.Infrastructure.ResourceInvoker.<InvokeAsync>g__Awaited|17_0(ResourceInvoker invoker, Task task, IDisposable scope)
   at Microsoft.AspNetCore.Routing.EndpointMiddleware.<Invoke>g__AwaitRequestTask|6_0(Endpoint endpoint, Task requestTask, ILogger logger)
   at VSW.Website.Middleware.DynamicRouteMiddleware.Invoke(HttpContext context, ISiteServiceInterface siteService, IPageServiceInterface pageService, ITemplateServiceInterface templateService) in C:\Users\ADMIN\OneDrive\Desktop\Obibi\VSW.Website\Middleware\DynamicRouteMiddleware.cs:line 90
   at Microsoft.AspNetCore.Localization.RequestLocalizationMiddleware.Invoke(HttpContext context)
   at Microsoft.AspNetCore.Session.SessionMiddleware.Invoke(HttpContext context)
   at Microsoft.AspNetCore.Session.SessionMiddleware.Invoke(HttpContext context)
   at Microsoft.AspNetCore.Diagnostics.StatusCodePagesMiddleware.Invoke(HttpContext context)
   at Microsoft.AspNetCore.Diagnostics.DeveloperExceptionPageMiddleware.Invoke(HttpContext context)
2025-05-03 00:34:46.781 +07:00 [DBG] [AppLoader] Starting Application...
2025-05-03 00:34:47.934 +07:00 [DBG] [AppLoader] Configuring Services Application...
2025-05-03 00:34:49.197 +07:00 [DBG] [AppLoader] Configuring Application...
2025-05-03 00:34:49.435 +07:00 [DBG] [AppLoader] Starting Modules Application...
2025-05-03 00:34:49.436 +07:00 [DBG] [AppLoader] Started Application...
2025-05-03 00:35:22.310 +07:00 [DBG] [AppLoader] Starting Application...
2025-05-03 00:35:23.453 +07:00 [DBG] [AppLoader] Configuring Services Application...
2025-05-03 00:35:24.354 +07:00 [DBG] [AppLoader] Configuring Application...
2025-05-03 00:35:24.648 +07:00 [DBG] [AppLoader] Starting Modules Application...
2025-05-03 00:35:24.649 +07:00 [DBG] [AppLoader] Started Application...
2025-05-03 00:36:49.300 +07:00 [DBG] [AppLoader] Starting Application...
2025-05-03 00:36:50.352 +07:00 [DBG] [AppLoader] Configuring Services Application...
2025-05-03 00:36:51.262 +07:00 [DBG] [AppLoader] Configuring Application...
2025-05-03 00:36:51.481 +07:00 [DBG] [AppLoader] Starting Modules Application...
2025-05-03 00:36:51.482 +07:00 [DBG] [AppLoader] Started Application...
2025-05-03 00:39:23.857 +07:00 [DBG] [AppLoader] Starting Application...
2025-05-03 00:39:24.703 +07:00 [DBG] [AppLoader] Configuring Services Application...
2025-05-03 00:39:26.537 +07:00 [DBG] [AppLoader] Configuring Application...
2025-05-03 00:39:27.204 +07:00 [DBG] [AppLoader] Starting Modules Application...
2025-05-03 00:39:27.208 +07:00 [DBG] [AppLoader] Started Application...
2025-05-03 07:00:57.699 +07:00 [DBG] [AppLoader] Starting Application...
2025-05-03 07:00:58.670 +07:00 [DBG] [AppLoader] Configuring Services Application...
2025-05-03 07:00:59.765 +07:00 [DBG] [AppLoader] Configuring Application...
2025-05-03 07:01:00.013 +07:00 [DBG] [AppLoader] Starting Modules Application...
2025-05-03 07:01:00.017 +07:00 [DBG] [AppLoader] Started Application...
2025-05-03 15:41:31.467 +07:00 [DBG] [AppLoader] Starting Application...
2025-05-03 15:41:31.999 +07:00 [DBG] [AppLoader] Configuring Services Application...
2025-05-03 15:41:34.375 +07:00 [DBG] [AppLoader] Configuring Application...
2025-05-03 15:41:35.286 +07:00 [DBG] [AppLoader] Starting Application...
2025-05-03 15:41:35.625 +07:00 [DBG] [AppLoader] Configuring Services Application...
2025-05-03 15:41:35.945 +07:00 [DBG] [AppLoader] Configuring Application...
2025-05-03 15:41:36.561 +07:00 [DBG] [AppLoader] Starting Modules Application...
2025-05-03 15:41:36.562 +07:00 [DBG] [AppLoader] Started Application...
2025-05-03 15:43:59.846 +07:00 [DBG] [AppLoader] Starting Application...
2025-05-03 15:44:00.345 +07:00 [DBG] [AppLoader] Configuring Services Application...
2025-05-03 15:44:00.835 +07:00 [DBG] [AppLoader] Configuring Application...
2025-05-03 15:44:00.974 +07:00 [DBG] [AppLoader] Starting Modules Application...
2025-05-03 15:44:00.975 +07:00 [DBG] [AppLoader] Started Application...
2025-05-03 16:49:59.794 +07:00 [DBG] [AppLoader] Starting Application...
2025-05-03 16:50:00.613 +07:00 [DBG] [AppLoader] Configuring Services Application...
2025-05-03 16:50:01.373 +07:00 [DBG] [AppLoader] Configuring Application...
2025-05-03 16:50:01.535 +07:00 [DBG] [AppLoader] Starting Modules Application...
2025-05-03 16:50:01.536 +07:00 [DBG] [AppLoader] Started Application...
2025-05-03 16:51:00.513 +07:00 [DBG] [AppLoader] Starting Application...
2025-05-03 16:51:00.817 +07:00 [DBG] [AppLoader] Configuring Services Application...
2025-05-03 16:51:01.131 +07:00 [DBG] [AppLoader] Configuring Application...
2025-05-03 16:51:01.220 +07:00 [DBG] [AppLoader] Starting Modules Application...
2025-05-03 16:51:01.221 +07:00 [DBG] [AppLoader] Started Application...
2025-05-03 17:03:26.083 +07:00 [DBG] [AppLoader] Starting Application...
2025-05-03 17:03:26.710 +07:00 [DBG] [AppLoader] Configuring Services Application...
2025-05-03 17:03:27.528 +07:00 [DBG] [AppLoader] Configuring Application...
2025-05-03 17:03:27.754 +07:00 [DBG] [AppLoader] Starting Modules Application...
2025-05-03 17:03:27.756 +07:00 [DBG] [AppLoader] Started Application...
2025-05-03 17:18:56.366 +07:00 [DBG] [AppLoader] Starting Application...
2025-05-03 17:18:56.996 +07:00 [DBG] [AppLoader] Configuring Services Application...
2025-05-03 17:18:57.565 +07:00 [DBG] [AppLoader] Configuring Application...
2025-05-03 17:18:57.673 +07:00 [DBG] [AppLoader] Starting Modules Application...
2025-05-03 17:18:57.674 +07:00 [DBG] [AppLoader] Started Application...
