2025-05-11 00:08:56.362 +07:00 [DBG] [AppLoader] Starting Application...
2025-05-11 00:08:57.326 +07:00 [DBG] [AppLoader] Configuring Services Application...
2025-05-11 00:08:57.793 +07:00 [DBG] [AppLoader] Configuring Application...
2025-05-11 00:08:57.936 +07:00 [DBG] [AppLoader] Starting Modules Application...
2025-05-11 00:08:57.937 +07:00 [DBG] [AppLoader] Started Application...
2025-05-11 00:18:08.522 +07:00 [DBG] [AppLoader] Starting Application...
2025-05-11 00:18:09.509 +07:00 [DBG] [AppLoader] Configuring Services Application...
2025-05-11 00:18:09.974 +07:00 [DBG] [AppLoader] Configuring Application...
2025-05-11 00:18:10.138 +07:00 [DBG] [AppLoader] Starting Modules Application...
2025-05-11 00:18:10.139 +07:00 [DBG] [AppLoader] Started Application...
2025-05-11 01:48:54.499 +07:00 [DBG] [AppLoader] Starting Application...
2025-05-11 01:48:57.063 +07:00 [DBG] [AppLoader] Configuring Services Application...
2025-05-11 01:48:57.875 +07:00 [DBG] [AppLoader] Configuring Application...
2025-05-11 01:48:58.101 +07:00 [DBG] [AppLoader] Starting Modules Application...
2025-05-11 01:48:58.102 +07:00 [DBG] [AppLoader] Started Application...
2025-05-11 01:49:29.755 +07:00 [ERR] The view 'Index' was not found. Searched locations: ["/Views/MProduct/Index.cshtml","/Views/Shared/Index.cshtml","/Pages/Shared/Index.cshtml"]
2025-05-11 01:49:29.789 +07:00 [ERR] An unhandled exception has occurred while executing the request.
System.InvalidOperationException: The view 'Index' was not found. The following locations were searched:
/Views/MProduct/Index.cshtml
/Views/Shared/Index.cshtml
/Pages/Shared/Index.cshtml
   at Microsoft.AspNetCore.Mvc.ViewEngines.ViewEngineResult.EnsureSuccessful(IEnumerable`1 originalLocations)
   at Microsoft.AspNetCore.Mvc.ViewFeatures.ViewResultExecutor.ExecuteAsync(ActionContext context, ViewResult result)
   at Microsoft.AspNetCore.Mvc.ViewResult.ExecuteResultAsync(ActionContext context)
   at Microsoft.AspNetCore.Mvc.Infrastructure.ResourceInvoker.<InvokeNextResultFilterAsync>g__Awaited|30_0[TFilter,TFilterAsync](ResourceInvoker invoker, Task lastTask, State next, Scope scope, Object state, Boolean isCompleted)
   at Microsoft.AspNetCore.Mvc.Infrastructure.ResourceInvoker.Rethrow(ResultExecutedContextSealed context)
   at Microsoft.AspNetCore.Mvc.Infrastructure.ResourceInvoker.ResultNext[TFilter,TFilterAsync](State& next, Scope& scope, Object& state, Boolean& isCompleted)
   at Microsoft.AspNetCore.Mvc.Infrastructure.ResourceInvoker.InvokeResultFilters()
--- End of stack trace from previous location ---
   at Microsoft.AspNetCore.Mvc.Infrastructure.ResourceInvoker.<InvokeNextResourceFilter>g__Awaited|25_0(ResourceInvoker invoker, Task lastTask, State next, Scope scope, Object state, Boolean isCompleted)
   at Microsoft.AspNetCore.Mvc.Infrastructure.ResourceInvoker.Rethrow(ResourceExecutedContextSealed context)
   at Microsoft.AspNetCore.Mvc.Infrastructure.ResourceInvoker.Next(State& next, Scope& scope, Object& state, Boolean& isCompleted)
   at Microsoft.AspNetCore.Mvc.Infrastructure.ResourceInvoker.InvokeFilterPipelineAsync()
--- End of stack trace from previous location ---
   at Microsoft.AspNetCore.Mvc.Infrastructure.ResourceInvoker.<InvokeAsync>g__Awaited|17_0(ResourceInvoker invoker, Task task, IDisposable scope)
   at Microsoft.AspNetCore.Mvc.Infrastructure.ResourceInvoker.<InvokeAsync>g__Awaited|17_0(ResourceInvoker invoker, Task task, IDisposable scope)
   at Microsoft.AspNetCore.Routing.EndpointMiddleware.<Invoke>g__AwaitRequestTask|6_0(Endpoint endpoint, Task requestTask, ILogger logger)
   at VSW.Website.Middleware.DynamicRouteMiddleware.Invoke(HttpContext context, ISiteServiceInterface siteService, IPageServiceInterface pageService, ITemplateServiceInterface templateService) in C:\Users\ADMIN\OneDrive\Desktop\Obibi\VSW.Website\Middleware\DynamicRouteMiddleware.cs:line 91
   at Microsoft.AspNetCore.Localization.RequestLocalizationMiddleware.Invoke(HttpContext context)
   at Microsoft.AspNetCore.Session.SessionMiddleware.Invoke(HttpContext context)
   at Microsoft.AspNetCore.Session.SessionMiddleware.Invoke(HttpContext context)
   at Microsoft.AspNetCore.Diagnostics.StatusCodePagesMiddleware.Invoke(HttpContext context)
   at Microsoft.AspNetCore.Diagnostics.DeveloperExceptionPageMiddleware.Invoke(HttpContext context)
2025-05-11 01:49:29.838 +07:00 [ERR] The view 'Index' was not found. Searched locations: ["/Views/MProduct/Index.cshtml","/Views/Shared/Index.cshtml","/Pages/Shared/Index.cshtml"]
2025-05-11 01:49:30.053 +07:00 [ERR] An unhandled exception has occurred while executing the request.
System.InvalidOperationException: The view 'Index' was not found. The following locations were searched:
/Views/MProduct/Index.cshtml
/Views/Shared/Index.cshtml
/Pages/Shared/Index.cshtml
   at Microsoft.AspNetCore.Mvc.ViewEngines.ViewEngineResult.EnsureSuccessful(IEnumerable`1 originalLocations)
   at Microsoft.AspNetCore.Mvc.ViewFeatures.ViewResultExecutor.ExecuteAsync(ActionContext context, ViewResult result)
   at Microsoft.AspNetCore.Mvc.ViewResult.ExecuteResultAsync(ActionContext context)
   at Microsoft.AspNetCore.Mvc.Infrastructure.ResourceInvoker.<InvokeNextResultFilterAsync>g__Awaited|30_0[TFilter,TFilterAsync](ResourceInvoker invoker, Task lastTask, State next, Scope scope, Object state, Boolean isCompleted)
   at Microsoft.AspNetCore.Mvc.Infrastructure.ResourceInvoker.Rethrow(ResultExecutedContextSealed context)
   at Microsoft.AspNetCore.Mvc.Infrastructure.ResourceInvoker.ResultNext[TFilter,TFilterAsync](State& next, Scope& scope, Object& state, Boolean& isCompleted)
   at Microsoft.AspNetCore.Mvc.Infrastructure.ResourceInvoker.InvokeResultFilters()
--- End of stack trace from previous location ---
   at Microsoft.AspNetCore.Mvc.Infrastructure.ResourceInvoker.<InvokeNextResourceFilter>g__Awaited|25_0(ResourceInvoker invoker, Task lastTask, State next, Scope scope, Object state, Boolean isCompleted)
   at Microsoft.AspNetCore.Mvc.Infrastructure.ResourceInvoker.Rethrow(ResourceExecutedContextSealed context)
   at Microsoft.AspNetCore.Mvc.Infrastructure.ResourceInvoker.Next(State& next, Scope& scope, Object& state, Boolean& isCompleted)
   at Microsoft.AspNetCore.Mvc.Infrastructure.ResourceInvoker.InvokeFilterPipelineAsync()
--- End of stack trace from previous location ---
   at Microsoft.AspNetCore.Mvc.Infrastructure.ResourceInvoker.<InvokeAsync>g__Awaited|17_0(ResourceInvoker invoker, Task task, IDisposable scope)
   at Microsoft.AspNetCore.Mvc.Infrastructure.ResourceInvoker.<InvokeAsync>g__Awaited|17_0(ResourceInvoker invoker, Task task, IDisposable scope)
   at Microsoft.AspNetCore.Routing.EndpointMiddleware.<Invoke>g__AwaitRequestTask|6_0(Endpoint endpoint, Task requestTask, ILogger logger)
   at VSW.Website.Middleware.DynamicRouteMiddleware.Invoke(HttpContext context, ISiteServiceInterface siteService, IPageServiceInterface pageService, ITemplateServiceInterface templateService) in C:\Users\ADMIN\OneDrive\Desktop\Obibi\VSW.Website\Middleware\DynamicRouteMiddleware.cs:line 91
   at Microsoft.AspNetCore.Localization.RequestLocalizationMiddleware.Invoke(HttpContext context)
   at Microsoft.AspNetCore.Session.SessionMiddleware.Invoke(HttpContext context)
   at Microsoft.AspNetCore.Session.SessionMiddleware.Invoke(HttpContext context)
   at Microsoft.AspNetCore.Diagnostics.StatusCodePagesMiddleware.Invoke(HttpContext context)
   at Microsoft.AspNetCore.Diagnostics.DeveloperExceptionPageMiddleware.Invoke(HttpContext context)
2025-05-11 01:49:30.922 +07:00 [ERR] An unhandled exception has occurred while executing the request.
System.NullReferenceException: Object reference not set to an instance of an object.
   at VSW.Website.BaseController.OnActionExecuting(ActionExecutingContext context) in C:\Users\ADMIN\OneDrive\Desktop\Obibi\VSW.Website\Base\BaseController.cs:line 225
   at Microsoft.AspNetCore.Mvc.Controller.OnActionExecutionAsync(ActionExecutingContext context, ActionExecutionDelegate next)
   at Microsoft.AspNetCore.Mvc.Filters.ControllerActionFilter.OnActionExecutionAsync(ActionExecutingContext context, ActionExecutionDelegate next)
   at Microsoft.AspNetCore.Mvc.Infrastructure.ControllerActionInvoker.Next(State& next, Scope& scope, Object& state, Boolean& isCompleted)
   at Microsoft.AspNetCore.Mvc.Infrastructure.ControllerActionInvoker.InvokeInnerFilterAsync()
--- End of stack trace from previous location ---
   at Microsoft.AspNetCore.Mvc.Infrastructure.ResourceInvoker.<InvokeNextResourceFilter>g__Awaited|25_0(ResourceInvoker invoker, Task lastTask, State next, Scope scope, Object state, Boolean isCompleted)
   at Microsoft.AspNetCore.Mvc.Infrastructure.ResourceInvoker.Rethrow(ResourceExecutedContextSealed context)
   at Microsoft.AspNetCore.Mvc.Infrastructure.ResourceInvoker.Next(State& next, Scope& scope, Object& state, Boolean& isCompleted)
   at Microsoft.AspNetCore.Mvc.Infrastructure.ResourceInvoker.InvokeFilterPipelineAsync()
--- End of stack trace from previous location ---
   at Microsoft.AspNetCore.Mvc.Infrastructure.ResourceInvoker.<InvokeAsync>g__Awaited|17_0(ResourceInvoker invoker, Task task, IDisposable scope)
   at Microsoft.AspNetCore.Mvc.Infrastructure.ResourceInvoker.<InvokeAsync>g__Awaited|17_0(ResourceInvoker invoker, Task task, IDisposable scope)
   at Microsoft.AspNetCore.Routing.EndpointMiddleware.<Invoke>g__AwaitRequestTask|6_0(Endpoint endpoint, Task requestTask, ILogger logger)
   at VSW.Website.Middleware.DynamicRouteMiddleware.Invoke(HttpContext context, ISiteServiceInterface siteService, IPageServiceInterface pageService, ITemplateServiceInterface templateService) in C:\Users\ADMIN\OneDrive\Desktop\Obibi\VSW.Website\Middleware\DynamicRouteMiddleware.cs:line 91
   at Microsoft.AspNetCore.Localization.RequestLocalizationMiddleware.Invoke(HttpContext context)
   at Microsoft.AspNetCore.Session.SessionMiddleware.Invoke(HttpContext context)
   at Microsoft.AspNetCore.Session.SessionMiddleware.Invoke(HttpContext context)
   at Microsoft.AspNetCore.Builder.StatusCodePagesExtensions.<>c__DisplayClass7_0.<<CreateHandler>b__0>d.MoveNext()
--- End of stack trace from previous location ---
   at Microsoft.AspNetCore.Diagnostics.StatusCodePagesMiddleware.Invoke(HttpContext context)
   at Microsoft.AspNetCore.Diagnostics.DeveloperExceptionPageMiddleware.Invoke(HttpContext context)
2025-05-11 01:49:43.441 +07:00 [ERR] The view 'Index' was not found. Searched locations: ["/Views/MProduct/Index.cshtml","/Views/Shared/Index.cshtml","/Pages/Shared/Index.cshtml"]
2025-05-11 01:49:43.443 +07:00 [ERR] An unhandled exception has occurred while executing the request.
System.InvalidOperationException: The view 'Index' was not found. The following locations were searched:
/Views/MProduct/Index.cshtml
/Views/Shared/Index.cshtml
/Pages/Shared/Index.cshtml
   at Microsoft.AspNetCore.Mvc.ViewEngines.ViewEngineResult.EnsureSuccessful(IEnumerable`1 originalLocations)
   at Microsoft.AspNetCore.Mvc.ViewFeatures.ViewResultExecutor.ExecuteAsync(ActionContext context, ViewResult result)
   at Microsoft.AspNetCore.Mvc.ViewResult.ExecuteResultAsync(ActionContext context)
   at Microsoft.AspNetCore.Mvc.Infrastructure.ResourceInvoker.<InvokeNextResultFilterAsync>g__Awaited|30_0[TFilter,TFilterAsync](ResourceInvoker invoker, Task lastTask, State next, Scope scope, Object state, Boolean isCompleted)
   at Microsoft.AspNetCore.Mvc.Infrastructure.ResourceInvoker.Rethrow(ResultExecutedContextSealed context)
   at Microsoft.AspNetCore.Mvc.Infrastructure.ResourceInvoker.ResultNext[TFilter,TFilterAsync](State& next, Scope& scope, Object& state, Boolean& isCompleted)
   at Microsoft.AspNetCore.Mvc.Infrastructure.ResourceInvoker.InvokeResultFilters()
--- End of stack trace from previous location ---
   at Microsoft.AspNetCore.Mvc.Infrastructure.ResourceInvoker.<InvokeNextResourceFilter>g__Awaited|25_0(ResourceInvoker invoker, Task lastTask, State next, Scope scope, Object state, Boolean isCompleted)
   at Microsoft.AspNetCore.Mvc.Infrastructure.ResourceInvoker.Rethrow(ResourceExecutedContextSealed context)
   at Microsoft.AspNetCore.Mvc.Infrastructure.ResourceInvoker.Next(State& next, Scope& scope, Object& state, Boolean& isCompleted)
   at Microsoft.AspNetCore.Mvc.Infrastructure.ResourceInvoker.InvokeFilterPipelineAsync()
--- End of stack trace from previous location ---
   at Microsoft.AspNetCore.Mvc.Infrastructure.ResourceInvoker.<InvokeAsync>g__Awaited|17_0(ResourceInvoker invoker, Task task, IDisposable scope)
   at Microsoft.AspNetCore.Mvc.Infrastructure.ResourceInvoker.<InvokeAsync>g__Awaited|17_0(ResourceInvoker invoker, Task task, IDisposable scope)
   at Microsoft.AspNetCore.Routing.EndpointMiddleware.<Invoke>g__AwaitRequestTask|6_0(Endpoint endpoint, Task requestTask, ILogger logger)
   at VSW.Website.Middleware.DynamicRouteMiddleware.Invoke(HttpContext context, ISiteServiceInterface siteService, IPageServiceInterface pageService, ITemplateServiceInterface templateService) in C:\Users\ADMIN\OneDrive\Desktop\Obibi\VSW.Website\Middleware\DynamicRouteMiddleware.cs:line 91
   at Microsoft.AspNetCore.Localization.RequestLocalizationMiddleware.Invoke(HttpContext context)
   at Microsoft.AspNetCore.Session.SessionMiddleware.Invoke(HttpContext context)
   at Microsoft.AspNetCore.Session.SessionMiddleware.Invoke(HttpContext context)
   at Microsoft.AspNetCore.Diagnostics.StatusCodePagesMiddleware.Invoke(HttpContext context)
   at Microsoft.AspNetCore.Diagnostics.DeveloperExceptionPageMiddleware.Invoke(HttpContext context)
2025-05-11 01:49:43.563 +07:00 [ERR] An unhandled exception has occurred while executing the request.
System.NullReferenceException: Object reference not set to an instance of an object.
   at VSW.Website.BaseController.OnActionExecuting(ActionExecutingContext context) in C:\Users\ADMIN\OneDrive\Desktop\Obibi\VSW.Website\Base\BaseController.cs:line 225
   at Microsoft.AspNetCore.Mvc.Controller.OnActionExecutionAsync(ActionExecutingContext context, ActionExecutionDelegate next)
   at Microsoft.AspNetCore.Mvc.Filters.ControllerActionFilter.OnActionExecutionAsync(ActionExecutingContext context, ActionExecutionDelegate next)
   at Microsoft.AspNetCore.Mvc.Infrastructure.ControllerActionInvoker.Next(State& next, Scope& scope, Object& state, Boolean& isCompleted)
   at Microsoft.AspNetCore.Mvc.Infrastructure.ControllerActionInvoker.InvokeInnerFilterAsync()
--- End of stack trace from previous location ---
   at Microsoft.AspNetCore.Mvc.Infrastructure.ResourceInvoker.<InvokeNextResourceFilter>g__Awaited|25_0(ResourceInvoker invoker, Task lastTask, State next, Scope scope, Object state, Boolean isCompleted)
   at Microsoft.AspNetCore.Mvc.Infrastructure.ResourceInvoker.Rethrow(ResourceExecutedContextSealed context)
   at Microsoft.AspNetCore.Mvc.Infrastructure.ResourceInvoker.Next(State& next, Scope& scope, Object& state, Boolean& isCompleted)
   at Microsoft.AspNetCore.Mvc.Infrastructure.ResourceInvoker.InvokeFilterPipelineAsync()
--- End of stack trace from previous location ---
   at Microsoft.AspNetCore.Mvc.Infrastructure.ResourceInvoker.<InvokeAsync>g__Awaited|17_0(ResourceInvoker invoker, Task task, IDisposable scope)
   at Microsoft.AspNetCore.Mvc.Infrastructure.ResourceInvoker.<InvokeAsync>g__Awaited|17_0(ResourceInvoker invoker, Task task, IDisposable scope)
   at Microsoft.AspNetCore.Routing.EndpointMiddleware.<Invoke>g__AwaitRequestTask|6_0(Endpoint endpoint, Task requestTask, ILogger logger)
   at VSW.Website.Middleware.DynamicRouteMiddleware.Invoke(HttpContext context, ISiteServiceInterface siteService, IPageServiceInterface pageService, ITemplateServiceInterface templateService) in C:\Users\ADMIN\OneDrive\Desktop\Obibi\VSW.Website\Middleware\DynamicRouteMiddleware.cs:line 91
   at Microsoft.AspNetCore.Localization.RequestLocalizationMiddleware.Invoke(HttpContext context)
   at Microsoft.AspNetCore.Session.SessionMiddleware.Invoke(HttpContext context)
   at Microsoft.AspNetCore.Session.SessionMiddleware.Invoke(HttpContext context)
   at Microsoft.AspNetCore.Builder.StatusCodePagesExtensions.<>c__DisplayClass7_0.<<CreateHandler>b__0>d.MoveNext()
--- End of stack trace from previous location ---
   at Microsoft.AspNetCore.Diagnostics.StatusCodePagesMiddleware.Invoke(HttpContext context)
   at Microsoft.AspNetCore.Diagnostics.DeveloperExceptionPageMiddleware.Invoke(HttpContext context)
2025-05-11 01:50:53.023 +07:00 [ERR] An unhandled exception has occurred while executing the request.
System.Data.SqlClient.SqlException (0x80131904): The number of rows provided for a FETCH clause must be greater then zero.
   at System.Data.SqlClient.SqlConnection.OnError(SqlException exception, Boolean breakConnection, Action`1 wrapCloseInAction)
   at System.Data.SqlClient.SqlInternalConnection.OnError(SqlException exception, Boolean breakConnection, Action`1 wrapCloseInAction)
   at System.Data.SqlClient.TdsParser.ThrowExceptionAndWarning(TdsParserStateObject stateObj, Boolean callerHasConnectionLock, Boolean asyncClose)
   at System.Data.SqlClient.TdsParser.TryRun(RunBehavior runBehavior, SqlCommand cmdHandler, SqlDataReader dataStream, BulkCopySimpleResultSet bulkCopyHandler, TdsParserStateObject stateObj, Boolean& dataReady)
   at System.Data.SqlClient.SqlDataReader.TryHasMoreRows(Boolean& moreRows)
   at System.Data.SqlClient.SqlDataReader.TryReadInternal(Boolean setTimeout, Boolean& more)
   at System.Data.SqlClient.SqlDataReader.<>c__DisplayClass190_0.<ReadAsync>b__1(Task t)
   at System.Data.SqlClient.SqlDataReader.InvokeRetryable[T](Func`2 moreFunc, TaskCompletionSource`1 source, IDisposable objectToDispose)
--- End of stack trace from previous location ---
   at LinqToDB.Linq.QueryRunner.ExecuteQueryAsync[T](Query query, IDataContext dataContext, Mapper`1 mapper, Expression expression, Object[] ps, Object[] preambles, Int32 queryNumber, Func`2 func, TakeSkipDelegate skipAction, TakeSkipDelegate takeAction, CancellationToken cancellationToken)
   at LinqToDB.Linq.QueryRunner.ExecuteQueryAsync[T](Query query, IDataContext dataContext, Mapper`1 mapper, Expression expression, Object[] ps, Object[] preambles, Int32 queryNumber, Func`2 func, TakeSkipDelegate skipAction, TakeSkipDelegate takeAction, CancellationToken cancellationToken)
   at LinqToDB.Linq.QueryRunner.ExecuteQueryAsync[T](Query query, IDataContext dataContext, Mapper`1 mapper, Expression expression, Object[] ps, Object[] preambles, Int32 queryNumber, Func`2 func, TakeSkipDelegate skipAction, TakeSkipDelegate takeAction, CancellationToken cancellationToken)
   at LinqToDB.Linq.QueryRunner.ExecuteQueryAsync[T](Query query, IDataContext dataContext, Mapper`1 mapper, Expression expression, Object[] ps, Object[] preambles, Int32 queryNumber, Func`2 func, TakeSkipDelegate skipAction, TakeSkipDelegate takeAction, CancellationToken cancellationToken)
   at LinqToDB.Linq.ExpressionQuery`1.GetForEachAsync(Action`1 action, CancellationToken cancellationToken)
   at LinqToDB.Linq.ExpressionQuery`1.GetForEachAsync(Action`1 action, CancellationToken cancellationToken)
   at LinqToDB.AsyncExtensions.ToListAsync[TSource](IQueryable`1 source, CancellationToken token)
   at VSW.Core.Services.SqlRepositoryExtensions.ToPagingAsync[T](IQueryable`1 query, PagingInfo page) in C:\Users\ADMIN\OneDrive\Desktop\Obibi\Core\VSW.Core.Services\Datasources\SqlRepositories\SqlRepositoryExtensions.cs:line 33
   at VSW.Core.Services.SqlRepositoryExtensions.ToPagingAsync[T](IQueryable`1 query, Int32 pagingIndex, Int32 pagingSize) in C:\Users\ADMIN\OneDrive\Desktop\Obibi\Core\VSW.Core.Services\Datasources\SqlRepositories\SqlRepositoryExtensions.cs:line 27
   at VSW.Website.Controllers.MSearchController.Index(MSearchModel searchModel) in C:\Users\ADMIN\OneDrive\Desktop\Obibi\VSW.Website\Controllers\MSearchController.cs:line 27
   at Microsoft.AspNetCore.Mvc.Infrastructure.ActionMethodExecutor.TaskOfIActionResultExecutor.Execute(IActionResultTypeMapper mapper, ObjectMethodExecutor executor, Object controller, Object[] arguments)
   at Microsoft.AspNetCore.Mvc.Infrastructure.ControllerActionInvoker.<InvokeActionMethodAsync>g__Awaited|12_0(ControllerActionInvoker invoker, ValueTask`1 actionResultValueTask)
   at Microsoft.AspNetCore.Mvc.Infrastructure.ControllerActionInvoker.<InvokeNextActionFilterAsync>g__Awaited|10_0(ControllerActionInvoker invoker, Task lastTask, State next, Scope scope, Object state, Boolean isCompleted)
   at Microsoft.AspNetCore.Mvc.Infrastructure.ControllerActionInvoker.Rethrow(ActionExecutedContextSealed context)
   at Microsoft.AspNetCore.Mvc.Infrastructure.ControllerActionInvoker.Next(State& next, Scope& scope, Object& state, Boolean& isCompleted)
   at Microsoft.AspNetCore.Mvc.Infrastructure.ControllerActionInvoker.<InvokeInnerFilterAsync>g__Awaited|13_0(ControllerActionInvoker invoker, Task lastTask, State next, Scope scope, Object state, Boolean isCompleted)
   at Microsoft.AspNetCore.Mvc.Infrastructure.ResourceInvoker.<InvokeNextResourceFilter>g__Awaited|25_0(ResourceInvoker invoker, Task lastTask, State next, Scope scope, Object state, Boolean isCompleted)
   at Microsoft.AspNetCore.Mvc.Infrastructure.ResourceInvoker.Rethrow(ResourceExecutedContextSealed context)
   at Microsoft.AspNetCore.Mvc.Infrastructure.ResourceInvoker.Next(State& next, Scope& scope, Object& state, Boolean& isCompleted)
   at Microsoft.AspNetCore.Mvc.Infrastructure.ResourceInvoker.<InvokeFilterPipelineAsync>g__Awaited|20_0(ResourceInvoker invoker, Task lastTask, State next, Scope scope, Object state, Boolean isCompleted)
   at Microsoft.AspNetCore.Mvc.Infrastructure.ResourceInvoker.<InvokeAsync>g__Awaited|17_0(ResourceInvoker invoker, Task task, IDisposable scope)
   at Microsoft.AspNetCore.Mvc.Infrastructure.ResourceInvoker.<InvokeAsync>g__Awaited|17_0(ResourceInvoker invoker, Task task, IDisposable scope)
   at Microsoft.AspNetCore.Routing.EndpointMiddleware.<Invoke>g__AwaitRequestTask|6_0(Endpoint endpoint, Task requestTask, ILogger logger)
   at VSW.Website.Middleware.DynamicRouteMiddleware.Invoke(HttpContext context, ISiteServiceInterface siteService, IPageServiceInterface pageService, ITemplateServiceInterface templateService) in C:\Users\ADMIN\OneDrive\Desktop\Obibi\VSW.Website\Middleware\DynamicRouteMiddleware.cs:line 91
   at Microsoft.AspNetCore.Localization.RequestLocalizationMiddleware.Invoke(HttpContext context)
   at Microsoft.AspNetCore.Session.SessionMiddleware.Invoke(HttpContext context)
   at Microsoft.AspNetCore.Session.SessionMiddleware.Invoke(HttpContext context)
   at Microsoft.AspNetCore.Diagnostics.StatusCodePagesMiddleware.Invoke(HttpContext context)
   at Microsoft.AspNetCore.Diagnostics.DeveloperExceptionPageMiddleware.Invoke(HttpContext context)
ClientConnectionId:d91ca481-d939-43d2-ba19-720c7496dd33
Error Number:10744,State:1,Class:15
2025-05-11 01:50:53.924 +07:00 [ERR] An unhandled exception has occurred while executing the request.
System.NullReferenceException: Object reference not set to an instance of an object.
   at VSW.Website.BaseController.OnActionExecuting(ActionExecutingContext context) in C:\Users\ADMIN\OneDrive\Desktop\Obibi\VSW.Website\Base\BaseController.cs:line 225
   at Microsoft.AspNetCore.Mvc.Controller.OnActionExecutionAsync(ActionExecutingContext context, ActionExecutionDelegate next)
   at Microsoft.AspNetCore.Mvc.Filters.ControllerActionFilter.OnActionExecutionAsync(ActionExecutingContext context, ActionExecutionDelegate next)
   at Microsoft.AspNetCore.Mvc.Infrastructure.ControllerActionInvoker.Next(State& next, Scope& scope, Object& state, Boolean& isCompleted)
   at Microsoft.AspNetCore.Mvc.Infrastructure.ControllerActionInvoker.InvokeInnerFilterAsync()
--- End of stack trace from previous location ---
   at Microsoft.AspNetCore.Mvc.Infrastructure.ResourceInvoker.<InvokeNextResourceFilter>g__Awaited|25_0(ResourceInvoker invoker, Task lastTask, State next, Scope scope, Object state, Boolean isCompleted)
   at Microsoft.AspNetCore.Mvc.Infrastructure.ResourceInvoker.Rethrow(ResourceExecutedContextSealed context)
   at Microsoft.AspNetCore.Mvc.Infrastructure.ResourceInvoker.Next(State& next, Scope& scope, Object& state, Boolean& isCompleted)
   at Microsoft.AspNetCore.Mvc.Infrastructure.ResourceInvoker.InvokeFilterPipelineAsync()
--- End of stack trace from previous location ---
   at Microsoft.AspNetCore.Mvc.Infrastructure.ResourceInvoker.<InvokeAsync>g__Awaited|17_0(ResourceInvoker invoker, Task task, IDisposable scope)
   at Microsoft.AspNetCore.Mvc.Infrastructure.ResourceInvoker.<InvokeAsync>g__Awaited|17_0(ResourceInvoker invoker, Task task, IDisposable scope)
   at Microsoft.AspNetCore.Routing.EndpointMiddleware.<Invoke>g__AwaitRequestTask|6_0(Endpoint endpoint, Task requestTask, ILogger logger)
   at VSW.Website.Middleware.DynamicRouteMiddleware.Invoke(HttpContext context, ISiteServiceInterface siteService, IPageServiceInterface pageService, ITemplateServiceInterface templateService) in C:\Users\ADMIN\OneDrive\Desktop\Obibi\VSW.Website\Middleware\DynamicRouteMiddleware.cs:line 91
   at Microsoft.AspNetCore.Localization.RequestLocalizationMiddleware.Invoke(HttpContext context)
   at Microsoft.AspNetCore.Session.SessionMiddleware.Invoke(HttpContext context)
   at Microsoft.AspNetCore.Session.SessionMiddleware.Invoke(HttpContext context)
   at Microsoft.AspNetCore.Builder.StatusCodePagesExtensions.<>c__DisplayClass7_0.<<CreateHandler>b__0>d.MoveNext()
--- End of stack trace from previous location ---
   at Microsoft.AspNetCore.Diagnostics.StatusCodePagesMiddleware.Invoke(HttpContext context)
   at Microsoft.AspNetCore.Diagnostics.DeveloperExceptionPageMiddleware.Invoke(HttpContext context)
2025-05-11 01:50:58.479 +07:00 [ERR] An unhandled exception has occurred while executing the request.
System.Data.SqlClient.SqlException (0x80131904): The number of rows provided for a FETCH clause must be greater then zero.
   at System.Data.SqlClient.SqlConnection.OnError(SqlException exception, Boolean breakConnection, Action`1 wrapCloseInAction)
   at System.Data.SqlClient.SqlInternalConnection.OnError(SqlException exception, Boolean breakConnection, Action`1 wrapCloseInAction)
   at System.Data.SqlClient.TdsParser.ThrowExceptionAndWarning(TdsParserStateObject stateObj, Boolean callerHasConnectionLock, Boolean asyncClose)
   at System.Data.SqlClient.TdsParser.TryRun(RunBehavior runBehavior, SqlCommand cmdHandler, SqlDataReader dataStream, BulkCopySimpleResultSet bulkCopyHandler, TdsParserStateObject stateObj, Boolean& dataReady)
   at System.Data.SqlClient.SqlDataReader.TryHasMoreRows(Boolean& moreRows)
   at System.Data.SqlClient.SqlDataReader.TryReadInternal(Boolean setTimeout, Boolean& more)
   at System.Data.SqlClient.SqlDataReader.<>c__DisplayClass190_0.<ReadAsync>b__1(Task t)
   at System.Data.SqlClient.SqlDataReader.InvokeRetryable[T](Func`2 moreFunc, TaskCompletionSource`1 source, IDisposable objectToDispose)
--- End of stack trace from previous location ---
   at LinqToDB.Linq.QueryRunner.ExecuteQueryAsync[T](Query query, IDataContext dataContext, Mapper`1 mapper, Expression expression, Object[] ps, Object[] preambles, Int32 queryNumber, Func`2 func, TakeSkipDelegate skipAction, TakeSkipDelegate takeAction, CancellationToken cancellationToken)
   at LinqToDB.Linq.QueryRunner.ExecuteQueryAsync[T](Query query, IDataContext dataContext, Mapper`1 mapper, Expression expression, Object[] ps, Object[] preambles, Int32 queryNumber, Func`2 func, TakeSkipDelegate skipAction, TakeSkipDelegate takeAction, CancellationToken cancellationToken)
   at LinqToDB.Linq.QueryRunner.ExecuteQueryAsync[T](Query query, IDataContext dataContext, Mapper`1 mapper, Expression expression, Object[] ps, Object[] preambles, Int32 queryNumber, Func`2 func, TakeSkipDelegate skipAction, TakeSkipDelegate takeAction, CancellationToken cancellationToken)
   at LinqToDB.Linq.QueryRunner.ExecuteQueryAsync[T](Query query, IDataContext dataContext, Mapper`1 mapper, Expression expression, Object[] ps, Object[] preambles, Int32 queryNumber, Func`2 func, TakeSkipDelegate skipAction, TakeSkipDelegate takeAction, CancellationToken cancellationToken)
   at LinqToDB.Linq.ExpressionQuery`1.GetForEachAsync(Action`1 action, CancellationToken cancellationToken)
   at LinqToDB.Linq.ExpressionQuery`1.GetForEachAsync(Action`1 action, CancellationToken cancellationToken)
   at LinqToDB.AsyncExtensions.ToListAsync[TSource](IQueryable`1 source, CancellationToken token)
   at VSW.Core.Services.SqlRepositoryExtensions.ToPagingAsync[T](IQueryable`1 query, PagingInfo page) in C:\Users\ADMIN\OneDrive\Desktop\Obibi\Core\VSW.Core.Services\Datasources\SqlRepositories\SqlRepositoryExtensions.cs:line 33
   at VSW.Core.Services.SqlRepositoryExtensions.ToPagingAsync[T](IQueryable`1 query, Int32 pagingIndex, Int32 pagingSize) in C:\Users\ADMIN\OneDrive\Desktop\Obibi\Core\VSW.Core.Services\Datasources\SqlRepositories\SqlRepositoryExtensions.cs:line 27
   at VSW.Website.Controllers.MSearchController.Index(MSearchModel searchModel) in C:\Users\ADMIN\OneDrive\Desktop\Obibi\VSW.Website\Controllers\MSearchController.cs:line 27
   at Microsoft.AspNetCore.Mvc.Infrastructure.ActionMethodExecutor.TaskOfIActionResultExecutor.Execute(IActionResultTypeMapper mapper, ObjectMethodExecutor executor, Object controller, Object[] arguments)
   at Microsoft.AspNetCore.Mvc.Infrastructure.ControllerActionInvoker.<InvokeActionMethodAsync>g__Awaited|12_0(ControllerActionInvoker invoker, ValueTask`1 actionResultValueTask)
   at Microsoft.AspNetCore.Mvc.Infrastructure.ControllerActionInvoker.<InvokeNextActionFilterAsync>g__Awaited|10_0(ControllerActionInvoker invoker, Task lastTask, State next, Scope scope, Object state, Boolean isCompleted)
   at Microsoft.AspNetCore.Mvc.Infrastructure.ControllerActionInvoker.Rethrow(ActionExecutedContextSealed context)
   at Microsoft.AspNetCore.Mvc.Infrastructure.ControllerActionInvoker.Next(State& next, Scope& scope, Object& state, Boolean& isCompleted)
   at Microsoft.AspNetCore.Mvc.Infrastructure.ControllerActionInvoker.<InvokeInnerFilterAsync>g__Awaited|13_0(ControllerActionInvoker invoker, Task lastTask, State next, Scope scope, Object state, Boolean isCompleted)
   at Microsoft.AspNetCore.Mvc.Infrastructure.ResourceInvoker.<InvokeNextResourceFilter>g__Awaited|25_0(ResourceInvoker invoker, Task lastTask, State next, Scope scope, Object state, Boolean isCompleted)
   at Microsoft.AspNetCore.Mvc.Infrastructure.ResourceInvoker.Rethrow(ResourceExecutedContextSealed context)
   at Microsoft.AspNetCore.Mvc.Infrastructure.ResourceInvoker.Next(State& next, Scope& scope, Object& state, Boolean& isCompleted)
   at Microsoft.AspNetCore.Mvc.Infrastructure.ResourceInvoker.<InvokeFilterPipelineAsync>g__Awaited|20_0(ResourceInvoker invoker, Task lastTask, State next, Scope scope, Object state, Boolean isCompleted)
   at Microsoft.AspNetCore.Mvc.Infrastructure.ResourceInvoker.<InvokeAsync>g__Awaited|17_0(ResourceInvoker invoker, Task task, IDisposable scope)
   at Microsoft.AspNetCore.Mvc.Infrastructure.ResourceInvoker.<InvokeAsync>g__Awaited|17_0(ResourceInvoker invoker, Task task, IDisposable scope)
   at Microsoft.AspNetCore.Routing.EndpointMiddleware.<Invoke>g__AwaitRequestTask|6_0(Endpoint endpoint, Task requestTask, ILogger logger)
   at VSW.Website.Middleware.DynamicRouteMiddleware.Invoke(HttpContext context, ISiteServiceInterface siteService, IPageServiceInterface pageService, ITemplateServiceInterface templateService) in C:\Users\ADMIN\OneDrive\Desktop\Obibi\VSW.Website\Middleware\DynamicRouteMiddleware.cs:line 91
   at Microsoft.AspNetCore.Localization.RequestLocalizationMiddleware.Invoke(HttpContext context)
   at Microsoft.AspNetCore.Session.SessionMiddleware.Invoke(HttpContext context)
   at Microsoft.AspNetCore.Session.SessionMiddleware.Invoke(HttpContext context)
   at Microsoft.AspNetCore.Diagnostics.StatusCodePagesMiddleware.Invoke(HttpContext context)
   at Microsoft.AspNetCore.Diagnostics.DeveloperExceptionPageMiddleware.Invoke(HttpContext context)
ClientConnectionId:d91ca481-d939-43d2-ba19-720c7496dd33
Error Number:10744,State:1,Class:15
2025-05-11 01:50:58.602 +07:00 [ERR] An unhandled exception has occurred while executing the request.
System.NullReferenceException: Object reference not set to an instance of an object.
   at VSW.Website.BaseController.OnActionExecuting(ActionExecutingContext context) in C:\Users\ADMIN\OneDrive\Desktop\Obibi\VSW.Website\Base\BaseController.cs:line 225
   at Microsoft.AspNetCore.Mvc.Controller.OnActionExecutionAsync(ActionExecutingContext context, ActionExecutionDelegate next)
   at Microsoft.AspNetCore.Mvc.Filters.ControllerActionFilter.OnActionExecutionAsync(ActionExecutingContext context, ActionExecutionDelegate next)
   at Microsoft.AspNetCore.Mvc.Infrastructure.ControllerActionInvoker.Next(State& next, Scope& scope, Object& state, Boolean& isCompleted)
   at Microsoft.AspNetCore.Mvc.Infrastructure.ControllerActionInvoker.InvokeInnerFilterAsync()
--- End of stack trace from previous location ---
   at Microsoft.AspNetCore.Mvc.Infrastructure.ResourceInvoker.<InvokeNextResourceFilter>g__Awaited|25_0(ResourceInvoker invoker, Task lastTask, State next, Scope scope, Object state, Boolean isCompleted)
   at Microsoft.AspNetCore.Mvc.Infrastructure.ResourceInvoker.Rethrow(ResourceExecutedContextSealed context)
   at Microsoft.AspNetCore.Mvc.Infrastructure.ResourceInvoker.Next(State& next, Scope& scope, Object& state, Boolean& isCompleted)
   at Microsoft.AspNetCore.Mvc.Infrastructure.ResourceInvoker.InvokeFilterPipelineAsync()
--- End of stack trace from previous location ---
   at Microsoft.AspNetCore.Mvc.Infrastructure.ResourceInvoker.<InvokeAsync>g__Awaited|17_0(ResourceInvoker invoker, Task task, IDisposable scope)
   at Microsoft.AspNetCore.Mvc.Infrastructure.ResourceInvoker.<InvokeAsync>g__Awaited|17_0(ResourceInvoker invoker, Task task, IDisposable scope)
   at Microsoft.AspNetCore.Routing.EndpointMiddleware.<Invoke>g__AwaitRequestTask|6_0(Endpoint endpoint, Task requestTask, ILogger logger)
   at VSW.Website.Middleware.DynamicRouteMiddleware.Invoke(HttpContext context, ISiteServiceInterface siteService, IPageServiceInterface pageService, ITemplateServiceInterface templateService) in C:\Users\ADMIN\OneDrive\Desktop\Obibi\VSW.Website\Middleware\DynamicRouteMiddleware.cs:line 91
   at Microsoft.AspNetCore.Localization.RequestLocalizationMiddleware.Invoke(HttpContext context)
   at Microsoft.AspNetCore.Session.SessionMiddleware.Invoke(HttpContext context)
   at Microsoft.AspNetCore.Session.SessionMiddleware.Invoke(HttpContext context)
   at Microsoft.AspNetCore.Builder.StatusCodePagesExtensions.<>c__DisplayClass7_0.<<CreateHandler>b__0>d.MoveNext()
--- End of stack trace from previous location ---
   at Microsoft.AspNetCore.Diagnostics.StatusCodePagesMiddleware.Invoke(HttpContext context)
   at Microsoft.AspNetCore.Diagnostics.DeveloperExceptionPageMiddleware.Invoke(HttpContext context)
2025-05-11 01:53:35.227 +07:00 [DBG] [AppLoader] Starting Application...
2025-05-11 01:53:38.862 +07:00 [DBG] [AppLoader] Configuring Services Application...
2025-05-11 01:53:40.775 +07:00 [DBG] [AppLoader] Configuring Application...
2025-05-11 01:53:41.174 +07:00 [DBG] [AppLoader] Starting Modules Application...
2025-05-11 01:53:41.176 +07:00 [DBG] [AppLoader] Started Application...
2025-05-11 01:54:41.336 +07:00 [ERR] An unhandled exception has occurred while executing the request.
System.Data.SqlClient.SqlException (0x80131904): The number of rows provided for a FETCH clause must be greater then zero.
   at System.Data.SqlClient.SqlConnection.OnError(SqlException exception, Boolean breakConnection, Action`1 wrapCloseInAction)
   at System.Data.SqlClient.TdsParser.ThrowExceptionAndWarning(TdsParserStateObject stateObj, Boolean callerHasConnectionLock, Boolean asyncClose)
   at System.Data.SqlClient.TdsParser.TryRun(RunBehavior runBehavior, SqlCommand cmdHandler, SqlDataReader dataStream, BulkCopySimpleResultSet bulkCopyHandler, TdsParserStateObject stateObj, Boolean& dataReady)
   at System.Data.SqlClient.SqlDataReader.TryHasMoreRows(Boolean& moreRows)
   at System.Data.SqlClient.SqlDataReader.TryReadInternal(Boolean setTimeout, Boolean& more)
   at System.Data.SqlClient.SqlDataReader.<>c__DisplayClass190_0.<ReadAsync>b__1(Task t)
   at System.Data.SqlClient.SqlDataReader.InvokeRetryable[T](Func`2 moreFunc, TaskCompletionSource`1 source, IDisposable objectToDispose)
--- End of stack trace from previous location ---
   at LinqToDB.Linq.QueryRunner.ExecuteQueryAsync[T](Query query, IDataContext dataContext, Mapper`1 mapper, Expression expression, Object[] ps, Object[] preambles, Int32 queryNumber, Func`2 func, TakeSkipDelegate skipAction, TakeSkipDelegate takeAction, CancellationToken cancellationToken)
   at LinqToDB.Linq.QueryRunner.ExecuteQueryAsync[T](Query query, IDataContext dataContext, Mapper`1 mapper, Expression expression, Object[] ps, Object[] preambles, Int32 queryNumber, Func`2 func, TakeSkipDelegate skipAction, TakeSkipDelegate takeAction, CancellationToken cancellationToken)
   at LinqToDB.Linq.QueryRunner.ExecuteQueryAsync[T](Query query, IDataContext dataContext, Mapper`1 mapper, Expression expression, Object[] ps, Object[] preambles, Int32 queryNumber, Func`2 func, TakeSkipDelegate skipAction, TakeSkipDelegate takeAction, CancellationToken cancellationToken)
   at LinqToDB.Linq.QueryRunner.ExecuteQueryAsync[T](Query query, IDataContext dataContext, Mapper`1 mapper, Expression expression, Object[] ps, Object[] preambles, Int32 queryNumber, Func`2 func, TakeSkipDelegate skipAction, TakeSkipDelegate takeAction, CancellationToken cancellationToken)
   at LinqToDB.Linq.ExpressionQuery`1.GetForEachAsync(Action`1 action, CancellationToken cancellationToken)
   at LinqToDB.Linq.ExpressionQuery`1.GetForEachAsync(Action`1 action, CancellationToken cancellationToken)
   at LinqToDB.AsyncExtensions.ToListAsync[TSource](IQueryable`1 source, CancellationToken token)
   at VSW.Core.Services.SqlRepositoryExtensions.ToPagingAsync[T](IQueryable`1 query, PagingInfo page) in C:\Users\ADMIN\OneDrive\Desktop\Obibi\Core\VSW.Core.Services\Datasources\SqlRepositories\SqlRepositoryExtensions.cs:line 33
   at VSW.Core.Services.SqlRepositoryExtensions.ToPagingAsync[T](IQueryable`1 query, Int32 pagingIndex, Int32 pagingSize) in C:\Users\ADMIN\OneDrive\Desktop\Obibi\Core\VSW.Core.Services\Datasources\SqlRepositories\SqlRepositoryExtensions.cs:line 27
   at VSW.Website.Controllers.MSearchController.Index(MSearchModel searchModel) in C:\Users\ADMIN\OneDrive\Desktop\Obibi\VSW.Website\Controllers\MSearchController.cs:line 27
   at Microsoft.AspNetCore.Mvc.Infrastructure.ActionMethodExecutor.TaskOfIActionResultExecutor.Execute(IActionResultTypeMapper mapper, ObjectMethodExecutor executor, Object controller, Object[] arguments)
   at Microsoft.AspNetCore.Mvc.Infrastructure.ControllerActionInvoker.<InvokeActionMethodAsync>g__Awaited|12_0(ControllerActionInvoker invoker, ValueTask`1 actionResultValueTask)
   at Microsoft.AspNetCore.Mvc.Infrastructure.ControllerActionInvoker.<InvokeNextActionFilterAsync>g__Awaited|10_0(ControllerActionInvoker invoker, Task lastTask, State next, Scope scope, Object state, Boolean isCompleted)
   at Microsoft.AspNetCore.Mvc.Infrastructure.ControllerActionInvoker.Rethrow(ActionExecutedContextSealed context)
   at Microsoft.AspNetCore.Mvc.Infrastructure.ControllerActionInvoker.Next(State& next, Scope& scope, Object& state, Boolean& isCompleted)
   at Microsoft.AspNetCore.Mvc.Infrastructure.ControllerActionInvoker.<InvokeInnerFilterAsync>g__Awaited|13_0(ControllerActionInvoker invoker, Task lastTask, State next, Scope scope, Object state, Boolean isCompleted)
   at Microsoft.AspNetCore.Mvc.Infrastructure.ResourceInvoker.<InvokeNextResourceFilter>g__Awaited|25_0(ResourceInvoker invoker, Task lastTask, State next, Scope scope, Object state, Boolean isCompleted)
   at Microsoft.AspNetCore.Mvc.Infrastructure.ResourceInvoker.Rethrow(ResourceExecutedContextSealed context)
   at Microsoft.AspNetCore.Mvc.Infrastructure.ResourceInvoker.Next(State& next, Scope& scope, Object& state, Boolean& isCompleted)
   at Microsoft.AspNetCore.Mvc.Infrastructure.ResourceInvoker.<InvokeFilterPipelineAsync>g__Awaited|20_0(ResourceInvoker invoker, Task lastTask, State next, Scope scope, Object state, Boolean isCompleted)
   at Microsoft.AspNetCore.Mvc.Infrastructure.ResourceInvoker.<InvokeAsync>g__Awaited|17_0(ResourceInvoker invoker, Task task, IDisposable scope)
   at Microsoft.AspNetCore.Mvc.Infrastructure.ResourceInvoker.<InvokeAsync>g__Awaited|17_0(ResourceInvoker invoker, Task task, IDisposable scope)
   at Microsoft.AspNetCore.Routing.EndpointMiddleware.<Invoke>g__AwaitRequestTask|6_0(Endpoint endpoint, Task requestTask, ILogger logger)
   at VSW.Website.Middleware.DynamicRouteMiddleware.Invoke(HttpContext context, ISiteServiceInterface siteService, IPageServiceInterface pageService, ITemplateServiceInterface templateService) in C:\Users\ADMIN\OneDrive\Desktop\Obibi\VSW.Website\Middleware\DynamicRouteMiddleware.cs:line 91
   at Microsoft.AspNetCore.Localization.RequestLocalizationMiddleware.Invoke(HttpContext context)
   at Microsoft.AspNetCore.Session.SessionMiddleware.Invoke(HttpContext context)
   at Microsoft.AspNetCore.Session.SessionMiddleware.Invoke(HttpContext context)
   at Microsoft.AspNetCore.Diagnostics.StatusCodePagesMiddleware.Invoke(HttpContext context)
   at Microsoft.AspNetCore.Diagnostics.DeveloperExceptionPageMiddleware.Invoke(HttpContext context)
ClientConnectionId:9041ade7-03eb-4ddb-8a25-9eb59428bebb
Error Number:10744,State:1,Class:15
2025-05-11 01:55:09.578 +07:00 [ERR] An unhandled exception has occurred while executing the request.
System.NullReferenceException: Object reference not set to an instance of an object.
   at VSW.Website.BaseController.OnActionExecuting(ActionExecutingContext context) in C:\Users\ADMIN\OneDrive\Desktop\Obibi\VSW.Website\Base\BaseController.cs:line 225
   at Microsoft.AspNetCore.Mvc.Controller.OnActionExecutionAsync(ActionExecutingContext context, ActionExecutionDelegate next)
   at Microsoft.AspNetCore.Mvc.Filters.ControllerActionFilter.OnActionExecutionAsync(ActionExecutingContext context, ActionExecutionDelegate next)
   at Microsoft.AspNetCore.Mvc.Infrastructure.ControllerActionInvoker.Next(State& next, Scope& scope, Object& state, Boolean& isCompleted)
   at Microsoft.AspNetCore.Mvc.Infrastructure.ControllerActionInvoker.InvokeInnerFilterAsync()
--- End of stack trace from previous location ---
   at Microsoft.AspNetCore.Mvc.Infrastructure.ResourceInvoker.<InvokeNextResourceFilter>g__Awaited|25_0(ResourceInvoker invoker, Task lastTask, State next, Scope scope, Object state, Boolean isCompleted)
   at Microsoft.AspNetCore.Mvc.Infrastructure.ResourceInvoker.Rethrow(ResourceExecutedContextSealed context)
   at Microsoft.AspNetCore.Mvc.Infrastructure.ResourceInvoker.Next(State& next, Scope& scope, Object& state, Boolean& isCompleted)
   at Microsoft.AspNetCore.Mvc.Infrastructure.ResourceInvoker.InvokeFilterPipelineAsync()
--- End of stack trace from previous location ---
   at Microsoft.AspNetCore.Mvc.Infrastructure.ResourceInvoker.<InvokeAsync>g__Awaited|17_0(ResourceInvoker invoker, Task task, IDisposable scope)
   at Microsoft.AspNetCore.Mvc.Infrastructure.ResourceInvoker.<InvokeAsync>g__Awaited|17_0(ResourceInvoker invoker, Task task, IDisposable scope)
   at Microsoft.AspNetCore.Routing.EndpointMiddleware.<Invoke>g__AwaitRequestTask|6_0(Endpoint endpoint, Task requestTask, ILogger logger)
   at VSW.Website.Middleware.DynamicRouteMiddleware.Invoke(HttpContext context, ISiteServiceInterface siteService, IPageServiceInterface pageService, ITemplateServiceInterface templateService) in C:\Users\ADMIN\OneDrive\Desktop\Obibi\VSW.Website\Middleware\DynamicRouteMiddleware.cs:line 91
   at Microsoft.AspNetCore.Localization.RequestLocalizationMiddleware.Invoke(HttpContext context)
   at Microsoft.AspNetCore.Session.SessionMiddleware.Invoke(HttpContext context)
   at Microsoft.AspNetCore.Session.SessionMiddleware.Invoke(HttpContext context)
   at Microsoft.AspNetCore.Builder.StatusCodePagesExtensions.<>c__DisplayClass7_0.<<CreateHandler>b__0>d.MoveNext()
--- End of stack trace from previous location ---
   at Microsoft.AspNetCore.Diagnostics.StatusCodePagesMiddleware.Invoke(HttpContext context)
   at Microsoft.AspNetCore.Diagnostics.DeveloperExceptionPageMiddleware.Invoke(HttpContext context)
2025-05-11 01:57:16.581 +07:00 [ERR] An unhandled exception has occurred while executing the request.
System.Data.SqlClient.SqlException (0x80131904): The number of rows provided for a FETCH clause must be greater then zero.
   at System.Data.SqlClient.SqlConnection.OnError(SqlException exception, Boolean breakConnection, Action`1 wrapCloseInAction)
   at System.Data.SqlClient.TdsParser.ThrowExceptionAndWarning(TdsParserStateObject stateObj, Boolean callerHasConnectionLock, Boolean asyncClose)
   at System.Data.SqlClient.TdsParser.TryRun(RunBehavior runBehavior, SqlCommand cmdHandler, SqlDataReader dataStream, BulkCopySimpleResultSet bulkCopyHandler, TdsParserStateObject stateObj, Boolean& dataReady)
   at System.Data.SqlClient.SqlDataReader.TryHasMoreRows(Boolean& moreRows)
   at System.Data.SqlClient.SqlDataReader.TryReadInternal(Boolean setTimeout, Boolean& more)
   at System.Data.SqlClient.SqlDataReader.<>c__DisplayClass190_0.<ReadAsync>b__1(Task t)
   at System.Data.SqlClient.SqlDataReader.InvokeRetryable[T](Func`2 moreFunc, TaskCompletionSource`1 source, IDisposable objectToDispose)
--- End of stack trace from previous location ---
   at LinqToDB.Linq.QueryRunner.ExecuteQueryAsync[T](Query query, IDataContext dataContext, Mapper`1 mapper, Expression expression, Object[] ps, Object[] preambles, Int32 queryNumber, Func`2 func, TakeSkipDelegate skipAction, TakeSkipDelegate takeAction, CancellationToken cancellationToken)
   at LinqToDB.Linq.QueryRunner.ExecuteQueryAsync[T](Query query, IDataContext dataContext, Mapper`1 mapper, Expression expression, Object[] ps, Object[] preambles, Int32 queryNumber, Func`2 func, TakeSkipDelegate skipAction, TakeSkipDelegate takeAction, CancellationToken cancellationToken)
   at LinqToDB.Linq.QueryRunner.ExecuteQueryAsync[T](Query query, IDataContext dataContext, Mapper`1 mapper, Expression expression, Object[] ps, Object[] preambles, Int32 queryNumber, Func`2 func, TakeSkipDelegate skipAction, TakeSkipDelegate takeAction, CancellationToken cancellationToken)
   at LinqToDB.Linq.QueryRunner.ExecuteQueryAsync[T](Query query, IDataContext dataContext, Mapper`1 mapper, Expression expression, Object[] ps, Object[] preambles, Int32 queryNumber, Func`2 func, TakeSkipDelegate skipAction, TakeSkipDelegate takeAction, CancellationToken cancellationToken)
   at LinqToDB.Linq.ExpressionQuery`1.GetForEachAsync(Action`1 action, CancellationToken cancellationToken)
   at LinqToDB.Linq.ExpressionQuery`1.GetForEachAsync(Action`1 action, CancellationToken cancellationToken)
   at LinqToDB.AsyncExtensions.ToListAsync[TSource](IQueryable`1 source, CancellationToken token)
   at VSW.Core.Services.SqlRepositoryExtensions.ToPagingAsync[T](IQueryable`1 query, PagingInfo page) in C:\Users\ADMIN\OneDrive\Desktop\Obibi\Core\VSW.Core.Services\Datasources\SqlRepositories\SqlRepositoryExtensions.cs:line 33
   at VSW.Core.Services.SqlRepositoryExtensions.ToPagingAsync[T](IQueryable`1 query, Int32 pagingIndex, Int32 pagingSize) in C:\Users\ADMIN\OneDrive\Desktop\Obibi\Core\VSW.Core.Services\Datasources\SqlRepositories\SqlRepositoryExtensions.cs:line 27
   at VSW.Website.Controllers.MSearchController.Index(MSearchModel searchModel) in C:\Users\ADMIN\OneDrive\Desktop\Obibi\VSW.Website\Controllers\MSearchController.cs:line 27
   at Microsoft.AspNetCore.Mvc.Infrastructure.ActionMethodExecutor.TaskOfIActionResultExecutor.Execute(IActionResultTypeMapper mapper, ObjectMethodExecutor executor, Object controller, Object[] arguments)
   at Microsoft.AspNetCore.Mvc.Infrastructure.ControllerActionInvoker.<InvokeActionMethodAsync>g__Awaited|12_0(ControllerActionInvoker invoker, ValueTask`1 actionResultValueTask)
   at Microsoft.AspNetCore.Mvc.Infrastructure.ControllerActionInvoker.<InvokeNextActionFilterAsync>g__Awaited|10_0(ControllerActionInvoker invoker, Task lastTask, State next, Scope scope, Object state, Boolean isCompleted)
   at Microsoft.AspNetCore.Mvc.Infrastructure.ControllerActionInvoker.Rethrow(ActionExecutedContextSealed context)
   at Microsoft.AspNetCore.Mvc.Infrastructure.ControllerActionInvoker.Next(State& next, Scope& scope, Object& state, Boolean& isCompleted)
   at Microsoft.AspNetCore.Mvc.Infrastructure.ControllerActionInvoker.<InvokeInnerFilterAsync>g__Awaited|13_0(ControllerActionInvoker invoker, Task lastTask, State next, Scope scope, Object state, Boolean isCompleted)
   at Microsoft.AspNetCore.Mvc.Infrastructure.ResourceInvoker.<InvokeNextResourceFilter>g__Awaited|25_0(ResourceInvoker invoker, Task lastTask, State next, Scope scope, Object state, Boolean isCompleted)
   at Microsoft.AspNetCore.Mvc.Infrastructure.ResourceInvoker.Rethrow(ResourceExecutedContextSealed context)
   at Microsoft.AspNetCore.Mvc.Infrastructure.ResourceInvoker.Next(State& next, Scope& scope, Object& state, Boolean& isCompleted)
   at Microsoft.AspNetCore.Mvc.Infrastructure.ResourceInvoker.<InvokeFilterPipelineAsync>g__Awaited|20_0(ResourceInvoker invoker, Task lastTask, State next, Scope scope, Object state, Boolean isCompleted)
   at Microsoft.AspNetCore.Mvc.Infrastructure.ResourceInvoker.<InvokeAsync>g__Awaited|17_0(ResourceInvoker invoker, Task task, IDisposable scope)
   at Microsoft.AspNetCore.Mvc.Infrastructure.ResourceInvoker.<InvokeAsync>g__Awaited|17_0(ResourceInvoker invoker, Task task, IDisposable scope)
   at Microsoft.AspNetCore.Routing.EndpointMiddleware.<Invoke>g__AwaitRequestTask|6_0(Endpoint endpoint, Task requestTask, ILogger logger)
   at VSW.Website.Middleware.DynamicRouteMiddleware.Invoke(HttpContext context, ISiteServiceInterface siteService, IPageServiceInterface pageService, ITemplateServiceInterface templateService) in C:\Users\ADMIN\OneDrive\Desktop\Obibi\VSW.Website\Middleware\DynamicRouteMiddleware.cs:line 91
   at Microsoft.AspNetCore.Localization.RequestLocalizationMiddleware.Invoke(HttpContext context)
   at Microsoft.AspNetCore.Session.SessionMiddleware.Invoke(HttpContext context)
   at Microsoft.AspNetCore.Session.SessionMiddleware.Invoke(HttpContext context)
   at Microsoft.AspNetCore.Diagnostics.StatusCodePagesMiddleware.Invoke(HttpContext context)
   at Microsoft.AspNetCore.Diagnostics.DeveloperExceptionPageMiddleware.Invoke(HttpContext context)
ClientConnectionId:9041ade7-03eb-4ddb-8a25-9eb59428bebb
Error Number:10744,State:1,Class:15
2025-05-11 02:00:09.503 +07:00 [DBG] [AppLoader] Starting Application...
2025-05-11 02:00:11.677 +07:00 [DBG] [AppLoader] Configuring Services Application...
2025-05-11 02:00:13.117 +07:00 [DBG] [AppLoader] Configuring Application...
2025-05-11 02:00:13.655 +07:00 [DBG] [AppLoader] Starting Modules Application...
2025-05-11 02:00:13.659 +07:00 [DBG] [AppLoader] Started Application...
2025-05-11 02:01:49.820 +07:00 [ERR] An unhandled exception has occurred while executing the request.
System.Data.SqlClient.SqlException (0x80131904): The number of rows provided for a FETCH clause must be greater then zero.
   at System.Data.SqlClient.SqlConnection.OnError(SqlException exception, Boolean breakConnection, Action`1 wrapCloseInAction)
   at System.Data.SqlClient.TdsParser.ThrowExceptionAndWarning(TdsParserStateObject stateObj, Boolean callerHasConnectionLock, Boolean asyncClose)
   at System.Data.SqlClient.TdsParser.TryRun(RunBehavior runBehavior, SqlCommand cmdHandler, SqlDataReader dataStream, BulkCopySimpleResultSet bulkCopyHandler, TdsParserStateObject stateObj, Boolean& dataReady)
   at System.Data.SqlClient.SqlDataReader.TryHasMoreRows(Boolean& moreRows)
   at System.Data.SqlClient.SqlDataReader.TryReadInternal(Boolean setTimeout, Boolean& more)
   at System.Data.SqlClient.SqlDataReader.<>c__DisplayClass190_0.<ReadAsync>b__1(Task t)
   at System.Data.SqlClient.SqlDataReader.InvokeRetryable[T](Func`2 moreFunc, TaskCompletionSource`1 source, IDisposable objectToDispose)
--- End of stack trace from previous location ---
   at LinqToDB.Linq.QueryRunner.ExecuteQueryAsync[T](Query query, IDataContext dataContext, Mapper`1 mapper, Expression expression, Object[] ps, Object[] preambles, Int32 queryNumber, Func`2 func, TakeSkipDelegate skipAction, TakeSkipDelegate takeAction, CancellationToken cancellationToken)
   at LinqToDB.Linq.QueryRunner.ExecuteQueryAsync[T](Query query, IDataContext dataContext, Mapper`1 mapper, Expression expression, Object[] ps, Object[] preambles, Int32 queryNumber, Func`2 func, TakeSkipDelegate skipAction, TakeSkipDelegate takeAction, CancellationToken cancellationToken)
   at LinqToDB.Linq.QueryRunner.ExecuteQueryAsync[T](Query query, IDataContext dataContext, Mapper`1 mapper, Expression expression, Object[] ps, Object[] preambles, Int32 queryNumber, Func`2 func, TakeSkipDelegate skipAction, TakeSkipDelegate takeAction, CancellationToken cancellationToken)
   at LinqToDB.Linq.QueryRunner.ExecuteQueryAsync[T](Query query, IDataContext dataContext, Mapper`1 mapper, Expression expression, Object[] ps, Object[] preambles, Int32 queryNumber, Func`2 func, TakeSkipDelegate skipAction, TakeSkipDelegate takeAction, CancellationToken cancellationToken)
   at LinqToDB.Linq.ExpressionQuery`1.GetForEachAsync(Action`1 action, CancellationToken cancellationToken)
   at LinqToDB.Linq.ExpressionQuery`1.GetForEachAsync(Action`1 action, CancellationToken cancellationToken)
   at LinqToDB.AsyncExtensions.ToListAsync[TSource](IQueryable`1 source, CancellationToken token)
   at VSW.Core.Services.SqlRepositoryExtensions.ToPagingAsync[T](IQueryable`1 query, PagingInfo page) in C:\Users\ADMIN\OneDrive\Desktop\Obibi\Core\VSW.Core.Services\Datasources\SqlRepositories\SqlRepositoryExtensions.cs:line 33
   at VSW.Core.Services.SqlRepositoryExtensions.ToPagingAsync[T](IQueryable`1 query, Int32 pagingIndex, Int32 pagingSize) in C:\Users\ADMIN\OneDrive\Desktop\Obibi\Core\VSW.Core.Services\Datasources\SqlRepositories\SqlRepositoryExtensions.cs:line 27
   at VSW.Website.Controllers.MSearchController.Index(MSearchModel searchModel) in C:\Users\ADMIN\OneDrive\Desktop\Obibi\VSW.Website\Controllers\MSearchController.cs:line 27
   at Microsoft.AspNetCore.Mvc.Infrastructure.ActionMethodExecutor.TaskOfIActionResultExecutor.Execute(IActionResultTypeMapper mapper, ObjectMethodExecutor executor, Object controller, Object[] arguments)
   at Microsoft.AspNetCore.Mvc.Infrastructure.ControllerActionInvoker.<InvokeActionMethodAsync>g__Awaited|12_0(ControllerActionInvoker invoker, ValueTask`1 actionResultValueTask)
   at Microsoft.AspNetCore.Mvc.Infrastructure.ControllerActionInvoker.<InvokeNextActionFilterAsync>g__Awaited|10_0(ControllerActionInvoker invoker, Task lastTask, State next, Scope scope, Object state, Boolean isCompleted)
   at Microsoft.AspNetCore.Mvc.Infrastructure.ControllerActionInvoker.Rethrow(ActionExecutedContextSealed context)
   at Microsoft.AspNetCore.Mvc.Infrastructure.ControllerActionInvoker.Next(State& next, Scope& scope, Object& state, Boolean& isCompleted)
   at Microsoft.AspNetCore.Mvc.Infrastructure.ControllerActionInvoker.<InvokeInnerFilterAsync>g__Awaited|13_0(ControllerActionInvoker invoker, Task lastTask, State next, Scope scope, Object state, Boolean isCompleted)
   at Microsoft.AspNetCore.Mvc.Infrastructure.ResourceInvoker.<InvokeNextResourceFilter>g__Awaited|25_0(ResourceInvoker invoker, Task lastTask, State next, Scope scope, Object state, Boolean isCompleted)
   at Microsoft.AspNetCore.Mvc.Infrastructure.ResourceInvoker.Rethrow(ResourceExecutedContextSealed context)
   at Microsoft.AspNetCore.Mvc.Infrastructure.ResourceInvoker.Next(State& next, Scope& scope, Object& state, Boolean& isCompleted)
   at Microsoft.AspNetCore.Mvc.Infrastructure.ResourceInvoker.<InvokeFilterPipelineAsync>g__Awaited|20_0(ResourceInvoker invoker, Task lastTask, State next, Scope scope, Object state, Boolean isCompleted)
   at Microsoft.AspNetCore.Mvc.Infrastructure.ResourceInvoker.<InvokeAsync>g__Awaited|17_0(ResourceInvoker invoker, Task task, IDisposable scope)
   at Microsoft.AspNetCore.Mvc.Infrastructure.ResourceInvoker.<InvokeAsync>g__Awaited|17_0(ResourceInvoker invoker, Task task, IDisposable scope)
   at Microsoft.AspNetCore.Routing.EndpointMiddleware.<Invoke>g__AwaitRequestTask|6_0(Endpoint endpoint, Task requestTask, ILogger logger)
   at VSW.Website.Middleware.DynamicRouteMiddleware.Invoke(HttpContext context, ISiteServiceInterface siteService, IPageServiceInterface pageService, ITemplateServiceInterface templateService) in C:\Users\ADMIN\OneDrive\Desktop\Obibi\VSW.Website\Middleware\DynamicRouteMiddleware.cs:line 91
   at Microsoft.AspNetCore.Localization.RequestLocalizationMiddleware.Invoke(HttpContext context)
   at Microsoft.AspNetCore.Session.SessionMiddleware.Invoke(HttpContext context)
   at Microsoft.AspNetCore.Session.SessionMiddleware.Invoke(HttpContext context)
   at Microsoft.AspNetCore.Diagnostics.StatusCodePagesMiddleware.Invoke(HttpContext context)
   at Microsoft.AspNetCore.Diagnostics.DeveloperExceptionPageMiddleware.Invoke(HttpContext context)
ClientConnectionId:6e9ef266-b890-4a9d-8429-9838571db240
Error Number:10744,State:1,Class:15
2025-05-11 02:04:42.717 +07:00 [DBG] [AppLoader] Starting Application...
2025-05-11 02:04:45.238 +07:00 [DBG] [AppLoader] Configuring Services Application...
2025-05-11 02:04:47.473 +07:00 [DBG] [AppLoader] Configuring Application...
2025-05-11 02:04:47.816 +07:00 [DBG] [AppLoader] Starting Modules Application...
2025-05-11 02:04:47.817 +07:00 [DBG] [AppLoader] Started Application...
2025-05-11 02:08:34.239 +07:00 [DBG] [AppLoader] Starting Application...
2025-05-11 02:08:35.458 +07:00 [DBG] [AppLoader] Configuring Services Application...
2025-05-11 02:08:36.445 +07:00 [DBG] [AppLoader] Configuring Application...
2025-05-11 02:08:36.865 +07:00 [DBG] [AppLoader] Starting Modules Application...
2025-05-11 02:08:36.867 +07:00 [DBG] [AppLoader] Started Application...
2025-05-11 16:30:19.273 +07:00 [DBG] [AppLoader] Starting Application...
2025-05-11 16:30:20.204 +07:00 [DBG] [AppLoader] Configuring Services Application...
2025-05-11 16:30:23.203 +07:00 [DBG] [AppLoader] Configuring Application...
2025-05-11 16:30:24.468 +07:00 [DBG] [AppLoader] Starting Modules Application...
2025-05-11 16:30:24.470 +07:00 [DBG] [AppLoader] Started Application...
2025-05-11 16:31:00.529 +07:00 [ERR] An unhandled exception has occurred while executing the request.
System.Data.SqlClient.SqlException (0x80131904): Timeout expired.  The timeout period elapsed prior to completion of the operation or the server is not responding.
 ---> System.ComponentModel.Win32Exception (258): The wait operation timed out.
   at System.Data.SqlClient.SqlCommand.<>c.<ExecuteDbDataReaderAsync>b__126_0(Task`1 result)
   at System.Threading.Tasks.ContinuationResultTaskFromResultTask`2.InnerInvoke()
   at System.Threading.Tasks.Task.<>c.<.cctor>b__272_0(Object obj)
   at System.Threading.ExecutionContext.RunInternal(ExecutionContext executionContext, ContextCallback callback, Object state)
--- End of stack trace from previous location ---
   at System.Threading.Tasks.Task.ExecuteWithThreadLocal(Task& currentTaskSlot, Thread threadPoolThread)
--- End of stack trace from previous location ---
   at LinqToDB.Data.DataConnection.ExecuteReaderAsync(CommandBehavior commandBehavior, CancellationToken cancellationToken)
   at LinqToDB.Data.DataConnection.ExecuteReaderAsync(CommandBehavior commandBehavior, CancellationToken cancellationToken)
   at LinqToDB.Data.DataConnection.ExecuteDataReaderAsync(CommandBehavior commandBehavior, CancellationToken cancellationToken)
   at LinqToDB.Data.DataConnection.ExecuteDataReaderAsync(CommandBehavior commandBehavior, CancellationToken cancellationToken)
   at LinqToDB.Data.DataConnection.QueryRunner.ExecuteReaderAsync(CancellationToken cancellationToken)
   at LinqToDB.Linq.QueryRunner.ExecuteQueryAsync[T](Query query, IDataContext dataContext, Mapper`1 mapper, Expression expression, Object[] ps, Object[] preambles, Int32 queryNumber, Func`2 func, TakeSkipDelegate skipAction, TakeSkipDelegate takeAction, CancellationToken cancellationToken)
   at LinqToDB.Linq.QueryRunner.ExecuteQueryAsync[T](Query query, IDataContext dataContext, Mapper`1 mapper, Expression expression, Object[] ps, Object[] preambles, Int32 queryNumber, Func`2 func, TakeSkipDelegate skipAction, TakeSkipDelegate takeAction, CancellationToken cancellationToken)
   at LinqToDB.Linq.QueryRunner.ExecuteQueryAsync[T](Query query, IDataContext dataContext, Mapper`1 mapper, Expression expression, Object[] ps, Object[] preambles, Int32 queryNumber, Func`2 func, TakeSkipDelegate skipAction, TakeSkipDelegate takeAction, CancellationToken cancellationToken)
   at LinqToDB.Linq.ExpressionQuery`1.GetForEachAsync(Action`1 action, CancellationToken cancellationToken)
   at LinqToDB.Linq.ExpressionQuery`1.GetForEachAsync(Action`1 action, CancellationToken cancellationToken)
   at LinqToDB.AsyncExtensions.ToListAsync[TSource](IQueryable`1 source, CancellationToken token)
   at VSW.Website.TagHelpers.ProductTagHelper.ProcessAsync(TagHelperContext context, TagHelperOutput output) in C:\Users\ADMIN\OneDrive\Desktop\Obibi\VSW.Website\TagHelpers\Component\ProductTagHelper.cs:line 62
   at Microsoft.AspNetCore.Razor.Runtime.TagHelpers.TagHelperRunner.<RunAsync>g__Awaited|0_0(Task task, TagHelperExecutionContext executionContext, Int32 i, Int32 count)
   at AspNetCoreGeneratedDocument.Views_Shared_DefaultMarster.<ExecuteAsync>b__70_1() in C:\Users\ADMIN\OneDrive\Desktop\Obibi\VSW.Website\Views\Shared\DefaultMarster.cshtml:line 0
   at Microsoft.AspNetCore.Razor.Runtime.TagHelpers.TagHelperExecutionContext.SetOutputContentAsync()
   at AspNetCoreGeneratedDocument.Views_Shared_DefaultMarster.ExecuteAsync()
   at Microsoft.AspNetCore.Mvc.Razor.RazorView.RenderPageCoreAsync(IRazorPage page, ViewContext context)
   at Microsoft.AspNetCore.Mvc.Razor.RazorView.RenderPageAsync(IRazorPage page, ViewContext context, Boolean invokeViewStarts)
   at Microsoft.AspNetCore.Mvc.Razor.RazorView.RenderLayoutAsync(ViewContext context, ViewBufferTextWriter bodyWriter)
   at Microsoft.AspNetCore.Mvc.Razor.RazorView.RenderAsync(ViewContext context)
   at Microsoft.AspNetCore.Mvc.ViewFeatures.ViewExecutor.ExecuteAsync(ViewContext viewContext, String contentType, Nullable`1 statusCode)
   at Microsoft.AspNetCore.Mvc.ViewFeatures.ViewExecutor.ExecuteAsync(ViewContext viewContext, String contentType, Nullable`1 statusCode)
   at Microsoft.AspNetCore.Mvc.ViewFeatures.ViewExecutor.ExecuteAsync(ActionContext actionContext, IView view, ViewDataDictionary viewData, ITempDataDictionary tempData, String contentType, Nullable`1 statusCode)
   at Microsoft.AspNetCore.Mvc.ViewFeatures.ViewResultExecutor.ExecuteAsync(ActionContext context, ViewResult result)
   at Microsoft.AspNetCore.Mvc.ViewResult.ExecuteResultAsync(ActionContext context)
   at Microsoft.AspNetCore.Mvc.Infrastructure.ResourceInvoker.<InvokeNextResultFilterAsync>g__Awaited|30_0[TFilter,TFilterAsync](ResourceInvoker invoker, Task lastTask, State next, Scope scope, Object state, Boolean isCompleted)
   at Microsoft.AspNetCore.Mvc.Infrastructure.ResourceInvoker.Rethrow(ResultExecutedContextSealed context)
   at Microsoft.AspNetCore.Mvc.Infrastructure.ResourceInvoker.ResultNext[TFilter,TFilterAsync](State& next, Scope& scope, Object& state, Boolean& isCompleted)
   at Microsoft.AspNetCore.Mvc.Infrastructure.ResourceInvoker.<InvokeResultFilters>g__Awaited|28_0(ResourceInvoker invoker, Task lastTask, State next, Scope scope, Object state, Boolean isCompleted)
   at Microsoft.AspNetCore.Mvc.Infrastructure.ResourceInvoker.<InvokeNextResourceFilter>g__Awaited|25_0(ResourceInvoker invoker, Task lastTask, State next, Scope scope, Object state, Boolean isCompleted)
   at Microsoft.AspNetCore.Mvc.Infrastructure.ResourceInvoker.Rethrow(ResourceExecutedContextSealed context)
   at Microsoft.AspNetCore.Mvc.Infrastructure.ResourceInvoker.Next(State& next, Scope& scope, Object& state, Boolean& isCompleted)
   at Microsoft.AspNetCore.Mvc.Infrastructure.ResourceInvoker.<InvokeFilterPipelineAsync>g__Awaited|20_0(ResourceInvoker invoker, Task lastTask, State next, Scope scope, Object state, Boolean isCompleted)
   at Microsoft.AspNetCore.Mvc.Infrastructure.ResourceInvoker.<InvokeAsync>g__Awaited|17_0(ResourceInvoker invoker, Task task, IDisposable scope)
   at Microsoft.AspNetCore.Mvc.Infrastructure.ResourceInvoker.<InvokeAsync>g__Awaited|17_0(ResourceInvoker invoker, Task task, IDisposable scope)
   at Microsoft.AspNetCore.Routing.EndpointMiddleware.<Invoke>g__AwaitRequestTask|6_0(Endpoint endpoint, Task requestTask, ILogger logger)
   at VSW.Website.Middleware.DynamicRouteMiddleware.Invoke(HttpContext context, ISiteServiceInterface siteService, IPageServiceInterface pageService, ITemplateServiceInterface templateService) in C:\Users\ADMIN\OneDrive\Desktop\Obibi\VSW.Website\Middleware\DynamicRouteMiddleware.cs:line 91
   at Microsoft.AspNetCore.Localization.RequestLocalizationMiddleware.Invoke(HttpContext context)
   at Microsoft.AspNetCore.Session.SessionMiddleware.Invoke(HttpContext context)
   at Microsoft.AspNetCore.Session.SessionMiddleware.Invoke(HttpContext context)
   at Microsoft.AspNetCore.Diagnostics.StatusCodePagesMiddleware.Invoke(HttpContext context)
   at Microsoft.AspNetCore.Diagnostics.DeveloperExceptionPageMiddleware.Invoke(HttpContext context)
ClientConnectionId:c5c2fea9-7ca8-4f9b-be11-2f0ef604be94
Error Number:-2,State:0,Class:11
2025-05-11 16:31:37.724 +07:00 [ERR] An unhandled exception has occurred while executing the request.
System.Data.SqlClient.SqlException (0x80131904): Timeout expired.  The timeout period elapsed prior to completion of the operation or the server is not responding.
 ---> System.ComponentModel.Win32Exception (258): The wait operation timed out.
   at System.Data.SqlClient.SqlCommand.<>c.<ExecuteDbDataReaderAsync>b__126_0(Task`1 result)
   at System.Threading.Tasks.ContinuationResultTaskFromResultTask`2.InnerInvoke()
   at System.Threading.Tasks.Task.<>c.<.cctor>b__272_0(Object obj)
   at System.Threading.ExecutionContext.RunInternal(ExecutionContext executionContext, ContextCallback callback, Object state)
--- End of stack trace from previous location ---
   at System.Threading.Tasks.Task.ExecuteWithThreadLocal(Task& currentTaskSlot, Thread threadPoolThread)
--- End of stack trace from previous location ---
   at LinqToDB.Data.DataConnection.ExecuteReaderAsync(CommandBehavior commandBehavior, CancellationToken cancellationToken)
   at LinqToDB.Data.DataConnection.ExecuteReaderAsync(CommandBehavior commandBehavior, CancellationToken cancellationToken)
   at LinqToDB.Data.DataConnection.ExecuteDataReaderAsync(CommandBehavior commandBehavior, CancellationToken cancellationToken)
   at LinqToDB.Data.DataConnection.ExecuteDataReaderAsync(CommandBehavior commandBehavior, CancellationToken cancellationToken)
   at LinqToDB.Data.DataConnection.QueryRunner.ExecuteReaderAsync(CancellationToken cancellationToken)
   at LinqToDB.Linq.QueryRunner.ExecuteQueryAsync[T](Query query, IDataContext dataContext, Mapper`1 mapper, Expression expression, Object[] ps, Object[] preambles, Int32 queryNumber, Func`2 func, TakeSkipDelegate skipAction, TakeSkipDelegate takeAction, CancellationToken cancellationToken)
   at LinqToDB.Linq.QueryRunner.ExecuteQueryAsync[T](Query query, IDataContext dataContext, Mapper`1 mapper, Expression expression, Object[] ps, Object[] preambles, Int32 queryNumber, Func`2 func, TakeSkipDelegate skipAction, TakeSkipDelegate takeAction, CancellationToken cancellationToken)
   at LinqToDB.Linq.QueryRunner.ExecuteQueryAsync[T](Query query, IDataContext dataContext, Mapper`1 mapper, Expression expression, Object[] ps, Object[] preambles, Int32 queryNumber, Func`2 func, TakeSkipDelegate skipAction, TakeSkipDelegate takeAction, CancellationToken cancellationToken)
   at LinqToDB.Linq.ExpressionQuery`1.GetForEachAsync(Action`1 action, CancellationToken cancellationToken)
   at LinqToDB.Linq.ExpressionQuery`1.GetForEachAsync(Action`1 action, CancellationToken cancellationToken)
   at LinqToDB.AsyncExtensions.ToListAsync[TSource](IQueryable`1 source, CancellationToken token)
   at VSW.Website.TagHelpers.ProductTagHelper.ProcessAsync(TagHelperContext context, TagHelperOutput output) in C:\Users\ADMIN\OneDrive\Desktop\Obibi\VSW.Website\TagHelpers\Component\ProductTagHelper.cs:line 62
   at Microsoft.AspNetCore.Razor.Runtime.TagHelpers.TagHelperRunner.<RunAsync>g__Awaited|0_0(Task task, TagHelperExecutionContext executionContext, Int32 i, Int32 count)
   at AspNetCoreGeneratedDocument.Views_Shared_DefaultMarster.<ExecuteAsync>b__70_1() in C:\Users\ADMIN\OneDrive\Desktop\Obibi\VSW.Website\Views\Shared\DefaultMarster.cshtml:line 0
   at Microsoft.AspNetCore.Razor.Runtime.TagHelpers.TagHelperExecutionContext.SetOutputContentAsync()
   at AspNetCoreGeneratedDocument.Views_Shared_DefaultMarster.ExecuteAsync()
   at Microsoft.AspNetCore.Mvc.Razor.RazorView.RenderPageCoreAsync(IRazorPage page, ViewContext context)
   at Microsoft.AspNetCore.Mvc.Razor.RazorView.RenderPageAsync(IRazorPage page, ViewContext context, Boolean invokeViewStarts)
   at Microsoft.AspNetCore.Mvc.Razor.RazorView.RenderLayoutAsync(ViewContext context, ViewBufferTextWriter bodyWriter)
   at Microsoft.AspNetCore.Mvc.Razor.RazorView.RenderAsync(ViewContext context)
   at Microsoft.AspNetCore.Mvc.ViewFeatures.ViewExecutor.ExecuteAsync(ViewContext viewContext, String contentType, Nullable`1 statusCode)
   at Microsoft.AspNetCore.Mvc.ViewFeatures.ViewExecutor.ExecuteAsync(ViewContext viewContext, String contentType, Nullable`1 statusCode)
   at Microsoft.AspNetCore.Mvc.ViewFeatures.ViewExecutor.ExecuteAsync(ActionContext actionContext, IView view, ViewDataDictionary viewData, ITempDataDictionary tempData, String contentType, Nullable`1 statusCode)
   at Microsoft.AspNetCore.Mvc.ViewFeatures.ViewResultExecutor.ExecuteAsync(ActionContext context, ViewResult result)
   at Microsoft.AspNetCore.Mvc.ViewResult.ExecuteResultAsync(ActionContext context)
   at Microsoft.AspNetCore.Mvc.Infrastructure.ResourceInvoker.<InvokeNextResultFilterAsync>g__Awaited|30_0[TFilter,TFilterAsync](ResourceInvoker invoker, Task lastTask, State next, Scope scope, Object state, Boolean isCompleted)
   at Microsoft.AspNetCore.Mvc.Infrastructure.ResourceInvoker.Rethrow(ResultExecutedContextSealed context)
   at Microsoft.AspNetCore.Mvc.Infrastructure.ResourceInvoker.ResultNext[TFilter,TFilterAsync](State& next, Scope& scope, Object& state, Boolean& isCompleted)
   at Microsoft.AspNetCore.Mvc.Infrastructure.ResourceInvoker.<InvokeResultFilters>g__Awaited|28_0(ResourceInvoker invoker, Task lastTask, State next, Scope scope, Object state, Boolean isCompleted)
   at Microsoft.AspNetCore.Mvc.Infrastructure.ResourceInvoker.<InvokeNextResourceFilter>g__Awaited|25_0(ResourceInvoker invoker, Task lastTask, State next, Scope scope, Object state, Boolean isCompleted)
   at Microsoft.AspNetCore.Mvc.Infrastructure.ResourceInvoker.Rethrow(ResourceExecutedContextSealed context)
   at Microsoft.AspNetCore.Mvc.Infrastructure.ResourceInvoker.Next(State& next, Scope& scope, Object& state, Boolean& isCompleted)
   at Microsoft.AspNetCore.Mvc.Infrastructure.ResourceInvoker.<InvokeFilterPipelineAsync>g__Awaited|20_0(ResourceInvoker invoker, Task lastTask, State next, Scope scope, Object state, Boolean isCompleted)
   at Microsoft.AspNetCore.Mvc.Infrastructure.ResourceInvoker.<InvokeAsync>g__Awaited|17_0(ResourceInvoker invoker, Task task, IDisposable scope)
   at Microsoft.AspNetCore.Mvc.Infrastructure.ResourceInvoker.<InvokeAsync>g__Awaited|17_0(ResourceInvoker invoker, Task task, IDisposable scope)
   at Microsoft.AspNetCore.Routing.EndpointMiddleware.<Invoke>g__AwaitRequestTask|6_0(Endpoint endpoint, Task requestTask, ILogger logger)
   at VSW.Website.Middleware.DynamicRouteMiddleware.Invoke(HttpContext context, ISiteServiceInterface siteService, IPageServiceInterface pageService, ITemplateServiceInterface templateService) in C:\Users\ADMIN\OneDrive\Desktop\Obibi\VSW.Website\Middleware\DynamicRouteMiddleware.cs:line 91
   at Microsoft.AspNetCore.Localization.RequestLocalizationMiddleware.Invoke(HttpContext context)
   at Microsoft.AspNetCore.Session.SessionMiddleware.Invoke(HttpContext context)
   at Microsoft.AspNetCore.Session.SessionMiddleware.Invoke(HttpContext context)
   at Microsoft.AspNetCore.Diagnostics.StatusCodePagesMiddleware.Invoke(HttpContext context)
   at Microsoft.AspNetCore.Diagnostics.DeveloperExceptionPageMiddleware.Invoke(HttpContext context)
ClientConnectionId:c5c2fea9-7ca8-4f9b-be11-2f0ef604be94
Error Number:-2,State:0,Class:11
2025-05-11 16:32:43.034 +07:00 [DBG] [AppLoader] Starting Application...
2025-05-11 16:32:44.107 +07:00 [DBG] [AppLoader] Configuring Services Application...
2025-05-11 16:32:45.852 +07:00 [DBG] [AppLoader] Configuring Application...
2025-05-11 16:32:47.456 +07:00 [DBG] [AppLoader] Starting Modules Application...
2025-05-11 16:32:47.460 +07:00 [DBG] [AppLoader] Started Application...
2025-05-11 16:33:38.673 +07:00 [DBG] [AppLoader] Starting Application...
2025-05-11 16:33:39.394 +07:00 [DBG] [AppLoader] Configuring Services Application...
2025-05-11 16:33:40.196 +07:00 [DBG] [AppLoader] Configuring Application...
2025-05-11 16:33:40.466 +07:00 [DBG] [AppLoader] Starting Modules Application...
2025-05-11 16:33:40.469 +07:00 [DBG] [AppLoader] Started Application...
2025-05-11 16:48:09.018 +07:00 [DBG] [AppLoader] Starting Application...
2025-05-11 16:48:10.045 +07:00 [DBG] [AppLoader] Configuring Services Application...
2025-05-11 16:48:11.542 +07:00 [DBG] [AppLoader] Configuring Application...
2025-05-11 16:48:11.853 +07:00 [DBG] [AppLoader] Starting Modules Application...
2025-05-11 16:48:11.855 +07:00 [DBG] [AppLoader] Started Application...
2025-05-11 16:49:52.098 +07:00 [DBG] [AppLoader] Starting Application...
2025-05-11 16:49:52.877 +07:00 [DBG] [AppLoader] Configuring Services Application...
2025-05-11 16:49:53.724 +07:00 [DBG] [AppLoader] Configuring Application...
2025-05-11 16:49:53.907 +07:00 [DBG] [AppLoader] Starting Modules Application...
2025-05-11 16:49:53.908 +07:00 [DBG] [AppLoader] Started Application...
2025-05-11 17:00:25.717 +07:00 [DBG] [AppLoader] Starting Application...
2025-05-11 17:00:26.232 +07:00 [DBG] [AppLoader] Configuring Services Application...
2025-05-11 17:00:26.943 +07:00 [DBG] [AppLoader] Configuring Application...
2025-05-11 17:00:27.098 +07:00 [DBG] [AppLoader] Starting Modules Application...
2025-05-11 17:00:27.099 +07:00 [DBG] [AppLoader] Started Application...
2025-05-11 17:01:00.923 +07:00 [ERR] An unhandled exception has occurred while executing the request.
System.Data.SqlClient.SqlException (0x80131904): Timeout expired.  The timeout period elapsed prior to completion of the operation or the server is not responding.
 ---> System.ComponentModel.Win32Exception (258): The wait operation timed out.
   at System.Data.SqlClient.SqlCommand.<>c.<ExecuteDbDataReaderAsync>b__126_0(Task`1 result)
   at System.Threading.Tasks.ContinuationResultTaskFromResultTask`2.InnerInvoke()
   at System.Threading.Tasks.Task.<>c.<.cctor>b__272_0(Object obj)
   at System.Threading.ExecutionContext.RunInternal(ExecutionContext executionContext, ContextCallback callback, Object state)
--- End of stack trace from previous location ---
   at System.Threading.Tasks.Task.ExecuteWithThreadLocal(Task& currentTaskSlot, Thread threadPoolThread)
--- End of stack trace from previous location ---
   at LinqToDB.Data.DataConnection.ExecuteReaderAsync(CommandBehavior commandBehavior, CancellationToken cancellationToken)
   at LinqToDB.Data.DataConnection.ExecuteReaderAsync(CommandBehavior commandBehavior, CancellationToken cancellationToken)
   at LinqToDB.Data.DataConnection.ExecuteDataReaderAsync(CommandBehavior commandBehavior, CancellationToken cancellationToken)
   at LinqToDB.Data.DataConnection.ExecuteDataReaderAsync(CommandBehavior commandBehavior, CancellationToken cancellationToken)
   at LinqToDB.Data.DataConnection.QueryRunner.ExecuteReaderAsync(CancellationToken cancellationToken)
   at LinqToDB.Linq.QueryRunner.ExecuteQueryAsync[T](Query query, IDataContext dataContext, Mapper`1 mapper, Expression expression, Object[] ps, Object[] preambles, Int32 queryNumber, Func`2 func, TakeSkipDelegate skipAction, TakeSkipDelegate takeAction, CancellationToken cancellationToken)
   at LinqToDB.Linq.QueryRunner.ExecuteQueryAsync[T](Query query, IDataContext dataContext, Mapper`1 mapper, Expression expression, Object[] ps, Object[] preambles, Int32 queryNumber, Func`2 func, TakeSkipDelegate skipAction, TakeSkipDelegate takeAction, CancellationToken cancellationToken)
   at LinqToDB.Linq.QueryRunner.ExecuteQueryAsync[T](Query query, IDataContext dataContext, Mapper`1 mapper, Expression expression, Object[] ps, Object[] preambles, Int32 queryNumber, Func`2 func, TakeSkipDelegate skipAction, TakeSkipDelegate takeAction, CancellationToken cancellationToken)
   at LinqToDB.Linq.ExpressionQuery`1.GetForEachAsync(Action`1 action, CancellationToken cancellationToken)
   at LinqToDB.Linq.ExpressionQuery`1.GetForEachAsync(Action`1 action, CancellationToken cancellationToken)
   at LinqToDB.AsyncExtensions.ToListAsync[TSource](IQueryable`1 source, CancellationToken token)
   at VSW.Website.TagHelpers.ProductTagHelper.ProcessAsync(TagHelperContext context, TagHelperOutput output) in C:\Users\ADMIN\OneDrive\Desktop\Obibi\VSW.Website\TagHelpers\Component\ProductTagHelper.cs:line 62
   at Microsoft.AspNetCore.Razor.Runtime.TagHelpers.TagHelperRunner.<RunAsync>g__Awaited|0_0(Task task, TagHelperExecutionContext executionContext, Int32 i, Int32 count)
   at AspNetCoreGeneratedDocument.Views_Shared_DefaultMarster.<ExecuteAsync>b__72_1() in C:\Users\ADMIN\OneDrive\Desktop\Obibi\VSW.Website\Views\Shared\DefaultMarster.cshtml:line 0
   at Microsoft.AspNetCore.Razor.Runtime.TagHelpers.TagHelperExecutionContext.SetOutputContentAsync()
   at AspNetCoreGeneratedDocument.Views_Shared_DefaultMarster.ExecuteAsync()
   at Microsoft.AspNetCore.Mvc.Razor.RazorView.RenderPageCoreAsync(IRazorPage page, ViewContext context)
   at Microsoft.AspNetCore.Mvc.Razor.RazorView.RenderPageAsync(IRazorPage page, ViewContext context, Boolean invokeViewStarts)
   at Microsoft.AspNetCore.Mvc.Razor.RazorView.RenderLayoutAsync(ViewContext context, ViewBufferTextWriter bodyWriter)
   at Microsoft.AspNetCore.Mvc.Razor.RazorView.RenderAsync(ViewContext context)
   at Microsoft.AspNetCore.Mvc.ViewFeatures.ViewExecutor.ExecuteAsync(ViewContext viewContext, String contentType, Nullable`1 statusCode)
   at Microsoft.AspNetCore.Mvc.ViewFeatures.ViewExecutor.ExecuteAsync(ViewContext viewContext, String contentType, Nullable`1 statusCode)
   at Microsoft.AspNetCore.Mvc.ViewFeatures.ViewExecutor.ExecuteAsync(ActionContext actionContext, IView view, ViewDataDictionary viewData, ITempDataDictionary tempData, String contentType, Nullable`1 statusCode)
   at Microsoft.AspNetCore.Mvc.ViewFeatures.ViewResultExecutor.ExecuteAsync(ActionContext context, ViewResult result)
   at Microsoft.AspNetCore.Mvc.ViewResult.ExecuteResultAsync(ActionContext context)
   at Microsoft.AspNetCore.Mvc.Infrastructure.ResourceInvoker.<InvokeNextResultFilterAsync>g__Awaited|30_0[TFilter,TFilterAsync](ResourceInvoker invoker, Task lastTask, State next, Scope scope, Object state, Boolean isCompleted)
   at Microsoft.AspNetCore.Mvc.Infrastructure.ResourceInvoker.Rethrow(ResultExecutedContextSealed context)
   at Microsoft.AspNetCore.Mvc.Infrastructure.ResourceInvoker.ResultNext[TFilter,TFilterAsync](State& next, Scope& scope, Object& state, Boolean& isCompleted)
   at Microsoft.AspNetCore.Mvc.Infrastructure.ResourceInvoker.<InvokeResultFilters>g__Awaited|28_0(ResourceInvoker invoker, Task lastTask, State next, Scope scope, Object state, Boolean isCompleted)
   at Microsoft.AspNetCore.Mvc.Infrastructure.ResourceInvoker.<InvokeNextResourceFilter>g__Awaited|25_0(ResourceInvoker invoker, Task lastTask, State next, Scope scope, Object state, Boolean isCompleted)
   at Microsoft.AspNetCore.Mvc.Infrastructure.ResourceInvoker.Rethrow(ResourceExecutedContextSealed context)
   at Microsoft.AspNetCore.Mvc.Infrastructure.ResourceInvoker.Next(State& next, Scope& scope, Object& state, Boolean& isCompleted)
   at Microsoft.AspNetCore.Mvc.Infrastructure.ResourceInvoker.<InvokeFilterPipelineAsync>g__Awaited|20_0(ResourceInvoker invoker, Task lastTask, State next, Scope scope, Object state, Boolean isCompleted)
   at Microsoft.AspNetCore.Mvc.Infrastructure.ResourceInvoker.<InvokeAsync>g__Awaited|17_0(ResourceInvoker invoker, Task task, IDisposable scope)
   at Microsoft.AspNetCore.Mvc.Infrastructure.ResourceInvoker.<InvokeAsync>g__Awaited|17_0(ResourceInvoker invoker, Task task, IDisposable scope)
   at Microsoft.AspNetCore.Routing.EndpointMiddleware.<Invoke>g__AwaitRequestTask|6_0(Endpoint endpoint, Task requestTask, ILogger logger)
   at VSW.Website.Middleware.DynamicRouteMiddleware.Invoke(HttpContext context, ISiteServiceInterface siteService, IPageServiceInterface pageService, ITemplateServiceInterface templateService) in C:\Users\ADMIN\OneDrive\Desktop\Obibi\VSW.Website\Middleware\DynamicRouteMiddleware.cs:line 91
   at Microsoft.AspNetCore.Localization.RequestLocalizationMiddleware.Invoke(HttpContext context)
   at Microsoft.AspNetCore.Session.SessionMiddleware.Invoke(HttpContext context)
   at Microsoft.AspNetCore.Session.SessionMiddleware.Invoke(HttpContext context)
   at Microsoft.AspNetCore.Diagnostics.StatusCodePagesMiddleware.Invoke(HttpContext context)
   at Microsoft.AspNetCore.Diagnostics.DeveloperExceptionPageMiddleware.Invoke(HttpContext context)
ClientConnectionId:3bfd6c3b-1b80-4aa6-97d8-82ba2730e5b1
Error Number:-2,State:0,Class:11
2025-05-11 17:03:47.752 +07:00 [DBG] [AppLoader] Starting Application...
2025-05-11 17:03:48.022 +07:00 [DBG] [AppLoader] Configuring Services Application...
2025-05-11 17:03:48.308 +07:00 [DBG] [AppLoader] Configuring Application...
2025-05-11 17:03:48.415 +07:00 [DBG] [AppLoader] Starting Modules Application...
2025-05-11 17:03:48.416 +07:00 [DBG] [AppLoader] Started Application...
2025-05-11 17:05:02.310 +07:00 [DBG] [AppLoader] Starting Application...
2025-05-11 17:05:02.583 +07:00 [DBG] [AppLoader] Configuring Services Application...
2025-05-11 17:05:02.825 +07:00 [DBG] [AppLoader] Configuring Application...
2025-05-11 17:05:02.938 +07:00 [DBG] [AppLoader] Starting Modules Application...
2025-05-11 17:05:02.939 +07:00 [DBG] [AppLoader] Started Application...
2025-05-11 17:06:18.635 +07:00 [DBG] [AppLoader] Starting Application...
2025-05-11 17:06:18.972 +07:00 [DBG] [AppLoader] Configuring Services Application...
2025-05-11 17:06:19.371 +07:00 [DBG] [AppLoader] Configuring Application...
2025-05-11 17:06:19.540 +07:00 [DBG] [AppLoader] Starting Modules Application...
2025-05-11 17:06:19.543 +07:00 [DBG] [AppLoader] Started Application...
2025-05-11 17:07:30.316 +07:00 [DBG] [AppLoader] Starting Application...
2025-05-11 17:07:30.553 +07:00 [DBG] [AppLoader] Configuring Services Application...
2025-05-11 17:07:30.795 +07:00 [DBG] [AppLoader] Configuring Application...
2025-05-11 17:07:30.898 +07:00 [DBG] [AppLoader] Starting Modules Application...
2025-05-11 17:07:30.899 +07:00 [DBG] [AppLoader] Started Application...
2025-05-11 17:08:37.155 +07:00 [DBG] [AppLoader] Starting Application...
2025-05-11 17:08:37.345 +07:00 [DBG] [AppLoader] Configuring Services Application...
2025-05-11 17:08:37.578 +07:00 [DBG] [AppLoader] Configuring Application...
2025-05-11 17:08:37.686 +07:00 [DBG] [AppLoader] Starting Modules Application...
2025-05-11 17:08:37.687 +07:00 [DBG] [AppLoader] Started Application...
2025-05-11 17:11:44.350 +07:00 [DBG] [AppLoader] Starting Application...
2025-05-11 17:11:44.697 +07:00 [DBG] [AppLoader] Configuring Services Application...
2025-05-11 17:11:45.081 +07:00 [DBG] [AppLoader] Configuring Application...
2025-05-11 17:11:45.240 +07:00 [DBG] [AppLoader] Starting Modules Application...
2025-05-11 17:11:45.241 +07:00 [DBG] [AppLoader] Started Application...
2025-05-11 20:48:02.137 +07:00 [DBG] [AppLoader] Starting Application...
2025-05-11 20:48:03.025 +07:00 [DBG] [AppLoader] Configuring Services Application...
2025-05-11 20:48:04.007 +07:00 [DBG] [AppLoader] Configuring Application...
2025-05-11 20:48:04.237 +07:00 [DBG] [AppLoader] Starting Modules Application...
2025-05-11 20:48:04.238 +07:00 [DBG] [AppLoader] Started Application...
2025-05-11 21:41:28.449 +07:00 [DBG] [AppLoader] Starting Application...
2025-05-11 21:41:28.737 +07:00 [DBG] [AppLoader] Configuring Services Application...
2025-05-11 21:41:29.068 +07:00 [DBG] [AppLoader] Configuring Application...
2025-05-11 21:41:29.222 +07:00 [DBG] [AppLoader] Starting Modules Application...
2025-05-11 21:41:29.223 +07:00 [DBG] [AppLoader] Started Application...
2025-05-11 21:42:21.543 +07:00 [DBG] [AppLoader] Starting Application...
2025-05-11 21:42:23.290 +07:00 [DBG] [AppLoader] Configuring Services Application...
2025-05-11 21:42:25.117 +07:00 [DBG] [AppLoader] Configuring Application...
2025-05-11 21:42:25.570 +07:00 [DBG] [AppLoader] Starting Modules Application...
2025-05-11 21:42:25.572 +07:00 [DBG] [AppLoader] Started Application...
2025-05-11 21:46:11.368 +07:00 [DBG] [AppLoader] Starting Application...
2025-05-11 21:46:14.268 +07:00 [DBG] [AppLoader] Configuring Services Application...
2025-05-11 21:46:16.795 +07:00 [DBG] [AppLoader] Configuring Application...
2025-05-11 21:46:17.233 +07:00 [DBG] [AppLoader] Starting Modules Application...
2025-05-11 21:46:17.235 +07:00 [DBG] [AppLoader] Started Application...
2025-05-11 22:01:28.108 +07:00 [DBG] [AppLoader] Starting Application...
2025-05-11 22:01:28.495 +07:00 [DBG] [AppLoader] Configuring Services Application...
2025-05-11 22:01:29.180 +07:00 [DBG] [AppLoader] Configuring Application...
2025-05-11 22:01:29.490 +07:00 [DBG] [AppLoader] Starting Modules Application...
2025-05-11 22:01:29.492 +07:00 [DBG] [AppLoader] Started Application...
2025-05-11 22:01:35.519 +07:00 [ERR] An unhandled exception has occurred while executing the request.
System.Data.SqlClient.SqlException (0x80131904): The multi-part identifier "m.MenuID" could not be bound.
The multi-part identifier "m.BrandID" could not be bound.
   at System.Data.SqlClient.SqlCommand.<>c.<ExecuteDbDataReaderAsync>b__126_0(Task`1 result)
   at System.Threading.Tasks.ContinuationResultTaskFromResultTask`2.InnerInvoke()
   at System.Threading.Tasks.Task.<>c.<.cctor>b__272_0(Object obj)
   at System.Threading.ExecutionContext.RunInternal(ExecutionContext executionContext, ContextCallback callback, Object state)
--- End of stack trace from previous location ---
   at System.Threading.ExecutionContext.RunInternal(ExecutionContext executionContext, ContextCallback callback, Object state)
   at System.Threading.Tasks.Task.ExecuteWithThreadLocal(Task& currentTaskSlot, Thread threadPoolThread)
--- End of stack trace from previous location ---
   at LinqToDB.Data.DataConnection.ExecuteReaderAsync(CommandBehavior commandBehavior, CancellationToken cancellationToken)
   at LinqToDB.Data.DataConnection.ExecuteReaderAsync(CommandBehavior commandBehavior, CancellationToken cancellationToken)
   at LinqToDB.Data.DataConnection.ExecuteDataReaderAsync(CommandBehavior commandBehavior, CancellationToken cancellationToken)
   at LinqToDB.Data.DataConnection.ExecuteDataReaderAsync(CommandBehavior commandBehavior, CancellationToken cancellationToken)
   at LinqToDB.Data.CommandInfo.QueryForEachAsync[T](Action`1 action, CancellationToken cancellationToken)
   at LinqToDB.Data.CommandInfo.QueryForEachAsync[T](Action`1 action, CancellationToken cancellationToken)
   at LinqToDB.Data.CommandInfo.QueryToListAsync[T](CancellationToken cancellationToken)
   at VSW.Core.Services.SqlRepository.QueryAsync[T](String sqlText, DataParameter[] parameters, UnitOfWork uow) in C:\Users\ADMIN\OneDrive\Desktop\Obibi\Core\VSW.Core.Services\Datasources\SqlRepositories\SqlRepository.cs:line 181
   at VSW.Core.Services.SqlCommandExecutor.QueryAsync[T](UnitOfWork uow) in C:\Users\ADMIN\OneDrive\Desktop\Obibi\Core\VSW.Core.Services\Datasources\SqlRepositories\SqlCommandExecutor.cs:line 101
   at VSW.Website.TagHelpers.MenuMultiTagHelper.ProcessAsync(TagHelperContext context, TagHelperOutput output) in C:\Users\ADMIN\OneDrive\Desktop\Obibi\VSW.Website\TagHelpers\Component\MenuMultiLevelTagHelper.cs:line 81
   at Microsoft.AspNetCore.Razor.Runtime.TagHelpers.TagHelperRunner.<RunAsync>g__Awaited|0_0(Task task, TagHelperExecutionContext executionContext, Int32 i, Int32 count)
   at AspNetCoreGeneratedDocument.Views_Shared_DefaultMarster.<ExecuteAsync>b__65_1() in C:\Users\ADMIN\OneDrive\Desktop\Obibi\VSW.Website\Views\Shared\DefaultMarster.cshtml:line 0
   at Microsoft.AspNetCore.Razor.Runtime.TagHelpers.TagHelperExecutionContext.SetOutputContentAsync()
   at AspNetCoreGeneratedDocument.Views_Shared_DefaultMarster.ExecuteAsync()
   at Microsoft.AspNetCore.Mvc.Razor.RazorView.RenderPageCoreAsync(IRazorPage page, ViewContext context)
   at Microsoft.AspNetCore.Mvc.Razor.RazorView.RenderPageAsync(IRazorPage page, ViewContext context, Boolean invokeViewStarts)
   at Microsoft.AspNetCore.Mvc.Razor.RazorView.RenderLayoutAsync(ViewContext context, ViewBufferTextWriter bodyWriter)
   at Microsoft.AspNetCore.Mvc.Razor.RazorView.RenderAsync(ViewContext context)
   at Microsoft.AspNetCore.Mvc.ViewFeatures.ViewExecutor.ExecuteAsync(ViewContext viewContext, String contentType, Nullable`1 statusCode)
   at Microsoft.AspNetCore.Mvc.ViewFeatures.ViewExecutor.ExecuteAsync(ViewContext viewContext, String contentType, Nullable`1 statusCode)
   at Microsoft.AspNetCore.Mvc.ViewFeatures.ViewExecutor.ExecuteAsync(ActionContext actionContext, IView view, ViewDataDictionary viewData, ITempDataDictionary tempData, String contentType, Nullable`1 statusCode)
   at Microsoft.AspNetCore.Mvc.ViewFeatures.ViewResultExecutor.ExecuteAsync(ActionContext context, ViewResult result)
   at Microsoft.AspNetCore.Mvc.ViewResult.ExecuteResultAsync(ActionContext context)
   at Microsoft.AspNetCore.Mvc.Infrastructure.ResourceInvoker.<InvokeNextResultFilterAsync>g__Awaited|30_0[TFilter,TFilterAsync](ResourceInvoker invoker, Task lastTask, State next, Scope scope, Object state, Boolean isCompleted)
   at Microsoft.AspNetCore.Mvc.Infrastructure.ResourceInvoker.Rethrow(ResultExecutedContextSealed context)
   at Microsoft.AspNetCore.Mvc.Infrastructure.ResourceInvoker.ResultNext[TFilter,TFilterAsync](State& next, Scope& scope, Object& state, Boolean& isCompleted)
   at Microsoft.AspNetCore.Mvc.Infrastructure.ResourceInvoker.<InvokeResultFilters>g__Awaited|28_0(ResourceInvoker invoker, Task lastTask, State next, Scope scope, Object state, Boolean isCompleted)
   at Microsoft.AspNetCore.Mvc.Infrastructure.ResourceInvoker.<InvokeNextResourceFilter>g__Awaited|25_0(ResourceInvoker invoker, Task lastTask, State next, Scope scope, Object state, Boolean isCompleted)
   at Microsoft.AspNetCore.Mvc.Infrastructure.ResourceInvoker.Rethrow(ResourceExecutedContextSealed context)
   at Microsoft.AspNetCore.Mvc.Infrastructure.ResourceInvoker.Next(State& next, Scope& scope, Object& state, Boolean& isCompleted)
   at Microsoft.AspNetCore.Mvc.Infrastructure.ResourceInvoker.<InvokeFilterPipelineAsync>g__Awaited|20_0(ResourceInvoker invoker, Task lastTask, State next, Scope scope, Object state, Boolean isCompleted)
   at Microsoft.AspNetCore.Mvc.Infrastructure.ResourceInvoker.<InvokeAsync>g__Awaited|17_0(ResourceInvoker invoker, Task task, IDisposable scope)
   at Microsoft.AspNetCore.Mvc.Infrastructure.ResourceInvoker.<InvokeAsync>g__Awaited|17_0(ResourceInvoker invoker, Task task, IDisposable scope)
   at Microsoft.AspNetCore.Routing.EndpointMiddleware.<Invoke>g__AwaitRequestTask|6_0(Endpoint endpoint, Task requestTask, ILogger logger)
   at VSW.Website.Middleware.DynamicRouteMiddleware.Invoke(HttpContext context, ISiteServiceInterface siteService, IPageServiceInterface pageService, ITemplateServiceInterface templateService) in C:\Users\ADMIN\OneDrive\Desktop\Obibi\VSW.Website\Middleware\DynamicRouteMiddleware.cs:line 105
   at Microsoft.AspNetCore.Localization.RequestLocalizationMiddleware.Invoke(HttpContext context)
   at Microsoft.AspNetCore.Session.SessionMiddleware.Invoke(HttpContext context)
   at Microsoft.AspNetCore.Session.SessionMiddleware.Invoke(HttpContext context)
   at Microsoft.AspNetCore.Diagnostics.StatusCodePagesMiddleware.Invoke(HttpContext context)
   at Microsoft.AspNetCore.Diagnostics.DeveloperExceptionPageMiddleware.Invoke(HttpContext context)
ClientConnectionId:f2d98dc5-05fc-4089-b2d5-8f821116317a
Error Number:4104,State:1,Class:16
