2025-05-08 22:04:25.084 +07:00 [DBG] [AppLoader] Starting Application...
2025-05-08 22:04:26.473 +07:00 [DBG] [AppLoader] Configuring Services Application...
2025-05-08 22:04:27.936 +07:00 [DBG] [AppLoader] Configuring Application...
2025-05-08 22:04:28.449 +07:00 [DBG] [AppLoader] Starting Modules Application...
2025-05-08 22:04:28.450 +07:00 [DBG] [AppLoader] Started Application...
2025-05-08 22:46:10.642 +07:00 [DBG] [AppLoader] Starting Application...
2025-05-08 22:46:11.790 +07:00 [DBG] [AppLoader] Configuring Services Application...
2025-05-08 22:46:12.225 +07:00 [DBG] [AppLoader] Configuring Application...
2025-05-08 22:46:12.338 +07:00 [DBG] [AppLoader] Starting Modules Application...
2025-05-08 22:46:12.340 +07:00 [DBG] [AppLoader] Started Application...
2025-05-08 22:47:02.040 +07:00 [ERR] An unhandled exception has occurred while executing the request.
System.Data.SqlClient.SqlException (0x80131904): Timeout expired.  The timeout period elapsed prior to completion of the operation or the server is not responding.
 ---> System.ComponentModel.Win32Exception (258): The wait operation timed out.
   at System.Data.SqlClient.SqlCommand.<>c.<ExecuteDbDataReaderAsync>b__126_0(Task`1 result)
   at System.Threading.Tasks.ContinuationResultTaskFromResultTask`2.InnerInvoke()
   at System.Threading.Tasks.Task.<>c.<.cctor>b__272_0(Object obj)
   at System.Threading.ExecutionContext.RunInternal(ExecutionContext executionContext, ContextCallback callback, Object state)
--- End of stack trace from previous location ---
   at System.Threading.Tasks.Task.ExecuteWithThreadLocal(Task& currentTaskSlot, Thread threadPoolThread)
--- End of stack trace from previous location ---
   at LinqToDB.Data.DataConnection.ExecuteReaderAsync(CommandBehavior commandBehavior, CancellationToken cancellationToken)
   at LinqToDB.Data.DataConnection.ExecuteReaderAsync(CommandBehavior commandBehavior, CancellationToken cancellationToken)
   at LinqToDB.Data.DataConnection.ExecuteDataReaderAsync(CommandBehavior commandBehavior, CancellationToken cancellationToken)
   at LinqToDB.Data.DataConnection.ExecuteDataReaderAsync(CommandBehavior commandBehavior, CancellationToken cancellationToken)
   at LinqToDB.Data.CommandInfo.QueryForEachAsync[T](Action`1 action, CancellationToken cancellationToken)
   at LinqToDB.Data.CommandInfo.QueryForEachAsync[T](Action`1 action, CancellationToken cancellationToken)
   at LinqToDB.Data.CommandInfo.QueryToListAsync[T](CancellationToken cancellationToken)
   at VSW.Core.Services.SqlRepository.QueryAsync[T](String sqlText, DataParameter[] parameters, UnitOfWork uow) in C:\Users\ADMIN\OneDrive\Desktop\Obibi\Core\VSW.Core.Services\Datasources\SqlRepositories\SqlRepository.cs:line 181
   at VSW.Core.Services.SqlCommandExecutor.QueryAsync[T](UnitOfWork uow) in C:\Users\ADMIN\OneDrive\Desktop\Obibi\Core\VSW.Core.Services\Datasources\SqlRepositories\SqlCommandExecutor.cs:line 101
   at VSW.Website.TagHelpers.Component.ProductTagHelper.ProcessAsync(TagHelperContext context, TagHelperOutput output) in C:\Users\ADMIN\OneDrive\Desktop\Obibi\VSW.Website\TagHelpers\Component\ProductTagHelper.cs:line 94
   at Microsoft.AspNetCore.Razor.Runtime.TagHelpers.TagHelperRunner.<RunAsync>g__Awaited|0_0(Task task, TagHelperExecutionContext executionContext, Int32 i, Int32 count)
   at AspNetCoreGeneratedDocument.Views_Shared_DefaultMarster.<ExecuteAsync>b__55_1() in C:\Users\ADMIN\OneDrive\Desktop\Obibi\VSW.Website\Views\Shared\DefaultMarster.cshtml:line 0
   at Microsoft.AspNetCore.Razor.Runtime.TagHelpers.TagHelperExecutionContext.SetOutputContentAsync()
   at AspNetCoreGeneratedDocument.Views_Shared_DefaultMarster.ExecuteAsync()
   at Microsoft.AspNetCore.Mvc.Razor.RazorView.RenderPageCoreAsync(IRazorPage page, ViewContext context)
   at Microsoft.AspNetCore.Mvc.Razor.RazorView.RenderPageAsync(IRazorPage page, ViewContext context, Boolean invokeViewStarts)
   at Microsoft.AspNetCore.Mvc.Razor.RazorView.RenderLayoutAsync(ViewContext context, ViewBufferTextWriter bodyWriter)
   at Microsoft.AspNetCore.Mvc.Razor.RazorView.RenderAsync(ViewContext context)
   at Microsoft.AspNetCore.Mvc.ViewFeatures.ViewExecutor.ExecuteAsync(ViewContext viewContext, String contentType, Nullable`1 statusCode)
   at Microsoft.AspNetCore.Mvc.ViewFeatures.ViewExecutor.ExecuteAsync(ViewContext viewContext, String contentType, Nullable`1 statusCode)
   at Microsoft.AspNetCore.Mvc.ViewFeatures.ViewExecutor.ExecuteAsync(ActionContext actionContext, IView view, ViewDataDictionary viewData, ITempDataDictionary tempData, String contentType, Nullable`1 statusCode)
   at Microsoft.AspNetCore.Mvc.ViewFeatures.ViewResultExecutor.ExecuteAsync(ActionContext context, ViewResult result)
   at Microsoft.AspNetCore.Mvc.ViewResult.ExecuteResultAsync(ActionContext context)
   at Microsoft.AspNetCore.Mvc.Infrastructure.ResourceInvoker.<InvokeNextResultFilterAsync>g__Awaited|30_0[TFilter,TFilterAsync](ResourceInvoker invoker, Task lastTask, State next, Scope scope, Object state, Boolean isCompleted)
   at Microsoft.AspNetCore.Mvc.Infrastructure.ResourceInvoker.Rethrow(ResultExecutedContextSealed context)
   at Microsoft.AspNetCore.Mvc.Infrastructure.ResourceInvoker.ResultNext[TFilter,TFilterAsync](State& next, Scope& scope, Object& state, Boolean& isCompleted)
   at Microsoft.AspNetCore.Mvc.Infrastructure.ResourceInvoker.<InvokeResultFilters>g__Awaited|28_0(ResourceInvoker invoker, Task lastTask, State next, Scope scope, Object state, Boolean isCompleted)
   at Microsoft.AspNetCore.Mvc.Infrastructure.ResourceInvoker.<InvokeNextResourceFilter>g__Awaited|25_0(ResourceInvoker invoker, Task lastTask, State next, Scope scope, Object state, Boolean isCompleted)
   at Microsoft.AspNetCore.Mvc.Infrastructure.ResourceInvoker.Rethrow(ResourceExecutedContextSealed context)
   at Microsoft.AspNetCore.Mvc.Infrastructure.ResourceInvoker.Next(State& next, Scope& scope, Object& state, Boolean& isCompleted)
   at Microsoft.AspNetCore.Mvc.Infrastructure.ResourceInvoker.<InvokeFilterPipelineAsync>g__Awaited|20_0(ResourceInvoker invoker, Task lastTask, State next, Scope scope, Object state, Boolean isCompleted)
   at Microsoft.AspNetCore.Mvc.Infrastructure.ResourceInvoker.<InvokeAsync>g__Awaited|17_0(ResourceInvoker invoker, Task task, IDisposable scope)
   at Microsoft.AspNetCore.Mvc.Infrastructure.ResourceInvoker.<InvokeAsync>g__Awaited|17_0(ResourceInvoker invoker, Task task, IDisposable scope)
   at Microsoft.AspNetCore.Routing.EndpointMiddleware.<Invoke>g__AwaitRequestTask|6_0(Endpoint endpoint, Task requestTask, ILogger logger)
   at VSW.Website.Middleware.DynamicRouteMiddleware.Invoke(HttpContext context, ISiteServiceInterface siteService, IPageServiceInterface pageService, ITemplateServiceInterface templateService) in C:\Users\ADMIN\OneDrive\Desktop\Obibi\VSW.Website\Middleware\DynamicRouteMiddleware.cs:line 90
   at Microsoft.AspNetCore.Localization.RequestLocalizationMiddleware.Invoke(HttpContext context)
   at Microsoft.AspNetCore.Session.SessionMiddleware.Invoke(HttpContext context)
   at Microsoft.AspNetCore.Session.SessionMiddleware.Invoke(HttpContext context)
   at Microsoft.AspNetCore.Diagnostics.StatusCodePagesMiddleware.Invoke(HttpContext context)
   at Microsoft.AspNetCore.Diagnostics.DeveloperExceptionPageMiddleware.Invoke(HttpContext context)
ClientConnectionId:10152080-43e7-499e-b196-485848c012c4
Error Number:-2,State:0,Class:11
2025-05-08 22:47:25.018 +07:00 [DBG] [AppLoader] Starting Application...
2025-05-08 22:47:26.453 +07:00 [DBG] [AppLoader] Configuring Services Application...
2025-05-08 22:47:27.640 +07:00 [DBG] [AppLoader] Configuring Application...
2025-05-08 22:47:27.947 +07:00 [DBG] [AppLoader] Starting Modules Application...
2025-05-08 22:47:27.948 +07:00 [DBG] [AppLoader] Started Application...
2025-05-08 22:52:02.280 +07:00 [DBG] [AppLoader] Starting Application...
2025-05-08 22:52:03.563 +07:00 [DBG] [AppLoader] Configuring Services Application...
2025-05-08 22:52:04.097 +07:00 [DBG] [AppLoader] Configuring Application...
2025-05-08 22:52:04.240 +07:00 [DBG] [AppLoader] Starting Modules Application...
2025-05-08 22:52:04.241 +07:00 [DBG] [AppLoader] Started Application...
2025-05-08 22:54:57.182 +07:00 [DBG] [AppLoader] Starting Application...
2025-05-08 22:54:58.382 +07:00 [DBG] [AppLoader] Configuring Services Application...
2025-05-08 22:54:58.714 +07:00 [DBG] [AppLoader] Configuring Application...
2025-05-08 22:54:58.813 +07:00 [DBG] [AppLoader] Starting Modules Application...
2025-05-08 22:54:58.814 +07:00 [DBG] [AppLoader] Started Application...
2025-05-08 23:04:30.714 +07:00 [DBG] [AppLoader] Starting Application...
2025-05-08 23:04:31.875 +07:00 [DBG] [AppLoader] Configuring Services Application...
2025-05-08 23:04:32.421 +07:00 [DBG] [AppLoader] Configuring Application...
2025-05-08 23:04:32.558 +07:00 [DBG] [AppLoader] Starting Modules Application...
2025-05-08 23:04:32.559 +07:00 [DBG] [AppLoader] Started Application...
2025-05-08 23:07:23.881 +07:00 [DBG] [AppLoader] Starting Application...
2025-05-08 23:07:25.395 +07:00 [DBG] [AppLoader] Configuring Services Application...
2025-05-08 23:07:26.021 +07:00 [DBG] [AppLoader] Configuring Application...
2025-05-08 23:07:26.199 +07:00 [DBG] [AppLoader] Starting Modules Application...
2025-05-08 23:07:26.200 +07:00 [DBG] [AppLoader] Started Application...
