2025-05-04 07:29:13.182 +07:00 [DBG] [AppLoader] Starting Application...
2025-05-04 07:29:13.851 +07:00 [DBG] [AppLoader] Configuring Services Application...
2025-05-04 07:29:15.783 +07:00 [DBG] [AppLoader] Configuring Application...
2025-05-04 07:29:16.519 +07:00 [DBG] [AppLoader] Starting Modules Application...
2025-05-04 07:29:16.521 +07:00 [DBG] [AppLoader] Started Application...
2025-05-04 07:40:40.949 +07:00 [DBG] [AppLoader] Starting Application...
2025-05-04 07:40:41.340 +07:00 [DBG] [AppLoader] Configuring Services Application...
2025-05-04 07:40:41.851 +07:00 [DBG] [AppLoader] Configuring Application...
2025-05-04 07:40:41.976 +07:00 [DBG] [AppLoader] Starting Modules Application...
2025-05-04 07:40:41.977 +07:00 [DBG] [AppLoader] Started Application...
2025-05-04 07:46:48.645 +07:00 [DBG] [AppLoader] Starting Application...
2025-05-04 07:46:49.057 +07:00 [DBG] [AppLoader] Configuring Services Application...
2025-05-04 07:46:49.636 +07:00 [DBG] [AppLoader] Configuring Application...
2025-05-04 07:46:49.800 +07:00 [DBG] [AppLoader] Starting Modules Application...
2025-05-04 07:46:49.801 +07:00 [DBG] [AppLoader] Started Application...
2025-05-04 14:03:13.263 +07:00 [DBG] [AppLoader] Starting Application...
2025-05-04 14:03:13.693 +07:00 [DBG] [AppLoader] Configuring Services Application...
2025-05-04 14:03:16.077 +07:00 [DBG] [AppLoader] Configuring Application...
2025-05-04 14:03:17.022 +07:00 [DBG] [AppLoader] Starting Modules Application...
2025-05-04 14:03:17.024 +07:00 [DBG] [AppLoader] Started Application...
2025-05-04 14:11:58.591 +07:00 [DBG] [AppLoader] Starting Application...
2025-05-04 14:11:58.865 +07:00 [DBG] [AppLoader] Configuring Services Application...
2025-05-04 14:11:59.136 +07:00 [DBG] [AppLoader] Configuring Application...
2025-05-04 14:11:59.239 +07:00 [DBG] [AppLoader] Starting Modules Application...
2025-05-04 14:11:59.242 +07:00 [DBG] [AppLoader] Started Application...
2025-05-04 14:12:23.300 +07:00 [DBG] [AppLoader] Starting Application...
2025-05-04 14:12:23.558 +07:00 [DBG] [AppLoader] Configuring Services Application...
2025-05-04 14:12:23.791 +07:00 [DBG] [AppLoader] Configuring Application...
2025-05-04 14:12:23.859 +07:00 [DBG] [AppLoader] Starting Modules Application...
2025-05-04 14:12:23.860 +07:00 [DBG] [AppLoader] Started Application...
2025-05-04 14:53:02.208 +07:00 [DBG] [AppLoader] Starting Application...
2025-05-04 14:53:02.588 +07:00 [DBG] [AppLoader] Configuring Services Application...
2025-05-04 14:53:02.950 +07:00 [DBG] [AppLoader] Configuring Application...
2025-05-04 14:53:03.049 +07:00 [DBG] [AppLoader] Starting Modules Application...
2025-05-04 14:53:03.050 +07:00 [DBG] [AppLoader] Started Application...
2025-05-04 14:54:52.233 +07:00 [DBG] [AppLoader] Starting Application...
2025-05-04 14:54:52.455 +07:00 [DBG] [AppLoader] Configuring Services Application...
2025-05-04 14:54:52.698 +07:00 [DBG] [AppLoader] Configuring Application...
2025-05-04 14:54:52.772 +07:00 [DBG] [AppLoader] Starting Modules Application...
2025-05-04 14:54:52.773 +07:00 [DBG] [AppLoader] Started Application...
2025-05-04 14:59:55.401 +07:00 [DBG] [AppLoader] Starting Application...
2025-05-04 14:59:55.730 +07:00 [DBG] [AppLoader] Configuring Services Application...
2025-05-04 14:59:56.223 +07:00 [DBG] [AppLoader] Configuring Application...
2025-05-04 14:59:56.447 +07:00 [DBG] [AppLoader] Starting Modules Application...
2025-05-04 14:59:56.477 +07:00 [DBG] [AppLoader] Started Application...
2025-05-04 15:15:52.903 +07:00 [DBG] [AppLoader] Starting Application...
2025-05-04 15:15:53.154 +07:00 [DBG] [AppLoader] Configuring Services Application...
2025-05-04 15:15:53.492 +07:00 [DBG] [AppLoader] Configuring Application...
2025-05-04 15:15:53.606 +07:00 [DBG] [AppLoader] Starting Modules Application...
2025-05-04 15:15:53.607 +07:00 [DBG] [AppLoader] Started Application...
2025-05-04 15:17:08.033 +07:00 [DBG] [AppLoader] Starting Application...
2025-05-04 15:17:08.262 +07:00 [DBG] [AppLoader] Configuring Services Application...
2025-05-04 15:17:08.486 +07:00 [DBG] [AppLoader] Configuring Application...
2025-05-04 15:17:08.579 +07:00 [DBG] [AppLoader] Starting Modules Application...
2025-05-04 15:17:08.580 +07:00 [DBG] [AppLoader] Started Application...
2025-05-04 15:17:52.378 +07:00 [DBG] [AppLoader] Starting Application...
2025-05-04 15:17:52.639 +07:00 [DBG] [AppLoader] Configuring Services Application...
2025-05-04 15:17:52.916 +07:00 [DBG] [AppLoader] Configuring Application...
2025-05-04 15:17:53.000 +07:00 [DBG] [AppLoader] Starting Modules Application...
2025-05-04 15:17:53.001 +07:00 [DBG] [AppLoader] Started Application...
2025-05-04 15:21:33.743 +07:00 [DBG] [AppLoader] Starting Application...
2025-05-04 15:21:34.242 +07:00 [DBG] [AppLoader] Configuring Services Application...
2025-05-04 15:21:34.699 +07:00 [DBG] [AppLoader] Configuring Application...
2025-05-04 15:21:34.816 +07:00 [DBG] [AppLoader] Starting Modules Application...
2025-05-04 15:21:34.817 +07:00 [DBG] [AppLoader] Started Application...
2025-05-04 15:21:53.922 +07:00 [DBG] [AppLoader] Starting Application...
2025-05-04 15:21:54.231 +07:00 [DBG] [AppLoader] Configuring Services Application...
2025-05-04 15:21:54.558 +07:00 [DBG] [AppLoader] Configuring Application...
2025-05-04 15:21:54.646 +07:00 [DBG] [AppLoader] Starting Modules Application...
2025-05-04 15:21:54.647 +07:00 [DBG] [AppLoader] Started Application...
2025-05-04 15:24:04.930 +07:00 [DBG] [AppLoader] Starting Application...
2025-05-04 15:24:05.252 +07:00 [DBG] [AppLoader] Configuring Services Application...
2025-05-04 15:24:05.532 +07:00 [DBG] [AppLoader] Configuring Application...
2025-05-04 15:24:05.620 +07:00 [DBG] [AppLoader] Starting Modules Application...
2025-05-04 15:24:05.621 +07:00 [DBG] [AppLoader] Started Application...
2025-05-04 15:27:09.989 +07:00 [DBG] [AppLoader] Starting Application...
2025-05-04 15:27:10.257 +07:00 [DBG] [AppLoader] Configuring Services Application...
2025-05-04 15:27:10.500 +07:00 [DBG] [AppLoader] Configuring Application...
2025-05-04 15:27:10.572 +07:00 [DBG] [AppLoader] Starting Modules Application...
2025-05-04 15:27:10.573 +07:00 [DBG] [AppLoader] Started Application...
2025-05-04 22:41:00.829 +07:00 [DBG] [AppLoader] Starting Application...
2025-05-04 22:41:02.282 +07:00 [DBG] [AppLoader] Configuring Services Application...
2025-05-04 22:41:04.524 +07:00 [DBG] [AppLoader] Configuring Application...
2025-05-04 22:41:05.316 +07:00 [DBG] [AppLoader] Starting Modules Application...
2025-05-04 22:41:05.317 +07:00 [DBG] [AppLoader] Started Application...
